2024-01-12 13:04:52,640 [INFO] Activator:176 - 


2024-01-12 13:04:52,642 [INFO] Activator:177 - !SESSION log4j initialized
2024-01-12 13:04:54,704 [ERROR] LogOutputStream:75 - [STDERR_REDIRECT] 
2024-01-12 13:04:55,523 [INFO] LogOutputStream:77 - [STDOUT_REDIRECT] 
2024-01-12 13:04:57,214 [INFO] LogOutputStream:77 - [STDOUT_REDIRECT] 
2024-01-12 13:04:59,865 [INFO] ApplicationProperties:184 - Using Application install path: /Applications/STM32CubeIDE.app/Contents/Eclipse/plugins/com.st.stm32cube.common.mx_6.10.0.202311202037
2024-01-12 13:04:59,888 [INFO] DbMcusXml:78 - Set database path to: /Applications/STM32CubeIDE.app/Contents/Eclipse/plugins/com.st.stm32cube.common.mx_6.10.0.202311202037//db//mcu/
2024-01-12 13:04:59,888 [INFO] ApiDb:274 - Set plugin database path to: /Applications/STM32CubeIDE.app/Contents/Eclipse/plugins/com.st.stm32cube.common.mx_6.10.0.202311202037//db//plugins/boardmanager/
2024-01-12 13:04:59,889 [WARN] ApiDb:259 - Overriding images path with different value:  => /Applications/STM32CubeIDE.app/Contents/Eclipse/plugins/com.st.stm32cube.common.mx_6.10.0.202311202037//db//plugins/mcufinder/images/
2024-01-12 13:04:59,897 [INFO] ApiDb:250 - Set database path to: /Users/bentjh01/.stmcufinder/plugins/mcufinder//mcu/
2024-01-12 13:04:59,898 [INFO] DbMcusAds:125 - Set database path to: /Users/bentjh01/.stmcufinder/plugins/mcufinder//mcu/
2024-01-12 13:04:59,932 [INFO] CrossReferenceDbSqlite:203 - Set database path to: /Users/bentjh01/.stmcufinder/plugins/mcufinder//mcu/cs/
2024-01-12 13:05:00,352 [INFO] RulesReader:64 - Compatibility file has been processed (297 Rules)
2024-01-12 13:05:00,512 [INFO] DbMcusXml:78 - Set database path to: /Applications/STM32CubeIDE.app/Contents/Eclipse/plugins/com.st.stm32cube.common.mx_6.10.0.202311202037//db//mcu/
2024-01-12 13:05:00,512 [INFO] ApiDb:274 - Set plugin database path to: /Applications/STM32CubeIDE.app/Contents/Eclipse/plugins/com.st.stm32cube.common.mx_6.10.0.202311202037//db//plugins/boardmanager/
2024-01-12 13:05:00,513 [INFO] ApiDb:261 - Set plugin images path to: /Applications/STM32CubeIDE.app/Contents/Eclipse/plugins/com.st.stm32cube.common.mx_6.10.0.202311202037//db//plugins/mcufinder/images/
2024-01-12 13:05:00,514 [WARN] DbFile:41 - Overriding database path with different value: /Users/bentjh01/.stmcufinder/plugins/mcufinder/ => /Users/bentjh01/.stmcufinder/plugins/mcufinder
2024-01-12 13:05:00,514 [INFO] ApiDb:250 - Set database path to: /Users/bentjh01/.stmcufinder/plugins/mcufinder//mcu/
2024-01-12 13:05:00,514 [WARN] DbFile:41 - Overriding database path with different value: /Users/bentjh01/.stmcufinder/plugins/mcufinder/ => /Users/bentjh01/.stmcufinder/plugins/mcufinder
2024-01-12 13:05:00,514 [INFO] DbMcusAds:125 - Set database path to: /Users/bentjh01/.stmcufinder/plugins/mcufinder//mcu/
2024-01-12 13:05:00,514 [WARN] DbFile:41 - Overriding database path with different value: /Users/bentjh01/.stmcufinder/plugins/mcufinder/ => /Users/bentjh01/.stmcufinder/plugins/mcufinder
2024-01-12 13:05:00,514 [WARN] DbFile:41 - Overriding database path with different value: /Users/bentjh01/.stmcufinder/plugins/mcufinder/ => /Users/bentjh01/.stmcufinder/plugins/mcufinder
2024-01-12 13:05:00,515 [INFO] CrossReferenceDbSqlite:203 - Set database path to: /Users/bentjh01/.stmcufinder/plugins/mcufinder//mcu/cs/
2024-01-12 13:05:00,617 [ERROR] LogOutputStream:75 - [STDERR_REDIRECT] [Fatal Error] :2:10: DOCTYPE is disallowed when the feature "http://apache.org/xml/features/disallow-doctype-decl" set to true.
2024-01-12 13:05:00,634 [ERROR] LogOutputStream:75 - [STDERR_REDIRECT] 
2024-01-12 13:05:00,645 [INFO] MainPanel:264 - HeapMemory: 268435456
2024-01-12 13:05:00,741 [INFO] DbMcusXml:78 - Set database path to: /Applications/STM32CubeIDE.app/Contents/Eclipse/plugins/com.st.stm32cube.common.mx_6.10.0.202311202037//db//mcu/
2024-01-12 13:05:00,741 [INFO] ApiDb:274 - Set plugin database path to: /Applications/STM32CubeIDE.app/Contents/Eclipse/plugins/com.st.stm32cube.common.mx_6.10.0.202311202037//db//plugins/boardmanager/
2024-01-12 13:05:00,742 [INFO] ApiDb:261 - Set plugin images path to: /Applications/STM32CubeIDE.app/Contents/Eclipse/plugins/com.st.stm32cube.common.mx_6.10.0.202311202037//db//plugins/mcufinder/images/
2024-01-12 13:05:00,743 [WARN] DbFile:41 - Overriding database path with different value: /Users/bentjh01/.stmcufinder/plugins/mcufinder/ => /Users/bentjh01/.stmcufinder/plugins/mcufinder
2024-01-12 13:05:00,743 [INFO] ApiDb:250 - Set database path to: /Users/bentjh01/.stmcufinder/plugins/mcufinder//mcu/
2024-01-12 13:05:00,743 [WARN] DbFile:41 - Overriding database path with different value: /Users/bentjh01/.stmcufinder/plugins/mcufinder/ => /Users/bentjh01/.stmcufinder/plugins/mcufinder
2024-01-12 13:05:00,743 [INFO] DbMcusAds:125 - Set database path to: /Users/bentjh01/.stmcufinder/plugins/mcufinder//mcu/
2024-01-12 13:05:00,743 [WARN] DbFile:41 - Overriding database path with different value: /Users/bentjh01/.stmcufinder/plugins/mcufinder/ => /Users/bentjh01/.stmcufinder/plugins/mcufinder
2024-01-12 13:05:00,743 [WARN] DbFile:41 - Overriding database path with different value: /Users/bentjh01/.stmcufinder/plugins/mcufinder/ => /Users/bentjh01/.stmcufinder/plugins/mcufinder
2024-01-12 13:05:00,743 [INFO] CrossReferenceDbSqlite:203 - Set database path to: /Users/bentjh01/.stmcufinder/plugins/mcufinder//mcu/cs/
2024-01-12 13:05:00,762 [INFO] ApplicationProperties:184 - Using Application install path: /Applications/STM32CubeIDE.app/Contents/Eclipse/plugins/com.st.stm32cube.common.mx_6.10.0.202311202037
2024-01-12 13:05:00,764 [INFO] PluginManage:196 - Search for loadable plugins [exclusion list=, ]
2024-01-12 13:05:00,767 [INFO] PluginManage:310 - Check plugin analytics
2024-01-12 13:05:01,115 [INFO] AnalyticsPlugin:253 - Accepted Software Licenses: 
2024-01-12 13:05:01,115 [INFO] AnalyticsPlugin:255 - Accepted CMSIS Pack Licenses: 
2024-01-12 13:05:01,115 [INFO] AnalyticsPlugin:257 - Accepted Firmware Licenses: FW.F4.1.28.0
2024-01-12 13:05:01,154 [INFO] PluginManage:359 - Loaded plugin analytics (category:tool,tabindex:-1)
2024-01-12 13:05:01,155 [INFO] PluginManage:310 - Check plugin cadmodel
2024-01-12 13:05:01,641 [INFO] CADModel:105 - Init CAD model plugin
2024-01-12 13:05:01,641 [INFO] PluginManage:359 - Loaded plugin cadmodel (category:power,tabindex:5)
2024-01-12 13:05:01,643 [INFO] PluginManage:310 - Check plugin clock
2024-01-12 13:05:01,655 [INFO] PluginManage:359 - Loaded plugin clock (category:base,tabindex:2)
2024-01-12 13:05:01,655 [INFO] PluginManage:310 - Check plugin ddr
2024-01-12 13:05:01,657 [INFO] PluginManage:359 - Loaded plugin ddr (category:tool,tabindex:6)
2024-01-12 13:05:01,657 [INFO] PluginManage:310 - Check plugin filemanager
2024-01-12 13:05:01,830 [INFO] PluginManage:359 - Loaded plugin filemanager (category:base,tabindex:10)
2024-01-12 13:05:01,831 [INFO] PluginManage:310 - Check plugin ipmanager
2024-01-12 13:05:01,841 [INFO] PluginManage:359 - Loaded plugin ipmanager (category:base,tabindex:5)
2024-01-12 13:05:01,842 [INFO] PluginManage:310 - Check plugin lpbam
2024-01-12 13:05:01,857 [INFO] PluginManage:359 - Loaded plugin lpbam (category:base,tabindex:0)
2024-01-12 13:05:01,857 [INFO] PluginManage:310 - Check plugin memorymap
2024-01-12 13:05:01,872 [INFO] PluginManage:359 - Loaded plugin memorymap (category:base,tabindex:4)
2024-01-12 13:05:01,872 [INFO] PluginManage:310 - Check plugin pinoutandconfiguration
2024-01-12 13:05:01,880 [INFO] PluginManage:359 - Loaded plugin pinoutandconfiguration (category:base,tabindex:1)
2024-01-12 13:05:01,880 [INFO] PluginManage:310 - Check plugin pinoutconfig
2024-01-12 13:05:01,979 [WARN] SupportedApi:132 - Cannot load RTOS API schema: s4s-elt-must-match.1: The content of 'definitions' must match (annotation?, (simpleType | complexType)?, (unique | key | keyref)*)). A problem was found starting at: attribute.
2024-01-12 13:05:02,172 [INFO] PluginManage:359 - Loaded plugin pinoutconfig (category:base,tabindex:0)
2024-01-12 13:05:02,172 [INFO] PluginManage:310 - Check plugin power
2024-01-12 13:05:02,193 [INFO] PluginManage:359 - Loaded plugin power (category:power,tabindex:4)
2024-01-12 13:05:02,193 [INFO] PluginManage:310 - Check plugin projectmanager
2024-01-12 13:05:02,245 [INFO] PluginManage:359 - Loaded plugin projectmanager (category:projectmanager,tabindex:3)
2024-01-12 13:05:02,245 [INFO] PluginManage:310 - Check plugin thirdparty
2024-01-12 13:05:02,602 [INFO] PluginManage:359 - Loaded plugin thirdparty (category:base,tabindex:-1)
2024-01-12 13:05:02,605 [INFO] PluginManage:310 - Check plugin tools
2024-01-12 13:05:02,602 [WARN] IntegrityCheckThread:84 - waiting for thirdparty lock release [integrity check]
2024-01-12 13:05:02,615 [INFO] IntegrityCheckThread:86 - entering critical section [integrity check]
2024-01-12 13:05:02,617 [INFO] ThirdPartyUpdaterWithRetryManager:70 - Updater plugin not ready yet. [1/15]
2024-01-12 13:05:02,619 [INFO] PluginManage:359 - Loaded plugin tools (category:base,tabindex:7)
2024-01-12 13:05:02,620 [INFO] PluginManage:310 - Check plugin tutovideos
2024-01-12 13:05:02,805 [INFO] PluginManage:359 - Loaded plugin tutovideos (category:base,tabindex:-1)
2024-01-12 13:05:02,806 [INFO] PluginManage:310 - Check plugin updater
2024-01-12 13:05:02,822 [INFO] PluginManage:359 - Loaded plugin updater (category:base,tabindex:12)
2024-01-12 13:05:02,822 [INFO] PluginManage:310 - Check plugin userauth
2024-01-12 13:05:02,830 [INFO] UserAuth:114 - Init User Auth plugin
2024-01-12 13:05:02,830 [INFO] PluginManage:359 - Loaded plugin userauth (category:base,tabindex:14)
2024-01-12 13:05:02,832 [INFO] PluginManage:283 - PluginManage : Loaded plugins [17]
2024-01-12 13:05:03,179 [INFO] PinOutPanel:1499 - setPackage(No Configuration,No Configuration)
2024-01-12 13:05:03,253 [INFO] CADModel:165 - CPN selected for project level
2024-01-12 13:05:03,253 [INFO] CADModel:114 - Register for checkConnection events
2024-01-12 13:05:03,267 [INFO] IPUIPlugin:80 - create IPUIPlugin
2024-01-12 13:05:03,268 [INFO] PluginManager:220 - loadIPPluginJar : add mdma
2024-01-12 13:05:03,274 [INFO] IPUIPlugin:80 - create IPUIPlugin
2024-01-12 13:05:03,274 [INFO] PluginManager:220 - loadIPPluginJar : add freertos
2024-01-12 13:05:03,277 [INFO] IPUIPlugin:80 - create IPUIPlugin
2024-01-12 13:05:03,277 [INFO] PluginManager:220 - loadIPPluginJar : add gic
2024-01-12 13:05:03,282 [INFO] IPUIPlugin:80 - create IPUIPlugin
2024-01-12 13:05:03,282 [INFO] PluginManager:220 - loadIPPluginJar : add adc
2024-01-12 13:05:03,284 [INFO] IPUIPlugin:80 - create IPUIPlugin
2024-01-12 13:05:03,284 [INFO] PluginManager:220 - loadIPPluginJar : add gtzc
2024-01-12 13:05:03,286 [INFO] IPUIPlugin:80 - create IPUIPlugin
2024-01-12 13:05:03,286 [INFO] PluginManager:220 - loadIPPluginJar : add quadspi
2024-01-12 13:05:03,288 [INFO] IPUIPlugin:80 - create IPUIPlugin
2024-01-12 13:05:03,288 [INFO] PluginManager:220 - loadIPPluginJar : add aes
2024-01-12 13:05:03,290 [INFO] IPUIPlugin:80 - create IPUIPlugin
2024-01-12 13:05:03,290 [INFO] PluginManager:220 - loadIPPluginJar : add pdm2pcm
2024-01-12 13:05:03,291 [INFO] IPUIPlugin:80 - create IPUIPlugin
2024-01-12 13:05:03,291 [INFO] PluginManager:220 - loadIPPluginJar : add hash
2024-01-12 13:05:03,292 [INFO] IPUIPlugin:80 - create IPUIPlugin
2024-01-12 13:05:03,292 [INFO] PluginManager:220 - loadIPPluginJar : add tim
2024-01-12 13:05:03,293 [INFO] IPUIPlugin:80 - create IPUIPlugin
2024-01-12 13:05:03,293 [INFO] PluginManager:220 - loadIPPluginJar : add tsc
2024-01-12 13:05:03,294 [INFO] IPUIPlugin:80 - create IPUIPlugin
2024-01-12 13:05:03,294 [INFO] PluginManager:220 - loadIPPluginJar : add ts
2024-01-12 13:05:03,297 [INFO] IPUIPlugin:80 - create IPUIPlugin
2024-01-12 13:05:03,297 [INFO] PluginManager:220 - loadIPPluginJar : add can
2024-01-12 13:05:03,298 [INFO] IPUIPlugin:80 - create IPUIPlugin
2024-01-12 13:05:03,298 [INFO] PluginManager:220 - loadIPPluginJar : add dma3
2024-01-12 13:05:03,300 [INFO] IPUIPlugin:80 - create IPUIPlugin
2024-01-12 13:05:03,300 [INFO] PluginManager:220 - loadIPPluginJar : add dfsdm
2024-01-12 13:05:03,302 [INFO] IPUIPlugin:80 - create IPUIPlugin
2024-01-12 13:05:03,302 [INFO] PluginManager:220 - loadIPPluginJar : add spi
2024-01-12 13:05:03,304 [INFO] IPUIPlugin:80 - create IPUIPlugin
2024-01-12 13:05:03,304 [INFO] PluginManager:220 - loadIPPluginJar : add gfxmmu
2024-01-12 13:05:03,305 [INFO] IPUIPlugin:80 - create IPUIPlugin
2024-01-12 13:05:03,305 [INFO] PluginManager:220 - loadIPPluginJar : add genericplugin
2024-01-12 13:05:03,306 [INFO] IPUIPlugin:80 - create IPUIPlugin
2024-01-12 13:05:03,306 [INFO] PluginManager:220 - loadIPPluginJar : add cryp
2024-01-12 13:05:03,308 [INFO] IPUIPlugin:80 - create IPUIPlugin
2024-01-12 13:05:03,308 [INFO] PluginManager:220 - loadIPPluginJar : add gpio
2024-01-12 13:05:03,310 [INFO] IPUIPlugin:80 - create IPUIPlugin
2024-01-12 13:05:03,310 [INFO] PluginManager:220 - loadIPPluginJar : add comp
2024-01-12 13:05:03,311 [INFO] IPUIPlugin:80 - create IPUIPlugin
2024-01-12 13:05:03,311 [INFO] PluginManager:220 - loadIPPluginJar : add tracer_emb
2024-01-12 13:05:03,313 [INFO] IPUIPlugin:80 - create IPUIPlugin
2024-01-12 13:05:03,313 [INFO] PluginManager:220 - loadIPPluginJar : add openamp
2024-01-12 13:05:03,316 [INFO] IPUIPlugin:80 - create IPUIPlugin
2024-01-12 13:05:03,316 [INFO] PluginManager:220 - loadIPPluginJar : add stm32_wpan
2024-01-12 13:05:03,319 [INFO] IPUIPlugin:80 - create IPUIPlugin
2024-01-12 13:05:03,327 [INFO] PluginManager:220 - loadIPPluginJar : add plateformsettings
2024-01-12 13:05:03,331 [INFO] IPUIPlugin:80 - create IPUIPlugin
2024-01-12 13:05:03,331 [INFO] PluginManager:220 - loadIPPluginJar : add ipddr
2024-01-12 13:05:03,335 [INFO] IPUIPlugin:80 - create IPUIPlugin
2024-01-12 13:05:03,336 [INFO] PluginManager:220 - loadIPPluginJar : add usart
2024-01-12 13:05:03,338 [INFO] IPUIPlugin:80 - create IPUIPlugin
2024-01-12 13:05:03,338 [INFO] PluginManager:220 - loadIPPluginJar : add ltdc
2024-01-12 13:05:03,340 [INFO] IPUIPlugin:80 - create IPUIPlugin
2024-01-12 13:05:03,340 [INFO] PluginManager:220 - loadIPPluginJar : add nvic
2024-01-12 13:05:03,341 [INFO] IPUIPlugin:80 - create IPUIPlugin
2024-01-12 13:05:03,341 [INFO] PluginManager:220 - loadIPPluginJar : add fatfs
2024-01-12 13:05:03,345 [INFO] IPUIPlugin:80 - create IPUIPlugin
2024-01-12 13:05:03,345 [INFO] PluginManager:220 - loadIPPluginJar : add linkedlist
2024-01-12 13:05:03,350 [INFO] IPUIPlugin:80 - create IPUIPlugin
2024-01-12 13:05:03,350 [INFO] PluginManager:220 - loadIPPluginJar : add dma
2024-01-12 13:05:03,353 [INFO] IPUIPlugin:80 - create IPUIPlugin
2024-01-12 13:05:03,353 [INFO] PluginManager:220 - loadIPPluginJar : add fmc
2024-01-12 13:05:03,356 [INFO] IPUIPlugin:80 - create IPUIPlugin
2024-01-12 13:05:03,356 [INFO] PluginManager:220 - loadIPPluginJar : add i2s
2024-01-12 13:05:03,357 [INFO] IPUIPlugin:80 - create IPUIPlugin
2024-01-12 13:05:03,357 [INFO] PluginManager:220 - loadIPPluginJar : add ucpd
2024-01-12 13:05:03,358 [INFO] IPUIPlugin:80 - create IPUIPlugin
2024-01-12 13:05:03,358 [INFO] PluginManager:220 - loadIPPluginJar : add lorawan
2024-01-12 13:05:03,360 [INFO] IPUIPlugin:80 - create IPUIPlugin
2024-01-12 13:05:03,360 [INFO] PluginManager:220 - loadIPPluginJar : add opamp
2024-01-12 13:05:03,362 [INFO] IPUIPlugin:80 - create IPUIPlugin
2024-01-12 13:05:03,362 [INFO] PluginManager:220 - loadIPPluginJar : add i3c
2024-01-12 13:05:03,364 [INFO] IPUIPlugin:80 - create IPUIPlugin
2024-01-12 13:05:03,365 [INFO] PluginManager:220 - loadIPPluginJar : add touchsensing
2024-01-12 13:05:03,367 [INFO] IPUIPlugin:80 - create IPUIPlugin
2024-01-12 13:05:03,367 [INFO] PluginManager:220 - loadIPPluginJar : add i2c
2024-01-12 13:05:03,369 [INFO] IPUIPlugin:80 - create IPUIPlugin
2024-01-12 13:05:03,369 [INFO] PluginManager:220 - loadIPPluginJar : add resmgrutility
2024-01-12 13:05:03,370 [INFO] IPUIPlugin:80 - create IPUIPlugin
2024-01-12 13:05:03,371 [INFO] PluginManager:220 - loadIPPluginJar : add sai
2024-01-12 13:05:03,372 [INFO] IPUIPlugin:80 - create IPUIPlugin
2024-01-12 13:05:03,372 [INFO] PluginManager:220 - loadIPPluginJar : add usbx
2024-01-12 13:05:03,495 [INFO] CADModel:165 - CPN selected for project level
2024-01-12 13:05:03,497 [INFO] CADModel:114 - Register for checkConnection events
2024-01-12 13:05:03,497 [FATAL] Updater:308 - Updater called before beeing initialized
2024-01-12 13:05:03,497 [ERROR] CADModel:125 - Updater not yet initialized, retry later 
2024-01-12 13:05:03,821 [INFO] CADModel:165 - CPN selected for project level
2024-01-12 13:05:03,821 [INFO] CADModel:114 - Register for checkConnection events
2024-01-12 13:05:03,821 [FATAL] Updater:308 - Updater called before beeing initialized
2024-01-12 13:05:03,822 [ERROR] CADModel:125 - Updater not yet initialized, retry later 
2024-01-12 13:05:03,824 [FATAL] Updater:308 - Updater called before beeing initialized
2024-01-12 13:05:03,986 [FATAL] Updater:308 - Updater called before beeing initialized
2024-01-12 13:05:03,991 [INFO] DbMcusAds:53 - JSON generation date=Wed Nov 29 18:52:27 SGT 2023 (1701255147349)
2024-01-12 13:05:03,991 [FATAL] Updater:308 - Updater called before beeing initialized
2024-01-12 13:05:04,044 [WARN] DetailPanel:346 - Failed to get advertising image, set to default
2024-01-12 13:05:04,119 [FATAL] Updater:308 - Updater called before beeing initialized
2024-01-12 13:05:04,124 [FATAL] Updater:308 - Updater called before beeing initialized
2024-01-12 13:05:04,124 [FATAL] Updater:308 - Updater called before beeing initialized
2024-01-12 13:05:04,124 [WARN] DetailPanel:346 - Failed to get advertising image, set to default
2024-01-12 13:05:04,125 [FATAL] Updater:308 - Updater called before beeing initialized
2024-01-12 13:05:04,178 [ERROR] Updater:1120 - MainUpdater not yet initialized. External WinMGr cannot be set.
2024-01-12 13:05:04,223 [INFO] Updater:1056 - Updater Version found : 6.10.0
2024-01-12 13:05:04,237 [INFO] ApplicationProperties:184 - Using Application install path: /Applications/STM32CubeIDE.app/Contents/Eclipse/plugins/com.st.stm32cube.common.mx_6.10.0.202311202037
2024-01-12 13:05:04,609 [INFO] MainUpdater:2873 - connection check result : 10
2024-01-12 13:05:04,610 [INFO] MainUpdater:290 - Updater Check For Update Now.
2024-01-12 13:05:04,611 [INFO] MicroXplorer:498 - Change Database Version : DB.6.0.100
2024-01-12 13:05:04,620 [INFO] McuFinderGlobals:63 - Set McuFinder mode to 2 (CubeIDE integrated)
2024-01-12 13:05:04,796 [INFO] UserAuth:404 - Internet connection configuration mode: 1
2024-01-12 13:05:04,807 [INFO] JxBrowserEngine:152 - Initiate JxBrowser Engine with user profile folder
2024-01-12 13:05:04,904 [INFO] CheckServerUpdateThread:120 - End of CheckServer Thread
2024-01-12 13:05:05,829 [WARN] PackLoader:240 - Cannot read IP mode file for STMicroelectronics.X-CUBE-SMBUS.2.1.0
2024-01-12 13:05:05,853 [WARN] PackLoader:240 - Cannot read IP mode file for STMicroelectronics.X-CUBE-TOUCHGFX.4.23.0
2024-01-12 13:05:05,897 [WARN] PackLoader:240 - Cannot read IP mode file for STMicroelectronics.X-CUBE-AZRTOS-F7.1.1.0
2024-01-12 13:05:05,945 [WARN] PackLoader:240 - Cannot read IP mode file for STMicroelectronics.FP-SNS-MOTENV1.4.3.2
2024-01-12 13:05:05,976 [WARN] PackLoader:240 - Cannot read IP mode file for STMicroelectronics.FP-SNS-FLIGHT1.5.0.2
2024-01-12 13:05:05,991 [WARN] PackLoader:240 - Cannot read IP mode file for STMicroelectronics.X-CUBE-DISPLAY.3.0.0
2024-01-12 13:05:06,033 [WARN] PackLoader:240 - Cannot read IP mode file for STMicroelectronics.X-CUBE-BLE1.7.0.0
2024-01-12 13:05:06,049 [WARN] PackLoader:240 - Cannot read IP mode file for emotas.I-CUBE-CANOPEN.1.3.0
2024-01-12 13:05:06,064 [WARN] PackLoader:240 - Cannot read IP mode file for STMicroelectronics.FP-SNS-SMARTAG2.1.2.0
2024-01-12 13:05:06,078 [INFO] LogOutputStream:77 - [STDOUT_REDIRECT] 1 : Invalid condition id : UX_CORESTACK_Condition cause : null
2024-01-12 13:05:06,080 [INFO] LogOutputStream:77 - [STDOUT_REDIRECT] 1 : Invalid condition id : UX_CORESTACK_Condition cause : null
2024-01-12 13:05:06,080 [INFO] LogOutputStream:77 - [STDOUT_REDIRECT] 1 : Invalid condition id : UX_CORESTACK_Condition cause : null
2024-01-12 13:05:06,081 [INFO] LogOutputStream:77 - [STDOUT_REDIRECT] 1 : Invalid condition id : UX_CORESTACK_Condition cause : null
2024-01-12 13:05:06,081 [INFO] LogOutputStream:77 - [STDOUT_REDIRECT] 1 : Invalid condition id : UX_CORESTACK_Condition cause : null
2024-01-12 13:05:06,087 [WARN] PackLoader:240 - Cannot read IP mode file for STMicroelectronics.X-CUBE-AZRTOS-WL.2.0.0
2024-01-12 13:05:06,104 [WARN] PackLoader:240 - Cannot read IP mode file for WES.I-CUBE-Cesium.1.3.0
2024-01-12 13:05:06,119 [WARN] PackLoader:240 - Cannot read IP mode file for STMicroelectronics.X-CUBE-BLE2.3.3.0
2024-01-12 13:05:06,129 [WARN] PackLoader:240 - Cannot read IP mode file for STMicroelectronics.X-CUBE-ALGOBUILD.1.3.0
2024-01-12 13:05:06,157 [WARN] PackLoader:240 - Cannot read IP mode file for STMicroelectronics.X-CUBE-AZRTOS-G0.1.1.0
2024-01-12 13:05:06,171 [WARN] PackLoader:240 - Cannot read IP mode file for STMicroelectronics.X-CUBE-NFC4.3.0.0
2024-01-12 13:05:06,221 [WARN] PackLoader:240 - Cannot read IP mode file for STMicroelectronics.X-CUBE-BLEMGR.3.0.0
2024-01-12 13:05:06,239 [WARN] PackLoader:240 - Cannot read IP mode file for STMicroelectronics.FP-ATR-SIGFOX1.3.2.0
2024-01-12 13:05:06,341 [WARN] PackLoader:240 - Cannot read IP mode file for SEGGER.I-CUBE-embOS.1.3.1
2024-01-12 13:05:06,541 [WARN] PackLoader:240 - Cannot read IP mode file for STMicroelectronics.X-CUBE-GNSS1.6.0.0
2024-01-12 13:05:06,618 [WARN] PackLoader:240 - Cannot read IP mode file for STMicroelectronics.X-CUBE-AZRTOS-F4.1.1.0
2024-01-12 13:05:06,634 [WARN] PackLoader:240 - Cannot read IP mode file for wolfSSL.I-CUBE-wolfSSL.5.6.6
2024-01-12 13:05:06,661 [WARN] PackLoader:240 - Cannot read IP mode file for STMicroelectronics.X-CUBE-AZRTOS-L5.2.0.0
2024-01-12 13:05:06,677 [WARN] PackLoader:240 - Cannot read IP mode file for STMicroelectronics.X-CUBE-EEPRMA1.4.2.0
2024-01-12 13:05:06,692 [WARN] PackLoader:240 - Cannot read IP mode file for ITTIA_DB.I-CUBE-ITTIADB.8.8.0
2024-01-12 13:05:06,698 [WARN] PackLoader:240 - Cannot read IP mode file for STMicroelectronics.X-CUBE-NFC7.1.0.1
2024-01-12 13:05:06,716 [WARN] PackLoader:240 - Cannot read IP mode file for STMicroelectronics.X-CUBE-NFC6.3.0.0
2024-01-12 13:05:06,726 [WARN] PackLoader:240 - Cannot read IP mode file for STMicroelectronics.X-CUBE-AI.8.1.0
2024-01-12 13:05:06,768 [WARN] ConditionMgr:438 - getConditionDescription Invalid condition id : LAN8742 Phy interface Condition cause : null
2024-01-12 13:05:06,769 [WARN] PackLoader:240 - Cannot read IP mode file for STMicroelectronics.X-CUBE-AZRTOS-L4.2.0.0
2024-01-12 13:05:06,778 [WARN] ConditionMgr:1039 - genDependencies : Invalid condition id : LAN8742 Phy interface Condition cause : null
2024-01-12 13:05:06,779 [WARN] ConditionMgr:1039 - genDependencies : Invalid condition id : LAN8742 Phy interface Condition cause : null
2024-01-12 13:05:06,781 [WARN] ConditionMgr:1039 - genDependencies : Invalid condition id : LAN8742 Phy interface Condition cause : null
2024-01-12 13:05:06,799 [WARN] PackLoader:240 - Cannot read IP mode file for STMicroelectronics.X-CUBE-SFXS2LP1.4.0.0
2024-01-12 13:05:06,818 [WARN] ConditionMgr:438 - getConditionDescription Invalid condition id : UX DEVICE CLASS RTOS Condition cause : null
2024-01-12 13:05:06,818 [WARN] ConditionMgr:438 - getConditionDescription Invalid condition id : UX DEVICE CLASS RTOS Condition cause : null
2024-01-12 13:05:06,822 [WARN] PackLoader:240 - Cannot read IP mode file for STMicroelectronics.X-CUBE-AZRTOS-WB.2.0.0
2024-01-12 13:05:06,823 [WARN] ConditionMgr:1039 - genDependencies : Invalid condition id : UX DEVICE CLASS RTOS Condition cause : null
2024-01-12 13:05:06,824 [WARN] ConditionMgr:1039 - genDependencies : Invalid condition id : UX DEVICE CLASS RTOS Condition cause : null
2024-01-12 13:05:06,825 [WARN] ConditionMgr:1039 - genDependencies : Invalid condition id : UX DEVICE CLASS RTOS Condition cause : null
2024-01-12 13:05:06,826 [WARN] ConditionMgr:1039 - genDependencies : Invalid condition id : UX DEVICE CLASS RTOS Condition cause : null
2024-01-12 13:05:06,826 [WARN] ConditionMgr:1039 - genDependencies : Invalid condition id : UX DEVICE CLASS RTOS Condition cause : null
2024-01-12 13:05:06,839 [WARN] PackLoader:240 - Cannot read IP mode file for STMicroelectronics.X-CUBE-SUBG2.5.0.0
2024-01-12 13:05:06,880 [WARN] PackLoader:240 - Cannot read IP mode file for STMicroelectronics.X-CUBE-AZRTOS-G4.2.0.0
2024-01-12 13:05:06,919 [WARN] PackLoader:240 - Cannot read IP mode file for Infineon.AIROC-Wi-Fi-Bluetooth-STM32.1.5.1
2024-01-12 13:05:06,946 [WARN] PackLoader:240 - Cannot read IP mode file for STMicroelectronics.FP-SNS-MOTENVWB1.1.3.1
2024-01-12 13:05:06,955 [WARN] PackLoader:240 - Cannot read IP mode file for STMicroelectronics.X-CUBE-ISPU.2.0.0
2024-01-12 13:05:07,102 [WARN] PackLoader:240 - Cannot read IP mode file for STMicroelectronics.X-CUBE-MEMS1.10.0.0
2024-01-12 13:05:07,267 [WARN] PackLoader:240 - Cannot read IP mode file for STMicroelectronics.X-CUBE-FREERTOS.1.1.0
2024-01-12 13:05:07,279 [WARN] PackLoader:240 - Cannot read IP mode file for portGmbH.I-Cube-SoM-uGOAL.1.1.0
2024-01-12 13:05:07,286 [WARN] PackLoader:240 - Cannot read IP mode file for STMicroelectronics.X-CUBE-ALS.1.0.1
2024-01-12 13:05:07,289 [WARN] PackLoader:240 - Cannot read IP mode file for STMicroelectronics.FP-ATR-ASTRA1.2.0.0
2024-01-12 13:05:07,305 [WARN] PackLoader:240 - Cannot read IP mode file for STMicroelectronics.X-CUBE-TOF1.3.4.0
2024-01-12 13:05:07,354 [WARN] PackLoader:240 - Cannot read IP mode file for STMicroelectronics.X-CUBE-AZRTOS-H7.3.2.0
2024-01-12 13:05:07,371 [INFO] ThirdParty:978 - Integrity check success = true
2024-01-12 13:05:07,371 [INFO] IntegrityCheckThread:100 - exiting critical section [integrity check]
2024-01-12 13:05:07,371 [INFO] IntegrityCheckThread:103 - End integrity checks thread
2024-01-12 13:05:10,566 [INFO] WebApp:161 - Instantiating new browser for Auth
2024-01-12 13:05:11,977 [INFO] WebApp:780 - Register for checkConnection events
2024-01-12 13:05:11,978 [INFO] WebApp:414 - Apply proxy settings
2024-01-12 13:05:12,008 [INFO] WebApp:459 - Chromium authenticates against Manually configured proxy
2024-01-12 13:05:12,028 [INFO] WebApp:467 - Username used for proxy authentication: 
2024-01-12 13:05:12,208 [INFO] WebApp:192 - Starting web application
2024-01-12 13:05:12,208 [INFO] WebApp:544 - Web application path used /Applications/STM32CubeIDE.app/Contents/Eclipse/plugins/com.st.stm32cube.common.mx_6.10.0.202311202037/db/plugins/mcufinder/reactClient1/index.html
2024-01-12 13:05:33,654 [ERROR] LogOutputStream:75 - [STDERR_REDIRECT] SLF4J: Failed to load class "org.slf4j.impl.StaticLoggerBinder".
2024-01-12 13:05:33,656 [ERROR] LogOutputStream:75 - [STDERR_REDIRECT] SLF4J: Defaulting to no-operation (NOP) logger implementation
2024-01-12 13:05:33,657 [ERROR] LogOutputStream:75 - [STDERR_REDIRECT] SLF4J: See http://www.slf4j.org/codes.html#StaticLoggerBinder for further details.
2024-01-12 13:11:12,015 [INFO] McuFinderGlobals:63 - Set McuFinder mode to 2 (CubeIDE integrated)
2024-01-12 13:11:12,027 [INFO] MainUpdater:2873 - connection check result : 10
2024-01-12 13:11:13,178 [INFO] ApiDb:581 - Connected to CubeFinder SQLite database (/Users/bentjh01/.stmcufinder/plugins/mcufinder/mcu/cube-finder-db.db)
2024-01-12 13:11:13,241 [INFO] ApiDb:668 - CubeFinder database Data Model version=2.1
2024-01-12 13:11:13,242 [INFO] ApiDb:669 - CubeFinder database Configuration version=3.0.39
2024-01-12 13:11:13,243 [INFO] ApiDb:670 - CubeFinder database generation date=2023-12-08 (1702028721)
2024-01-12 13:11:13,243 [INFO] ApiDb:671 - CubeFinder database FW Pack versions=[FP-ATR-ASTRA1_V2.0.0, FP-SNS-FLIGHT1_V5.0.1, FP-SNS-FLIGHT1_V5.0.2, FP-SNS-MOTENV1_V4.3.1, FP-SNS-MOTENV1_V4.3.2, FP-SNS-MOTENVWB1_V1.3.1, FP-SNS-SMARTAG2_V1.2.0, STM32Cube_FW_C0_V1.1.0, STM32Cube_FW_F4_V1.28.0, STM32Cube_FW_F7_V1.17.0, STM32Cube_FW_G0_V1.6.1, STM32Cube_FW_G4_V1.5.1, STM32Cube_FW_H5_V0.5.1, STM32Cube_FW_H5_V1.1.1, STM32Cube_FW_H5_V1.2.0RC2, STM32Cube_FW_H7_V1.11.0, STM32Cube_FW_L0_V1.12.2, STM32Cube_FW_L5_V1.5.0, STM32Cube_FW_U5_V1.3.0RC4, STM32Cube_FW_U5_V1.4.0, STM32Cube_FW_WBA_V1.0.0RC1, STM32Cube_FW_WBA_V1.1.0RC1, STM32Cube_FW_WBA_V1.2.0, STM32Cube_FW_WBA_V1.2.0RC2, STM32Cube_FW_WB_V1.15.0RC1, STM32Cube_FW_WB_V1.16.0, STM32Cube_FW_WB_V1.16.0RC2, STM32Cube_FW_WB_V1.18.0, STM32Cube_FW_WL_V1.3.0, X-CUBE-ALGOBUILD_V1.3.0, X-CUBE-ALS_V1.0.1, X-CUBE-AZRTOS-F4_V1.1.0, X-CUBE-AZRTOS-F7_V1.1.0, X-CUBE-AZRTOS-G0_V1.1.0, X-CUBE-AZRTOS-G4_V2.0.0, X-CUBE-AZRTOS-H7_V3.1.0, X-CUBE-AZRTOS-L4_V1.0.0, X-CUBE-AZRTOS-L4_V2.0.0, X-CUBE-AZRTOS-L5_V1.1.0, X-CUBE-AZRTOS-WB_V2.0.0, X-CUBE-AZRTOS-WL_V2.0.0, X-CUBE-BLE1_V7.0.0, X-CUBE-BLE2_V3.3.0, X-CUBE-BLEMGR_V3.0.0, X-CUBE-EEPRMA1_V4.1.0, X-CUBE-EEPRMA1_V4.2.0, X-CUBE-FREERTOS_V1.1.0, X-CUBE-GNSS1_V6.0.0, X-CUBE-MEMS1_V10.0.0, X-CUBE-MEMS1_V9.1.0, X-CUBE-MEMS1_V9.4.0, X-CUBE-MEMS1_V9.6.0, X-CUBE-NFC4_V3.0.0, X-CUBE-NFC7_V1.0.1, X-CUBE-SFXS2LP1_V4.0.0, X-CUBE-SUBG2_V5.0.0, X-CUBE-TOF1_V3.4.0]
2024-01-12 13:11:13,357 [INFO] DbBoardsSqlite:226 - include board P-NUCLEO-WB55-NUCLEO as a kit item of type 'Nucleo-64'
2024-01-12 13:11:13,357 [INFO] DbBoardsSqlite:226 - include board P-NUCLEO-WB55-USBDONGLE as a kit item of type 'Nucleo USB Dongle'
2024-01-12 13:11:13,359 [INFO] DbBoardsSqlite:226 - include board STEVAL-IDP005V1 as a kit item of type 'Evaluation Board'
2024-01-12 13:11:13,359 [INFO] DbBoardsSqlite:226 - include board STEVAL-IDP005V2 as a kit item of type 'Evaluation Board'
2024-01-12 13:11:13,470 [INFO] ApiDb:240 - Found 371 in-development CPN: [B-G473E-ZEST1S, B-WB1M-WPAN1, B-WL5M-SUBG1, NUCLEO-C031C6, NUCLEO-H503RB, NUCLEO-H563ZI, NUCLEO-U545RE-Q, NUCLEO-U5A5ZJ-Q, NUCLEO-WBA52CG, NUCLEO-WBA55CG, STEVAL-MKBOXPRO, STEVAL-PROTEUS1, STEVAL-STWINBX1, STM320518-EVAL, STM32C0116-DK, STM32C011D6Y3TR, STM32C011D6Y6TR, STM32C011F4P3, STM32C011F4P6, STM32C011F4U3, STM32C011F4U6TR, STM32C011F6P3, STM32C011F6P6, STM32C011F6U3, STM32C011F6U6TR, STM32C011J4M3, STM32C011J4M6, STM32C011J6M3, STM32C011J6M6, STM32C0316-DK, STM32C031C4T3, STM32C031C4T6, STM32C031C4U3, STM32C031C4U6, STM32C031C6T3, STM32C031C6T6, STM32C031C6U3, STM32C031C6U6, STM32C031F4P3, STM32C031F4P6, STM32C031F6P3, STM32C031F6P6, STM32C031G4U3, STM32C031G4U6, STM32C031G6U3, STM32C031G6U6, STM32C031K4T3, STM32C031K4T6, STM32C031K4U3, STM32C031K4U6, STM32C031K6T3, STM32C031K6T6, STM32C031K6U3, STM32C031K6U6, STM32G071K8TXN, STM32G071K8UXN, STM32G081GBU6N, STM32G081KBT6N, STM32G081KBUXN, STM32G0B1CCT6N, STM32G0B1KCT6, STM32G0B1NEY6TR, STM32G0B1RCT6N, STM32G0C1CCT6, STM32G0C1CCT6N, STM32G0C1CCU6N, STM32G0C1CET6N, STM32G0C1CEU6N, STM32G0C1KCT6, STM32G0C1NEY6TR, STM32G0C1RCI6N, STM32G0C1RCT6N, STM32G0C1REI6N, STM32G0C1RET6N, STM32G0C1VCI6, STM32G0C1VEI6, STM32G471CCT6, STM32G471CCU6, STM32G471CET3, STM32G471CET6, STM32G471CEU3, STM32G471CEU6, STM32G471MCT6, STM32G471MET3, STM32G471MET6, STM32G471MEY6TR, STM32G471QCT6, STM32G471QET3, STM32G471RCT6, STM32G471RET3, STM32G471RET6, STM32G471VCH6, STM32G471VCI6, STM32G471VCT6, STM32G471VEH3, STM32G471VEH6, STM32G471VEI3, STM32G471VEI6, STM32G471VET3, STM32G471VET6, STM32G474CCT6, STM32H503CBT6, STM32H503CBU6, STM32H503EBY6TR, STM32H503KBU6, STM32H503RBT6, STM32H562AGI6, STM32H562AII6, STM32H562IGK6, STM32H562IGT6, STM32H562IIK6, STM32H562IIT6, STM32H562RGT6, STM32H562RGV6, STM32H562RIT6, STM32H562RIV6, STM32H562VGT6, STM32H562VIT6, STM32H562ZGT6, STM32H562ZIT6, STM32H563AGI6, STM32H563AII3Q, STM32H563AII6, STM32H563IGK6, STM32H563IGT6, STM32H563IIK3Q, STM32H563IIK6, STM32H563IIT3Q, STM32H563IIT6, STM32H563MIY3QTR, STM32H563RGT6, STM32H563RGV6, STM32H563RIT6, STM32H563RIV6, STM32H563VGT6, STM32H563VIT3Q, STM32H563VIT6, STM32H563ZGT6, STM32H563ZIT3Q, STM32H563ZIT6, STM32H573AII3Q, STM32H573AII6, STM32H573I-DK, STM32H573IIK3Q, STM32H573IIK6, STM32H573IIT3Q, STM32H573IIT6, STM32H573MIY3QTR, STM32H573RIT6, STM32H573RIV6, STM32H573VIT3Q, STM32H573VIT6, STM32H573ZIT3Q, STM32H573ZIT6, STM32L4R5QGI6STR, STM32MP131AAE3, STM32MP131AAF3, STM32MP131AAG3, STM32MP131CAE3, STM32MP131CAF3, STM32MP131CAG3, STM32MP131DAE7, STM32MP131DAF7, STM32MP131DAG7, STM32MP131FAE7, STM32MP131FAF7, STM32MP131FAG7, STM32MP133AAE3, STM32MP133AAF3, STM32MP133AAG3, STM32MP133CAE3, STM32MP133CAF3, STM32MP133CAG3, STM32MP133DAE7, STM32MP133DAF7, STM32MP133DAG7, STM32MP133FAE7, STM32MP133FAF7, STM32MP133FAG7, STM32MP135AAE3, STM32MP135AAF3, STM32MP135AAG3, STM32MP135CAE3, STM32MP135CAF3, STM32MP135CAG3, STM32MP135DAE7, STM32MP135DAF7, STM32MP135DAG7, STM32MP135F-DK, STM32MP135FAE7, STM32MP135FAF7, STM32MP135FAF7T, STM32MP135FAF7U, STM32MP135FAG7, STM32U535CBT6, STM32U535CBT6Q, STM32U535CBU6, STM32U535CBU6Q, STM32U535CCT6, STM32U535CCT6Q, STM32U535CCU6, STM32U535CCU6Q, STM32U535CET6, STM32U535CET6Q, STM32U535CEU6, STM32U535CEU6Q, STM32U535JEY6QTR, STM32U535NCY6QTR, STM32U535NEY6QTR, STM32U535RBI6, STM32U535RBI6Q, STM32U535RBT6, STM32U535RBT6Q, STM32U535RCI6, STM32U535RCI6Q, STM32U535RCT6, STM32U535RCT6Q, STM32U535REI6, STM32U535REI6Q, STM32U535RET6, STM32U535RET6Q, STM32U535VCI6, STM32U535VCI6Q, STM32U535VCT6, STM32U535VCT6Q, STM32U535VEI6, STM32U535VEI6Q, STM32U535VET6, STM32U535VET6Q, STM32U545CET6, STM32U545CET6Q, STM32U545CEU6, STM32U545CEU6Q, STM32U545JEY6QTR, STM32U545NEY6QTR, STM32U545REI6, STM32U545REI6Q, STM32U545RET6, STM32U545RET6Q, STM32U545VEI6, STM32U545VEI6Q, STM32U545VET6, STM32U545VET6Q, STM32U595AIH6, STM32U595AIH6Q, STM32U595AJH6, STM32U595AJH6Q, STM32U595QII6, STM32U595QII6Q, STM32U595QJI6, STM32U595QJI6Q, STM32U595RIT6, STM32U595RIT6Q, STM32U595RJT6, STM32U595RJT6Q, STM32U595VIT6, STM32U595VIT6Q, STM32U595VJT6, STM32U595VJT6Q, STM32U595ZIT6, STM32U595ZIT6Q, STM32U595ZIY6QTR, STM32U595ZJT6, STM32U595ZJT6Q, STM32U595ZJY6QTR, STM32U599BJY6QTR, STM32U599NIH6Q, STM32U599NJH6Q, STM32U599VIT6Q, STM32U599VJT6, STM32U599VJT6Q, STM32U599ZIT6Q, STM32U599ZIY6QTR, STM32U599ZJT6Q, STM32U599ZJY6QTR, STM32U5A5AJH6, STM32U5A5AJH6Q, STM32U5A5QJI6, STM32U5A5QJI6Q, STM32U5A5RJT6, STM32U5A5RJT6Q, STM32U5A5VJT6, STM32U5A5VJT6Q, STM32U5A5ZJT6, STM32U5A5ZJT6Q, STM32U5A5ZJY6QTR, STM32U5A9BJY6QTR, STM32U5A9J-DK, STM32U5A9NJH6Q, STM32U5A9VJT6Q, STM32U5A9ZJT6Q, STM32U5A9ZJY6QTR, STM32U5F7VIT6, STM32U5F7VIT6Q, STM32U5F7VJT6, STM32U5F7VJT6Q, STM32U5F9BJY6QTR, STM32U5F9NJH6Q, STM32U5F9VIT6Q, STM32U5F9VJT6Q, STM32U5F9ZIJ6QTR, STM32U5F9ZIT6Q, STM32U5F9ZJJ6QTR, STM32U5F9ZJT6Q, STM32U5G7VJT6, STM32U5G7VJT6Q, STM32U5G9BJY6QTR, STM32U5G9J-DK1, STM32U5G9J-DK2, STM32U5G9NJH6Q, STM32U5G9VJT6Q, STM32U5G9ZJJ6QTR, STM32U5G9ZJT6Q, STM32WB1MMCH6, STM32WBA50KEU6, STM32WBA50KEU6TR, STM32WBA50KGU6, STM32WBA50KGU6TR, STM32WBA52CEU6, STM32WBA52CEU6TR, STM32WBA52CEU7, STM32WBA52CEU7TR, STM32WBA52CGU6, STM32WBA52CGU6TR, STM32WBA52CGU6U, STM32WBA52CGU7, STM32WBA52CGU7TR, STM32WBA52KEU6, STM32WBA52KEU6TR, STM32WBA52KGU6, STM32WBA52KGU6TR, STM32WBA54CEU6, STM32WBA54CEU6TR, STM32WBA54CEU7, STM32WBA54CEU7TR, STM32WBA54CGU6, STM32WBA54CGU6TR, STM32WBA54CGU7, STM32WBA54CGU7TR, STM32WBA54KEU6, STM32WBA54KEU6TR, STM32WBA54KEU7, STM32WBA54KEU7TR, STM32WBA54KGU6, STM32WBA54KGU6TR, STM32WBA54KGU7, STM32WBA54KGU7TR, STM32WBA55CEU6, STM32WBA55CEU6TR, STM32WBA55CEU7, STM32WBA55CEU7TR, STM32WBA55CGU6, STM32WBA55CGU6TR, STM32WBA55CGU6U, STM32WBA55CGU7, STM32WBA55CGU7TR, STM32WBA55G-DK1, STM32WBA55HEF6, STM32WBA55HEF7, STM32WBA55HGF6, STM32WBA55HGF7, STM32WBA55UEI6, STM32WBA55UEI6TR, STM32WBA55UEI7, STM32WBA55UEI7TR, STM32WBA55UGI6, STM32WBA55UGI6TR, STM32WBA55UGI7, STM32WBA55UGI7TR, STM32WL5MOCH6, STM32WL5MOCH6TR]
2024-01-12 13:11:13,606 [INFO] BoardInfo:889 - No configuration file found for board P-NUCLEO-WB55
2024-01-12 13:11:13,607 [INFO] DbBoards:161 - Kit is not supported: P-NUCLEO-WB55
2024-01-12 13:11:13,613 [INFO] BoardInfo:889 - No configuration file found for board STEVAL-BFA001V1B
2024-01-12 13:11:13,613 [INFO] DbBoards:161 - Kit is not supported: STEVAL-BFA001V1B
2024-01-12 13:11:13,614 [INFO] BoardInfo:889 - No configuration file found for board STEVAL-BFA001V2B
2024-01-12 13:11:13,614 [INFO] DbBoards:161 - Kit is not supported: STEVAL-BFA001V2B
2024-01-12 13:11:13,764 [INFO] DbBoards:168 - Found 193 boards, 190 are supported
2024-01-12 13:11:13,764 [INFO] DbBoards:169 - Found 193 boards, 3 of them is supported for  Bsp
2024-01-12 13:11:13,768 [INFO] ApiDb:668 - CubeFinder database Data Model version=2.1
2024-01-12 13:11:13,768 [INFO] ApiDb:669 - CubeFinder database Configuration version=3.0.39
2024-01-12 13:11:13,768 [INFO] ApiDb:670 - CubeFinder database generation date=2023-12-08 (1702028721)
2024-01-12 13:11:13,768 [INFO] ApiDb:671 - CubeFinder database FW Pack versions=[FP-ATR-ASTRA1_V2.0.0, FP-SNS-FLIGHT1_V5.0.1, FP-SNS-FLIGHT1_V5.0.2, FP-SNS-MOTENV1_V4.3.1, FP-SNS-MOTENV1_V4.3.2, FP-SNS-MOTENVWB1_V1.3.1, FP-SNS-SMARTAG2_V1.2.0, STM32Cube_FW_C0_V1.1.0, STM32Cube_FW_F4_V1.28.0, STM32Cube_FW_F7_V1.17.0, STM32Cube_FW_G0_V1.6.1, STM32Cube_FW_G4_V1.5.1, STM32Cube_FW_H5_V0.5.1, STM32Cube_FW_H5_V1.1.1, STM32Cube_FW_H5_V1.2.0RC2, STM32Cube_FW_H7_V1.11.0, STM32Cube_FW_L0_V1.12.2, STM32Cube_FW_L5_V1.5.0, STM32Cube_FW_U5_V1.3.0RC4, STM32Cube_FW_U5_V1.4.0, STM32Cube_FW_WBA_V1.0.0RC1, STM32Cube_FW_WBA_V1.1.0RC1, STM32Cube_FW_WBA_V1.2.0, STM32Cube_FW_WBA_V1.2.0RC2, STM32Cube_FW_WB_V1.15.0RC1, STM32Cube_FW_WB_V1.16.0, STM32Cube_FW_WB_V1.16.0RC2, STM32Cube_FW_WB_V1.18.0, STM32Cube_FW_WL_V1.3.0, X-CUBE-ALGOBUILD_V1.3.0, X-CUBE-ALS_V1.0.1, X-CUBE-AZRTOS-F4_V1.1.0, X-CUBE-AZRTOS-F7_V1.1.0, X-CUBE-AZRTOS-G0_V1.1.0, X-CUBE-AZRTOS-G4_V2.0.0, X-CUBE-AZRTOS-H7_V3.1.0, X-CUBE-AZRTOS-L4_V1.0.0, X-CUBE-AZRTOS-L4_V2.0.0, X-CUBE-AZRTOS-L5_V1.1.0, X-CUBE-AZRTOS-WB_V2.0.0, X-CUBE-AZRTOS-WL_V2.0.0, X-CUBE-BLE1_V7.0.0, X-CUBE-BLE2_V3.3.0, X-CUBE-BLEMGR_V3.0.0, X-CUBE-EEPRMA1_V4.1.0, X-CUBE-EEPRMA1_V4.2.0, X-CUBE-FREERTOS_V1.1.0, X-CUBE-GNSS1_V6.0.0, X-CUBE-MEMS1_V10.0.0, X-CUBE-MEMS1_V9.1.0, X-CUBE-MEMS1_V9.4.0, X-CUBE-MEMS1_V9.6.0, X-CUBE-NFC4_V3.0.0, X-CUBE-NFC7_V1.0.1, X-CUBE-SFXS2LP1_V4.0.0, X-CUBE-SUBG2_V5.0.0, X-CUBE-TOF1_V3.4.0]
2024-01-12 13:11:15,146 [INFO] ApiDb:240 - Found 371 in-development CPN: [B-G473E-ZEST1S, B-WB1M-WPAN1, B-WL5M-SUBG1, NUCLEO-C031C6, NUCLEO-H503RB, NUCLEO-H563ZI, NUCLEO-U545RE-Q, NUCLEO-U5A5ZJ-Q, NUCLEO-WBA52CG, NUCLEO-WBA55CG, STEVAL-MKBOXPRO, STEVAL-PROTEUS1, STEVAL-STWINBX1, STM320518-EVAL, STM32C0116-DK, STM32C011D6Y3TR, STM32C011D6Y6TR, STM32C011F4P3, STM32C011F4P6, STM32C011F4U3, STM32C011F4U6TR, STM32C011F6P3, STM32C011F6P6, STM32C011F6U3, STM32C011F6U6TR, STM32C011J4M3, STM32C011J4M6, STM32C011J6M3, STM32C011J6M6, STM32C0316-DK, STM32C031C4T3, STM32C031C4T6, STM32C031C4U3, STM32C031C4U6, STM32C031C6T3, STM32C031C6T6, STM32C031C6U3, STM32C031C6U6, STM32C031F4P3, STM32C031F4P6, STM32C031F6P3, STM32C031F6P6, STM32C031G4U3, STM32C031G4U6, STM32C031G6U3, STM32C031G6U6, STM32C031K4T3, STM32C031K4T6, STM32C031K4U3, STM32C031K4U6, STM32C031K6T3, STM32C031K6T6, STM32C031K6U3, STM32C031K6U6, STM32G071K8TXN, STM32G071K8UXN, STM32G081GBU6N, STM32G081KBT6N, STM32G081KBUXN, STM32G0B1CCT6N, STM32G0B1KCT6, STM32G0B1NEY6TR, STM32G0B1RCT6N, STM32G0C1CCT6, STM32G0C1CCT6N, STM32G0C1CCU6N, STM32G0C1CET6N, STM32G0C1CEU6N, STM32G0C1KCT6, STM32G0C1NEY6TR, STM32G0C1RCI6N, STM32G0C1RCT6N, STM32G0C1REI6N, STM32G0C1RET6N, STM32G0C1VCI6, STM32G0C1VEI6, STM32G471CCT6, STM32G471CCU6, STM32G471CET3, STM32G471CET6, STM32G471CEU3, STM32G471CEU6, STM32G471MCT6, STM32G471MET3, STM32G471MET6, STM32G471MEY6TR, STM32G471QCT6, STM32G471QET3, STM32G471RCT6, STM32G471RET3, STM32G471RET6, STM32G471VCH6, STM32G471VCI6, STM32G471VCT6, STM32G471VEH3, STM32G471VEH6, STM32G471VEI3, STM32G471VEI6, STM32G471VET3, STM32G471VET6, STM32G474CCT6, STM32H503CBT6, STM32H503CBU6, STM32H503EBY6TR, STM32H503KBU6, STM32H503RBT6, STM32H562AGI6, STM32H562AII6, STM32H562IGK6, STM32H562IGT6, STM32H562IIK6, STM32H562IIT6, STM32H562RGT6, STM32H562RGV6, STM32H562RIT6, STM32H562RIV6, STM32H562VGT6, STM32H562VIT6, STM32H562ZGT6, STM32H562ZIT6, STM32H563AGI6, STM32H563AII3Q, STM32H563AII6, STM32H563IGK6, STM32H563IGT6, STM32H563IIK3Q, STM32H563IIK6, STM32H563IIT3Q, STM32H563IIT6, STM32H563MIY3QTR, STM32H563RGT6, STM32H563RGV6, STM32H563RIT6, STM32H563RIV6, STM32H563VGT6, STM32H563VIT3Q, STM32H563VIT6, STM32H563ZGT6, STM32H563ZIT3Q, STM32H563ZIT6, STM32H573AII3Q, STM32H573AII6, STM32H573I-DK, STM32H573IIK3Q, STM32H573IIK6, STM32H573IIT3Q, STM32H573IIT6, STM32H573MIY3QTR, STM32H573RIT6, STM32H573RIV6, STM32H573VIT3Q, STM32H573VIT6, STM32H573ZIT3Q, STM32H573ZIT6, STM32L4R5QGI6STR, STM32MP131AAE3, STM32MP131AAF3, STM32MP131AAG3, STM32MP131CAE3, STM32MP131CAF3, STM32MP131CAG3, STM32MP131DAE7, STM32MP131DAF7, STM32MP131DAG7, STM32MP131FAE7, STM32MP131FAF7, STM32MP131FAG7, STM32MP133AAE3, STM32MP133AAF3, STM32MP133AAG3, STM32MP133CAE3, STM32MP133CAF3, STM32MP133CAG3, STM32MP133DAE7, STM32MP133DAF7, STM32MP133DAG7, STM32MP133FAE7, STM32MP133FAF7, STM32MP133FAG7, STM32MP135AAE3, STM32MP135AAF3, STM32MP135AAG3, STM32MP135CAE3, STM32MP135CAF3, STM32MP135CAG3, STM32MP135DAE7, STM32MP135DAF7, STM32MP135DAG7, STM32MP135F-DK, STM32MP135FAE7, STM32MP135FAF7, STM32MP135FAF7T, STM32MP135FAF7U, STM32MP135FAG7, STM32U535CBT6, STM32U535CBT6Q, STM32U535CBU6, STM32U535CBU6Q, STM32U535CCT6, STM32U535CCT6Q, STM32U535CCU6, STM32U535CCU6Q, STM32U535CET6, STM32U535CET6Q, STM32U535CEU6, STM32U535CEU6Q, STM32U535JEY6QTR, STM32U535NCY6QTR, STM32U535NEY6QTR, STM32U535RBI6, STM32U535RBI6Q, STM32U535RBT6, STM32U535RBT6Q, STM32U535RCI6, STM32U535RCI6Q, STM32U535RCT6, STM32U535RCT6Q, STM32U535REI6, STM32U535REI6Q, STM32U535RET6, STM32U535RET6Q, STM32U535VCI6, STM32U535VCI6Q, STM32U535VCT6, STM32U535VCT6Q, STM32U535VEI6, STM32U535VEI6Q, STM32U535VET6, STM32U535VET6Q, STM32U545CET6, STM32U545CET6Q, STM32U545CEU6, STM32U545CEU6Q, STM32U545JEY6QTR, STM32U545NEY6QTR, STM32U545REI6, STM32U545REI6Q, STM32U545RET6, STM32U545RET6Q, STM32U545VEI6, STM32U545VEI6Q, STM32U545VET6, STM32U545VET6Q, STM32U595AIH6, STM32U595AIH6Q, STM32U595AJH6, STM32U595AJH6Q, STM32U595QII6, STM32U595QII6Q, STM32U595QJI6, STM32U595QJI6Q, STM32U595RIT6, STM32U595RIT6Q, STM32U595RJT6, STM32U595RJT6Q, STM32U595VIT6, STM32U595VIT6Q, STM32U595VJT6, STM32U595VJT6Q, STM32U595ZIT6, STM32U595ZIT6Q, STM32U595ZIY6QTR, STM32U595ZJT6, STM32U595ZJT6Q, STM32U595ZJY6QTR, STM32U599BJY6QTR, STM32U599NIH6Q, STM32U599NJH6Q, STM32U599VIT6Q, STM32U599VJT6, STM32U599VJT6Q, STM32U599ZIT6Q, STM32U599ZIY6QTR, STM32U599ZJT6Q, STM32U599ZJY6QTR, STM32U5A5AJH6, STM32U5A5AJH6Q, STM32U5A5QJI6, STM32U5A5QJI6Q, STM32U5A5RJT6, STM32U5A5RJT6Q, STM32U5A5VJT6, STM32U5A5VJT6Q, STM32U5A5ZJT6, STM32U5A5ZJT6Q, STM32U5A5ZJY6QTR, STM32U5A9BJY6QTR, STM32U5A9J-DK, STM32U5A9NJH6Q, STM32U5A9VJT6Q, STM32U5A9ZJT6Q, STM32U5A9ZJY6QTR, STM32U5F7VIT6, STM32U5F7VIT6Q, STM32U5F7VJT6, STM32U5F7VJT6Q, STM32U5F9BJY6QTR, STM32U5F9NJH6Q, STM32U5F9VIT6Q, STM32U5F9VJT6Q, STM32U5F9ZIJ6QTR, STM32U5F9ZIT6Q, STM32U5F9ZJJ6QTR, STM32U5F9ZJT6Q, STM32U5G7VJT6, STM32U5G7VJT6Q, STM32U5G9BJY6QTR, STM32U5G9J-DK1, STM32U5G9J-DK2, STM32U5G9NJH6Q, STM32U5G9VJT6Q, STM32U5G9ZJJ6QTR, STM32U5G9ZJT6Q, STM32WB1MMCH6, STM32WBA50KEU6, STM32WBA50KEU6TR, STM32WBA50KGU6, STM32WBA50KGU6TR, STM32WBA52CEU6, STM32WBA52CEU6TR, STM32WBA52CEU7, STM32WBA52CEU7TR, STM32WBA52CGU6, STM32WBA52CGU6TR, STM32WBA52CGU6U, STM32WBA52CGU7, STM32WBA52CGU7TR, STM32WBA52KEU6, STM32WBA52KEU6TR, STM32WBA52KGU6, STM32WBA52KGU6TR, STM32WBA54CEU6, STM32WBA54CEU6TR, STM32WBA54CEU7, STM32WBA54CEU7TR, STM32WBA54CGU6, STM32WBA54CGU6TR, STM32WBA54CGU7, STM32WBA54CGU7TR, STM32WBA54KEU6, STM32WBA54KEU6TR, STM32WBA54KEU7, STM32WBA54KEU7TR, STM32WBA54KGU6, STM32WBA54KGU6TR, STM32WBA54KGU7, STM32WBA54KGU7TR, STM32WBA55CEU6, STM32WBA55CEU6TR, STM32WBA55CEU7, STM32WBA55CEU7TR, STM32WBA55CGU6, STM32WBA55CGU6TR, STM32WBA55CGU6U, STM32WBA55CGU7, STM32WBA55CGU7TR, STM32WBA55G-DK1, STM32WBA55HEF6, STM32WBA55HEF7, STM32WBA55HGF6, STM32WBA55HGF7, STM32WBA55UEI6, STM32WBA55UEI6TR, STM32WBA55UEI7, STM32WBA55UEI7TR, STM32WBA55UGI6, STM32WBA55UGI6TR, STM32WBA55UGI7, STM32WBA55UGI7TR, STM32WL5MOCH6, STM32WL5MOCH6TR]
2024-01-12 13:11:15,155 [INFO] DbMcus:218 - Found 3930 MCUs, 3930 are supported
2024-01-12 13:11:15,156 [INFO] ApiDb:423 - Load user favorites file /Users/bentjh01/.stm32cubeide/favorites.mcus.txt: 0 item(s)
2024-01-12 13:11:15,156 [INFO] ApiDb:427 - User favorites MCUs=[]
2024-01-12 13:11:15,157 [INFO] DbMcus:224 - Set 0 / 0 favorites MCUs
2024-01-12 13:11:15,338 [INFO] ApiDb:423 - Load user favorites file /Users/bentjh01/.stm32cubeide/favorites.boards.txt: 0 item(s)
2024-01-12 13:11:15,338 [INFO] ApiDb:427 - User favorites Boards=[]
2024-01-12 13:11:15,338 [INFO] DbBoards:198 - Set 0 / 0 favorites Boards
2024-01-12 13:11:15,338 [INFO] McuFinderGlobals:76 - Set McuFinderConnectedMode to true
2024-01-12 13:11:15,352 [INFO] MultiScanPanel:200 - Auto-refresh data requested => check proxy status ongoing
2024-01-12 13:11:15,355 [INFO] FinderPluginLoader:95 - Searching for filters in installed packs
2024-01-12 13:11:17,036 [INFO] LoadUrlFilesThread:185 - End of LoadServerUrlFiles without Thread
2024-01-12 13:11:17,084 [INFO] DetailPanel:341 - Set advertising image to /Users/bentjh01/STM32Cube/Repository//en.prom-stm32wl3-mcu-finder.jpg
2024-01-12 13:12:46,791 [INFO] MainUpdater:2873 - connection check result : 10
2024-01-12 13:12:46,794 [INFO] MainUpdater:2873 - connection check result : 10
2024-01-12 13:12:47,247 [INFO] MicroXplorer:468 - Change Database Path : 
2024-01-12 13:12:47,248 [INFO] MicroXplorer:498 - Change Database Version : DB.6.0.100
2024-01-12 13:12:47,254 [WARN] ThirdParty:871 - waiting for thirdparty lock release [close project]
2024-01-12 13:12:47,254 [INFO] ThirdParty:873 - entering critical section [close project]
2024-01-12 13:12:47,259 [INFO] ThirdParty:883 - exiting critical section [close project]
2024-01-12 13:12:47,266 [INFO] PinOutPanel:1499 - setPackage(No Configuration,No Configuration)
2024-01-12 13:12:47,273 [INFO] UtilMem:75 - Begin LoadConfig() Used Memory: 539701736 Bytes (942669824)
2024-01-12 13:12:47,275 [INFO] MicroXplorer:468 - Change Database Path : 
2024-01-12 13:12:47,275 [INFO] MicroXplorer:498 - Change Database Version : DB.6.0.100
2024-01-12 13:12:47,275 [INFO] OpenFileManager:312 - Change cursor
2024-01-12 13:12:47,441 [INFO] Mcu:2016 - Initializing MCU STM32F427IIHx STM32F427IIHx STM32F427IIH6
2024-01-12 13:12:49,855 [INFO] Context:659 - Trying to add GPIOservice into a context  which must be forbidden
2024-01-12 13:12:50,794 [INFO] ImportTextPane:194 - (OptionalMessage_ERROR) Unable to find key (Mcu.ThirdPartyNb) in loaded IOC file
2024-01-12 13:12:50,798 [INFO] ImportTextPane:194 - (OptionalMessage_ERROR) Unable to find key (Mcu.PinsNb) in loaded IOC file
2024-01-12 13:12:50,798 [INFO] ImportTextPane:194 - (OptionalMessage_ERROR) Unable to find key (Mcu.IPNb) in loaded IOC file
2024-01-12 13:12:50,959 [INFO] RtosManager:555 - Registered RTOS mode: class=CMSIS, group=RTOS, mode=CMSIS_V1, owner=FREERTOS
2024-01-12 13:12:50,959 [INFO] RtosManager:555 - Registered RTOS mode: class=CMSIS, group=RTOS2, mode=CMSIS_V2, owner=FREERTOS
2024-01-12 13:12:50,959 [INFO] RtosManager:555 - Registered RTOS mode: class=RTOS, group=Core, mode=CMSIS_V1, owner=FREERTOS
2024-01-12 13:12:50,959 [INFO] RtosManager:555 - Registered RTOS mode: class=RTOS, group=Core, mode=CMSIS_V2, owner=FREERTOS
2024-01-12 13:12:50,959 [WARN] ModelIntegratedComponent:184 - Missing modes for component STMicroelectronics:FreeRTOS:0.0.1:STMicroelectronics:RTOS:FreeRTOS:Core:::10.2.0:
2024-01-12 13:12:50,993 [WARN] ModelIntegratedComponent:63 - No mode defined for component null
2024-01-12 13:12:50,993 [WARN] ModelIntegratedComponent:63 - No mode defined for component null
2024-01-12 13:12:50,993 [WARN] ModelIntegratedComponent:63 - No mode defined for component null
2024-01-12 13:12:50,993 [WARN] ModelIntegratedComponent:63 - No mode defined for component null
2024-01-12 13:12:50,993 [WARN] ModelIntegratedComponent:63 - No mode defined for component null
2024-01-12 13:12:50,993 [WARN] ModelIntegratedComponent:63 - No mode defined for component null
2024-01-12 13:12:50,993 [WARN] ModelIntegratedComponent:63 - No mode defined for component null
2024-01-12 13:12:50,993 [WARN] ModelIntegratedComponent:63 - No mode defined for component null
2024-01-12 13:12:50,994 [WARN] ModelIntegratedComponent:63 - No mode defined for component null
2024-01-12 13:12:50,994 [WARN] ModelIntegratedComponent:63 - No mode defined for component null
2024-01-12 13:12:50,994 [WARN] ModelIntegratedComponent:63 - No mode defined for component null
2024-01-12 13:12:50,994 [WARN] ModelIntegratedComponent:63 - No mode defined for component null
2024-01-12 13:12:50,994 [WARN] ModelIntegratedComponent:63 - No mode defined for component null
2024-01-12 13:12:50,994 [WARN] ModelIntegratedComponent:63 - No mode defined for component null
2024-01-12 13:12:50,994 [WARN] ModelIntegratedComponent:63 - No mode defined for component null
2024-01-12 13:12:50,994 [WARN] ModelIntegratedComponent:63 - No mode defined for component null
2024-01-12 13:12:50,994 [WARN] ModelIntegratedComponent:63 - No mode defined for component null
2024-01-12 13:12:50,994 [WARN] ModelIntegratedComponent:63 - No mode defined for component null
2024-01-12 13:12:50,994 [WARN] ModelIntegratedComponent:63 - No mode defined for component null
2024-01-12 13:12:50,994 [WARN] ModelIntegratedComponent:63 - No mode defined for component null
2024-01-12 13:12:50,994 [WARN] ModelIntegratedComponent:63 - No mode defined for component null
2024-01-12 13:12:50,994 [WARN] ModelIntegratedComponent:63 - No mode defined for component null
2024-01-12 13:12:50,994 [WARN] ModelIntegratedComponent:63 - No mode defined for component null
2024-01-12 13:12:50,994 [WARN] ModelIntegratedComponent:63 - No mode defined for component null
2024-01-12 13:12:50,994 [WARN] ModelIntegratedComponent:63 - No mode defined for component null
2024-01-12 13:12:50,994 [WARN] ModelIntegratedComponent:63 - No mode defined for component null
2024-01-12 13:12:50,994 [WARN] ModelIntegratedComponent:63 - No mode defined for component null
2024-01-12 13:12:50,994 [WARN] ModelIntegratedComponent:63 - No mode defined for component null
2024-01-12 13:12:50,994 [WARN] ModelIntegratedComponent:63 - No mode defined for component null
2024-01-12 13:12:50,994 [WARN] ModelIntegratedComponent:63 - No mode defined for component null
2024-01-12 13:12:50,994 [WARN] ModelIntegratedComponent:63 - No mode defined for component null
2024-01-12 13:12:50,994 [WARN] ModelIntegratedComponent:63 - No mode defined for component null
2024-01-12 13:12:50,994 [WARN] ModelIntegratedComponent:63 - No mode defined for component null
2024-01-12 13:12:51,139 [INFO] ThirdPartyModel:298 - Start build external matchings
2024-01-12 13:12:51,415 [INFO] ThirdPartyModel:316 - End build external matchings
2024-01-12 13:12:52,016 [INFO] UtilMem:75 - End LoadConfig() Used Memory: 602453888 Bytes (1073741824)
2024-01-12 13:12:52,057 [INFO] MicroXplorer:468 - Change Database Path : 
2024-01-12 13:12:52,059 [INFO] MicroXplorer:498 - Change Database Version : DB.6.0.100
2024-01-12 13:12:52,060 [WARN] ThirdParty:833 - waiting for thirdparty lock release [change project]
2024-01-12 13:12:52,060 [INFO] ThirdParty:835 - entering critical section [change project]
2024-01-12 13:12:52,062 [INFO] ThirdParty:1030 - CMSIS Pack Vendor :STMicroelectronics USBPD 4.1
2024-01-12 13:12:52,062 [INFO] ThirdParty:1030 - CMSIS Pack Vendor :STMicroelectronics X-CUBE-GNSS1 6.0.0
2024-01-12 13:12:52,062 [INFO] ThirdParty:1030 - CMSIS Pack Vendor :STMicroelectronics USB_HOST 2.0.0
2024-01-12 13:12:52,062 [INFO] ThirdParty:1030 - CMSIS Pack Vendor :STMicroelectronics X-CUBE-AZRTOS-F4 1.1.0
2024-01-12 13:12:52,062 [INFO] ThirdParty:1030 - CMSIS Pack Vendor :STMicroelectronics LIBJPEG 8.0.0
2024-01-12 13:12:52,062 [INFO] ThirdParty:1030 - CMSIS Pack Vendor :STMicroelectronics X-CUBE-SMBUS 2.1.0
2024-01-12 13:12:52,062 [INFO] ThirdParty:1030 - CMSIS Pack Vendor :STMicroelectronics USB_DEVICE 3.0.0
2024-01-12 13:12:52,062 [INFO] ThirdParty:1030 - CMSIS Pack Vendor :STMicroelectronics X-CUBE-AZRTOS-WB 2.0.0
2024-01-12 13:12:52,062 [INFO] ThirdParty:1030 - CMSIS Pack Vendor :wolfSSL I-CUBE-wolfSSL 5.6.6
2024-01-12 13:12:52,062 [INFO] ThirdParty:1030 - CMSIS Pack Vendor :STMicroelectronics X-CUBE-TOUCHGFX 4.23.0
2024-01-12 13:12:52,062 [INFO] ThirdParty:1030 - CMSIS Pack Vendor :STMicroelectronics X-CUBE-AZRTOS-F7 1.1.0
2024-01-12 13:12:52,062 [INFO] ThirdParty:1030 - CMSIS Pack Vendor :STMicroelectronics X-CUBE-AZRTOS-L5 2.0.0
2024-01-12 13:12:52,062 [INFO] ThirdParty:1030 - CMSIS Pack Vendor :STMicroelectronics USB_DEVICE 2.0.0
2024-01-12 13:12:52,062 [INFO] ThirdParty:1030 - CMSIS Pack Vendor :STMicroelectronics X-CUBE-EEPRMA1 4.2.0
2024-01-12 13:12:52,063 [INFO] ThirdParty:1030 - CMSIS Pack Vendor :ITTIA_DB I-CUBE-ITTIADB 8.8.0
2024-01-12 13:12:52,063 [INFO] ThirdParty:1030 - CMSIS Pack Vendor :STMicroelectronics FP-SNS-MOTENV1 4.3.2
2024-01-12 13:12:52,064 [INFO] ThirdParty:1030 - CMSIS Pack Vendor :STMicroelectronics X-CUBE-ALGOBUILD 1.3.0
2024-01-12 13:12:52,065 [INFO] ThirdParty:1030 - CMSIS Pack Vendor :STMicroelectronics FreeRTOS 0.0.1
2024-01-12 13:12:52,065 [INFO] ThirdParty:1030 - CMSIS Pack Vendor :STMicroelectronics X-CUBE-AZRTOS-G0 1.1.0
2024-01-12 13:12:52,065 [INFO] ThirdParty:1030 - CMSIS Pack Vendor :STMicroelectronics X-CUBE-NFC4 3.0.0
2024-01-12 13:12:52,065 [INFO] ThirdParty:1030 - CMSIS Pack Vendor :STMicroelectronics X-CUBE-SUBG2 5.0.0
2024-01-12 13:12:52,065 [INFO] ThirdParty:1030 - CMSIS Pack Vendor :STMicroelectronics STM32_WPAN 1.0.0
2024-01-12 13:12:52,065 [INFO] ThirdParty:1030 - CMSIS Pack Vendor :STMicroelectronics lwIP 2.0.3
2024-01-12 13:12:52,065 [INFO] ThirdParty:1030 - CMSIS Pack Vendor :STMicroelectronics FP-SNS-FLIGHT1 5.0.2
2024-01-12 13:12:52,065 [INFO] ThirdParty:1030 - CMSIS Pack Vendor :STMicroelectronics USB_HOST 1.0.0
2024-01-12 13:12:52,065 [INFO] ThirdParty:1030 - CMSIS Pack Vendor :STMicroelectronics X-CUBE-AZRTOS-G4 2.0.0
2024-01-12 13:12:52,065 [INFO] ThirdParty:1030 - CMSIS Pack Vendor :STMicroelectronics PDM2PCM 3.1.0
2024-01-12 13:12:52,065 [INFO] ThirdParty:1030 - CMSIS Pack Vendor :Infineon AIROC-Wi-Fi-Bluetooth-STM32 1.5.1
2024-01-12 13:12:52,065 [INFO] ThirdParty:1030 - CMSIS Pack Vendor :STMicroelectronics X-CUBE-BLEMGR 3.0.0
2024-01-12 13:12:52,065 [INFO] ThirdParty:1030 - CMSIS Pack Vendor :STMicroelectronics PDM2PCM 3.3.0
2024-01-12 13:12:52,065 [INFO] ThirdParty:1030 - CMSIS Pack Vendor :STMicroelectronics X-CUBE-DISPLAY 3.0.0
2024-01-12 13:12:52,065 [INFO] ThirdParty:1030 - CMSIS Pack Vendor :STMicroelectronics FP-SNS-MOTENVWB1 1.3.1
2024-01-12 13:12:52,065 [INFO] ThirdParty:1030 - CMSIS Pack Vendor :STMicroelectronics X-CUBE-BLE1 7.0.0
2024-01-12 13:12:52,065 [INFO] ThirdParty:1030 - CMSIS Pack Vendor :STMicroelectronics FP-ATR-SIGFOX1 3.2.0
2024-01-12 13:12:52,065 [INFO] ThirdParty:1030 - CMSIS Pack Vendor :STMicroelectronics X-CUBE-ISPU 2.0.0
2024-01-12 13:12:52,065 [INFO] ThirdParty:1030 - CMSIS Pack Vendor :STMicroelectronics HAL Drivers 0.0.0
2024-01-12 13:12:52,065 [INFO] ThirdParty:1030 - CMSIS Pack Vendor :STMicroelectronics MBEDTLS 2.16.2
2024-01-12 13:12:52,065 [INFO] ThirdParty:1030 - CMSIS Pack Vendor :emotas I-CUBE-CANOPEN 1.3.0
2024-01-12 13:12:52,065 [INFO] ThirdParty:1030 - CMSIS Pack Vendor :STMicroelectronics X-CUBE-MEMS1 10.0.0
2024-01-12 13:12:52,065 [INFO] ThirdParty:1030 - CMSIS Pack Vendor :STMicroelectronics X-CUBE-FREERTOS 1.1.0
2024-01-12 13:12:52,065 [INFO] ThirdParty:1030 - CMSIS Pack Vendor :STMicroelectronics X-CUBE-NFC7 1.0.1
2024-01-12 13:12:52,065 [INFO] ThirdParty:1030 - CMSIS Pack Vendor :STMicroelectronics MBEDTLS 2.14.1
2024-01-12 13:12:52,065 [INFO] ThirdParty:1030 - CMSIS Pack Vendor :STMicroelectronics X-CUBE-NFC6 3.0.0
2024-01-12 13:12:52,065 [INFO] ThirdParty:1030 - CMSIS Pack Vendor :portGmbH I-Cube-SoM-uGOAL 1.1.0
2024-01-12 13:12:52,065 [INFO] ThirdParty:1030 - CMSIS Pack Vendor :STMicroelectronics X-CUBE-ALS 1.0.1
2024-01-12 13:12:52,065 [INFO] ThirdParty:1030 - CMSIS Pack Vendor :STMicroelectronics ThreadX 1.0.0
2024-01-12 13:12:52,066 [INFO] ThirdParty:1030 - CMSIS Pack Vendor :STMicroelectronics FP-SNS-SMARTAG2 1.2.0
2024-01-12 13:12:52,066 [INFO] ThirdParty:1030 - CMSIS Pack Vendor :STMicroelectronics X-CUBE-AZRTOS-WL 2.0.0
2024-01-12 13:12:52,066 [INFO] ThirdParty:1030 - CMSIS Pack Vendor :SEGGER I-CUBE-embOS 1.3.1
2024-01-12 13:12:52,066 [INFO] ThirdParty:1030 - CMSIS Pack Vendor :STMicroelectronics USB_DEVICE 1.0.0
2024-01-12 13:12:52,066 [INFO] ThirdParty:1030 - CMSIS Pack Vendor :STMicroelectronics X-CUBE-AI 8.1.0
2024-01-12 13:12:52,066 [INFO] ThirdParty:1030 - CMSIS Pack Vendor :STMicroelectronics X-CUBE-AZRTOS-L4 2.0.0
2024-01-12 13:12:52,066 [INFO] ThirdParty:1030 - CMSIS Pack Vendor :STMicroelectronics ThreadX 0.0.2
2024-01-12 13:12:52,066 [INFO] ThirdParty:1030 - CMSIS Pack Vendor :WES I-CUBE-Cesium 1.3.0
2024-01-12 13:12:52,066 [INFO] ThirdParty:1030 - CMSIS Pack Vendor :STMicroelectronics FP-ATR-ASTRA1 2.0.0
2024-01-12 13:12:52,066 [INFO] ThirdParty:1030 - CMSIS Pack Vendor :STMicroelectronics lwIP 2.1.2
2024-01-12 13:12:52,066 [INFO] ThirdParty:1030 - CMSIS Pack Vendor :STMicroelectronics X-CUBE-SFXS2LP1 4.0.0
2024-01-12 13:12:52,068 [INFO] ThirdParty:1030 - CMSIS Pack Vendor :STMicroelectronics X-CUBE-BLE2 3.3.0
2024-01-12 13:12:52,071 [INFO] ThirdParty:1030 - CMSIS Pack Vendor :STMicroelectronics X-CUBE-TOF1 3.4.0
2024-01-12 13:12:52,071 [INFO] ThirdParty:1030 - CMSIS Pack Vendor :STMicroelectronics X-CUBE-AZRTOS-H7 3.2.0
2024-01-12 13:12:52,071 [INFO] ThirdParty:1030 - CMSIS Pack Vendor :STMicroelectronics PDM2PCM 3.2.0
2024-01-12 13:12:52,073 [INFO] ThirdParty:841 - exiting critical section [change project]
2024-01-12 13:12:53,016 [INFO] PinOutPanel:1499 - setPackage(No Configuration,No Configuration)
2024-01-12 13:12:53,028 [INFO] PinOutPanel:1499 - setPackage(STM32F427IIHx,UFBGA176)
2024-01-12 13:12:53,931 [INFO] UtilMem:75 - Before build in PCC Used Memory: 566097464 Bytes (1073741824)
2024-01-12 13:12:55,494 [INFO] UtilMem:75 - After build in PCC Used Memory: 842458320 Bytes (1073741824)
2024-01-12 13:12:55,578 [INFO] IPUIPlugin:80 - create IPUIPlugin
2024-01-12 13:12:55,578 [INFO] IPUIPlugin:80 - create IPUIPlugin
2024-01-12 13:12:55,578 [INFO] IPUIPlugin:80 - create IPUIPlugin
2024-01-12 13:12:55,581 [INFO] IPUIPlugin:80 - create IPUIPlugin
2024-01-12 13:12:55,582 [INFO] IPUIPlugin:80 - create IPUIPlugin
2024-01-12 13:12:55,584 [INFO] IPUIPlugin:80 - create IPUIPlugin
2024-01-12 13:12:55,584 [INFO] IPUIPlugin:80 - create IPUIPlugin
2024-01-12 13:12:55,586 [INFO] IPUIPlugin:80 - create IPUIPlugin
2024-01-12 13:12:55,586 [INFO] IPUIPlugin:80 - create IPUIPlugin
2024-01-12 13:12:55,586 [INFO] IPUIPlugin:80 - create IPUIPlugin
2024-01-12 13:12:55,586 [INFO] IPUIPlugin:80 - create IPUIPlugin
2024-01-12 13:12:55,587 [INFO] IPUIPlugin:80 - create IPUIPlugin
2024-01-12 13:12:55,587 [INFO] IPUIPlugin:80 - create IPUIPlugin
2024-01-12 13:12:55,587 [INFO] IPUIPlugin:80 - create IPUIPlugin
2024-01-12 13:12:55,588 [INFO] IPUIPlugin:80 - create IPUIPlugin
2024-01-12 13:12:55,592 [INFO] IPUIPlugin:80 - create IPUIPlugin
2024-01-12 13:12:55,593 [INFO] IPUIPlugin:80 - create IPUIPlugin
2024-01-12 13:12:55,593 [INFO] IPUIPlugin:80 - create IPUIPlugin
2024-01-12 13:12:55,593 [INFO] IPUIPlugin:80 - create IPUIPlugin
2024-01-12 13:12:55,593 [INFO] IPUIPlugin:80 - create IPUIPlugin
2024-01-12 13:12:55,593 [INFO] IPUIPlugin:80 - create IPUIPlugin
2024-01-12 13:12:55,594 [INFO] IPUIPlugin:80 - create IPUIPlugin
2024-01-12 13:12:55,594 [INFO] IPUIPlugin:80 - create IPUIPlugin
2024-01-12 13:12:55,594 [INFO] IPUIPlugin:80 - create IPUIPlugin
2024-01-12 13:12:55,594 [INFO] IPUIPlugin:80 - create IPUIPlugin
2024-01-12 13:12:55,594 [INFO] IPUIPlugin:80 - create IPUIPlugin
2024-01-12 13:12:55,595 [INFO] IPUIPlugin:80 - create IPUIPlugin
2024-01-12 13:12:55,595 [INFO] IPUIPlugin:80 - create IPUIPlugin
2024-01-12 13:12:55,595 [INFO] IPUIPlugin:80 - create IPUIPlugin
2024-01-12 13:12:55,596 [INFO] IPUIPlugin:80 - create IPUIPlugin
2024-01-12 13:12:55,596 [INFO] IPUIPlugin:80 - create IPUIPlugin
2024-01-12 13:12:55,597 [INFO] IPUIPlugin:80 - create IPUIPlugin
2024-01-12 13:12:55,597 [INFO] IPUIPlugin:80 - create IPUIPlugin
2024-01-12 13:12:55,597 [INFO] IPUIPlugin:80 - create IPUIPlugin
2024-01-12 13:12:55,598 [INFO] IPUIPlugin:80 - create IPUIPlugin
2024-01-12 13:12:55,598 [INFO] IPUIPlugin:80 - create IPUIPlugin
2024-01-12 13:12:55,598 [INFO] IPUIPlugin:80 - create IPUIPlugin
2024-01-12 13:12:55,599 [INFO] IPUIPlugin:80 - create IPUIPlugin
2024-01-12 13:12:55,601 [INFO] IPUIPlugin:80 - create IPUIPlugin
2024-01-12 13:12:55,601 [INFO] IPUIPlugin:80 - create IPUIPlugin
2024-01-12 13:12:55,602 [INFO] IPUIPlugin:80 - create IPUIPlugin
2024-01-12 13:12:55,603 [INFO] IPUIPlugin:80 - create IPUIPlugin
2024-01-12 13:12:55,604 [INFO] IPUIPlugin:80 - create IPUIPlugin
2024-01-12 13:12:55,604 [INFO] IPUIPlugin:80 - create IPUIPlugin
2024-01-12 13:12:55,605 [INFO] IPUIPlugin:80 - create IPUIPlugin
2024-01-12 13:12:55,607 [INFO] IPUIPlugin:80 - create IPUIPlugin
2024-01-12 13:12:55,607 [INFO] IPUIPlugin:80 - create IPUIPlugin
2024-01-12 13:12:55,607 [INFO] IPUIPlugin:80 - create IPUIPlugin
2024-01-12 13:12:55,607 [INFO] IPUIPlugin:80 - create IPUIPlugin
2024-01-12 13:12:55,608 [INFO] IPUIPlugin:80 - create IPUIPlugin
2024-01-12 13:12:55,608 [INFO] IPUIPlugin:80 - create IPUIPlugin
2024-01-12 13:12:55,608 [INFO] IPUIPlugin:80 - create IPUIPlugin
2024-01-12 13:12:55,610 [INFO] IPUIPlugin:80 - create IPUIPlugin
2024-01-12 13:12:55,611 [INFO] IPUIPlugin:80 - create IPUIPlugin
2024-01-12 13:12:55,612 [INFO] IPUIPlugin:80 - create IPUIPlugin
2024-01-12 13:12:55,612 [INFO] IPUIPlugin:80 - create IPUIPlugin
2024-01-12 13:12:55,614 [INFO] IPUIPlugin:80 - create IPUIPlugin
2024-01-12 13:12:55,614 [INFO] IPUIPlugin:80 - create IPUIPlugin
2024-01-12 13:12:55,614 [INFO] IPUIPlugin:80 - create IPUIPlugin
2024-01-12 13:12:55,614 [INFO] IPUIPlugin:80 - create IPUIPlugin
2024-01-12 13:12:55,615 [INFO] IPUIPlugin:80 - create IPUIPlugin
2024-01-12 13:12:55,616 [INFO] IPUIPlugin:80 - create IPUIPlugin
2024-01-12 13:12:55,617 [INFO] IPUIPlugin:80 - create IPUIPlugin
2024-01-12 13:12:55,618 [INFO] IPUIPlugin:80 - create IPUIPlugin
2024-01-12 13:12:55,619 [INFO] IPUIPlugin:80 - create IPUIPlugin
2024-01-12 13:12:55,666 [INFO] ApiDbMcu:508 - Load IP Config File for PDM2PCM
2024-01-12 13:12:55,961 [INFO] CADModel:165 - CPN selected for project levelSTM32F427IIH6
2024-01-12 13:12:55,962 [INFO] CADModel:114 - Register for checkConnection events
2024-01-12 13:12:56,036 [INFO] OpenFileManager:343 - Restore cursor
2024-01-12 13:12:57,627 [INFO] UtilMem:75 - End SaveConfig() Used Memory: 582412880 Bytes (1073741824)
2024-01-12 13:12:57,846 [INFO] UtilMem:75 - End SaveConfig() Used Memory: 609614344 Bytes (1073741824)
2024-01-12 13:12:58,613 [INFO] BlockDiagram:2759 - set Specific Code input for plugin: RCC
2024-01-12 13:12:58,614 [INFO] BlockDiagram:2759 - set Specific Code input for plugin: NVIC
2024-01-12 13:12:58,617 [INFO] CodeGenerator:807 - code generatio: config db path: /Applications/STM32CubeIDE.app/Contents/Eclipse/plugins/com.st.stm32cube.common.mx_6.10.0.202311202037//db/
2024-01-12 13:12:59,062 [INFO] CodeEngine:255 - oldGeneratedFile, /Users/bentjh01/Documents/FYP/RoboMasterDevBoard/RoboRTSFirmware/RoboRTS-Firmware/MXTmpFiles/license.tmp_save
2024-01-12 13:12:59,889 [INFO] CodeEngine:279 - Generated code: /Users/bentjh01/Documents/FYP/RoboMasterDevBoard/RoboRTSFirmware/RoboRTS-Firmware/MXTmpFiles/license.tmp
2024-01-12 13:12:59,916 [INFO] CodeEngine:255 - oldGeneratedFile, /Users/bentjh01/Documents/FYP/RoboMasterDevBoard/RoboRTSFirmware/RoboRTS-Firmware/Core/Src/stm32f4xx_it.c_save
2024-01-12 13:13:00,128 [INFO] CodeEngine:279 - Generated code: /Users/bentjh01/Documents/FYP/RoboMasterDevBoard/RoboRTSFirmware/RoboRTS-Firmware/Core/Src/stm32f4xx_it.c
2024-01-12 13:13:00,131 [INFO] CodeEngine:255 - oldGeneratedFile, /Users/bentjh01/Documents/FYP/RoboMasterDevBoard/RoboRTSFirmware/RoboRTS-Firmware/Core/Inc/stm32f4xx_it.h_save
2024-01-12 13:13:00,237 [INFO] CodeEngine:279 - Generated code: /Users/bentjh01/Documents/FYP/RoboMasterDevBoard/RoboRTSFirmware/RoboRTS-Firmware/Core/Inc/stm32f4xx_it.h
2024-01-12 13:13:00,553 [INFO] CodeEngine:255 - oldGeneratedFile, /Users/bentjh01/Documents/FYP/RoboMasterDevBoard/RoboRTSFirmware/RoboRTS-Firmware/Core/Src/stm32f4xx_hal_msp.c_save
2024-01-12 13:13:00,769 [INFO] CodeEngine:279 - Generated code: /Users/bentjh01/Documents/FYP/RoboMasterDevBoard/RoboRTSFirmware/RoboRTS-Firmware/Core/Src/stm32f4xx_hal_msp.c
2024-01-12 13:13:00,778 [INFO] CodeEngine:255 - oldGeneratedFile, /Users/bentjh01/Documents/FYP/RoboMasterDevBoard/RoboRTSFirmware/RoboRTS-Firmware/MXTmpFiles/system.tmp_save
2024-01-12 13:13:00,867 [INFO] CodeEngine:279 - Generated code: /Users/bentjh01/Documents/FYP/RoboMasterDevBoard/RoboRTSFirmware/RoboRTS-Firmware/MXTmpFiles/system.tmp
2024-01-12 13:13:00,894 [INFO] CodeEngine:311 - oldGeneratedFile, /Users/bentjh01/Documents/FYP/RoboMasterDevBoard/RoboRTSFirmware/RoboRTS-Firmware/Core/Inc/stm32f4xx_hal_conf.h_save
2024-01-12 13:13:01,106 [INFO] CodeEngine:335 - Generated code: /Users/bentjh01/Documents/FYP/RoboMasterDevBoard/RoboRTSFirmware/RoboRTS-Firmware/Core/Inc/stm32f4xx_hal_conf.h
2024-01-12 13:13:01,245 [INFO] CodeEngine:255 - oldGeneratedFile, /Users/bentjh01/Documents/FYP/RoboMasterDevBoard/RoboRTSFirmware/RoboRTS-Firmware/Core/Inc/main.h_save
2024-01-12 13:13:01,428 [INFO] CodeEngine:279 - Generated code: /Users/bentjh01/Documents/FYP/RoboMasterDevBoard/RoboRTSFirmware/RoboRTS-Firmware/Core/Inc/main.h
2024-01-12 13:13:01,435 [INFO] CodeEngine:255 - oldGeneratedFile, /Users/bentjh01/Documents/FYP/RoboMasterDevBoard/RoboRTSFirmware/RoboRTS-Firmware/Core/Src/main.c_save
2024-01-12 13:13:01,669 [INFO] CodeEngine:279 - Generated code: /Users/bentjh01/Documents/FYP/RoboMasterDevBoard/RoboRTSFirmware/RoboRTS-Firmware/Core/Src/main.c
2024-01-12 13:13:02,809 [INFO] ProjectBuilder:3076 - Time for Copy HAL[1] : 106mS.
2024-01-12 13:13:02,831 [INFO] ProjectBuilder:4485 - Project Generator version: 4.2.0-B44
2024-01-12 13:13:03,236 [INFO] ConfigFileManager:1495 - The Die is : DIE419
2024-01-12 13:13:03,255 [INFO] ApiDbMcu:508 - Load IP Config File for FATFS
2024-01-12 13:13:03,264 [INFO] ApiDbMcu:508 - Load IP Config File for FREERTOS
2024-01-12 13:13:03,280 [INFO] ApiDbMcu:508 - Load IP Config File for LIBJPEG
2024-01-12 13:13:03,302 [INFO] ApiDbMcu:508 - Load IP Config File for LWIP
2024-01-12 13:13:03,313 [INFO] ApiDbMcu:508 - Load IP Config File for MBEDTLS
2024-01-12 13:13:03,379 [INFO] ApiDbMcu:508 - Load IP Config File for USB_DEVICE
2024-01-12 13:13:03,387 [INFO] ApiDbMcu:508 - Load IP Config File for USB_HOST
2024-01-12 13:13:04,605 [INFO] LogOutputStream:77 - [STDOUT_REDIRECT] 
2024-01-12 13:13:09,137 [INFO] ProjectBuilder:4747 - Time for Generating toolchain IDE Files: 6287mS.
2024-01-12 13:13:09,144 [INFO] ProjectBuilder:2947 - Time for Copy CMSIS : 2mS.
2024-01-12 13:13:09,146 [INFO] ProjectBuilder:2947 - Time for Copy CMSIS : 1mS.
2024-01-12 13:13:10,653 [INFO] McuFinderGlobals:76 - Set McuFinderConnectedMode to true
2024-01-12 13:13:10,673 [INFO] ApiDb:448 - Save user favorites file /Users/bentjh01/.stm32cubeide/favorites.mcus.txt: 0 item(s)
2024-01-12 13:13:10,674 [INFO] ApiDb:452 - User favorites MCUs=[]
2024-01-12 13:24:32,171 [INFO] Can:71 - Can Add PropertyChangeListener com.st.microxplorer.plugins.ip.can.Can@271b6c04
2024-01-12 13:28:04,381 [INFO] NvicIntPanel:101 - NVIC parent = com.st.microxplorer.plugins.ip.nvic.MultiNvicIntPanel[,0,0,0x0,invalid,layout=javax.swing.BoxLayout,alignmentX=0.0,alignmentY=0.0,border=,flags=9,maximumSize=,minimumSize=,preferredSize=]
2024-01-12 13:28:04,525 [INFO] NvicIntPanel:101 - NVIC parent = com.st.microxplorer.plugins.ip.nvic.MultiNvicIntPanel[,0,0,0x0,invalid,layout=javax.swing.BoxLayout,alignmentX=0.0,alignmentY=0.0,border=,flags=9,maximumSize=,minimumSize=,preferredSize=]
2024-01-12 13:28:06,850 [INFO] NvicIntPanel:101 - NVIC parent = com.st.microxplorer.plugins.ip.nvic.MultiNvicIntPanel[,0,0,0x0,invalid,layout=javax.swing.BoxLayout,alignmentX=0.0,alignmentY=0.0,border=,flags=9,maximumSize=,minimumSize=,preferredSize=]
2024-01-12 13:28:06,973 [INFO] NvicIntPanel:101 - NVIC parent = com.st.microxplorer.plugins.ip.nvic.MultiNvicIntPanel[,0,0,0x0,invalid,layout=javax.swing.BoxLayout,alignmentX=0.0,alignmentY=0.0,border=,flags=9,maximumSize=,minimumSize=,preferredSize=]
2024-01-12 13:28:26,590 [INFO] NvicIntPanel:101 - NVIC parent = com.st.microxplorer.plugins.ip.nvic.MultiNvicIntPanel[,0,0,0x0,invalid,layout=javax.swing.BoxLayout,alignmentX=0.0,alignmentY=0.0,border=,flags=9,maximumSize=,minimumSize=,preferredSize=]
2024-01-12 13:28:38,418 [INFO] NvicIntPanel:101 - NVIC parent = com.st.microxplorer.plugins.ip.nvic.MultiNvicIntPanel[,0,0,0x0,invalid,layout=javax.swing.BoxLayout,alignmentX=0.0,alignmentY=0.0,border=,flags=9,maximumSize=,minimumSize=,preferredSize=]
2024-01-12 13:28:45,972 [INFO] Gpio:277 - dependency for GPIO [CAN1, RCC]
2024-01-12 13:28:57,592 [INFO] Gpio:277 - dependency for GPIO [CAN1, RCC]
2024-01-12 13:29:03,289 [INFO] Gpio:277 - dependency for GPIO [CAN1, RCC]
2024-01-12 13:30:46,269 [INFO] UtilMem:75 - End SaveConfig() Used Memory: 653896744 Bytes (760217600)
2024-01-12 13:30:50,702 [INFO] UtilMem:75 - End SaveConfig() Used Memory: 352841504 Bytes (760217600)
2024-01-12 13:30:51,672 [INFO] BlockDiagram:2759 - set Specific Code input for plugin: CAN
2024-01-12 13:30:51,676 [INFO] BlockDiagram:2759 - set Specific Code input for plugin: SYS
2024-01-12 13:30:51,677 [INFO] BlockDiagram:2759 - set Specific Code input for plugin: RCC
2024-01-12 13:30:51,677 [INFO] BlockDiagram:2759 - set Specific Code input for plugin: NVIC
2024-01-12 13:30:51,678 [INFO] BlockDiagram:2759 - set Specific Code input for plugin: GPIO
2024-01-12 13:30:51,679 [INFO] CodeGenerator:807 - code generatio: config db path: /Applications/STM32CubeIDE.app/Contents/Eclipse/plugins/com.st.stm32cube.common.mx_6.10.0.202311202037//db/
2024-01-12 13:30:51,903 [INFO] CodeEngine:255 - oldGeneratedFile, /Users/bentjh01/Documents/FYP/RoboMasterDevBoard/RoboRTSFirmware/RoboRTS-Firmware/MXTmpFiles/license.tmp_save
2024-01-12 13:30:52,312 [INFO] CodeEngine:279 - Generated code: /Users/bentjh01/Documents/FYP/RoboMasterDevBoard/RoboRTSFirmware/RoboRTS-Firmware/MXTmpFiles/license.tmp
2024-01-12 13:30:52,450 [INFO] CodeEngine:255 - oldGeneratedFile, /Users/bentjh01/Documents/FYP/RoboMasterDevBoard/RoboRTSFirmware/RoboRTS-Firmware/MXTmpFiles/gpio.tmp_save
2024-01-12 13:30:52,656 [INFO] CodeEngine:279 - Generated code: /Users/bentjh01/Documents/FYP/RoboMasterDevBoard/RoboRTSFirmware/RoboRTS-Firmware/MXTmpFiles/gpio.tmp
2024-01-12 13:30:52,763 [INFO] CodeEngine:255 - oldGeneratedFile, /Users/bentjh01/Documents/FYP/RoboMasterDevBoard/RoboRTSFirmware/RoboRTS-Firmware/Core/Src/stm32f4xx_it.c_save
2024-01-12 13:30:53,155 [INFO] CodeEngine:279 - Generated code: /Users/bentjh01/Documents/FYP/RoboMasterDevBoard/RoboRTSFirmware/RoboRTS-Firmware/Core/Src/stm32f4xx_it.c
2024-01-12 13:30:53,167 [INFO] CodeEngine:255 - oldGeneratedFile, /Users/bentjh01/Documents/FYP/RoboMasterDevBoard/RoboRTSFirmware/RoboRTS-Firmware/Core/Inc/stm32f4xx_it.h_save
2024-01-12 13:30:53,246 [INFO] CodeEngine:279 - Generated code: /Users/bentjh01/Documents/FYP/RoboMasterDevBoard/RoboRTSFirmware/RoboRTS-Firmware/Core/Inc/stm32f4xx_it.h
2024-01-12 13:30:53,253 [INFO] CodeEngine:255 - oldGeneratedFile, /Users/bentjh01/Documents/FYP/RoboMasterDevBoard/RoboRTSFirmware/RoboRTS-Firmware/Core/Src/stm32f4xx_hal_msp.c_save
2024-01-12 13:30:53,407 [INFO] CodeEngine:279 - Generated code: /Users/bentjh01/Documents/FYP/RoboMasterDevBoard/RoboRTSFirmware/RoboRTS-Firmware/Core/Src/stm32f4xx_hal_msp.c
2024-01-12 13:30:53,410 [INFO] CodeEngine:255 - oldGeneratedFile, /Users/bentjh01/Documents/FYP/RoboMasterDevBoard/RoboRTSFirmware/RoboRTS-Firmware/MXTmpFiles/system.tmp_save
2024-01-12 13:30:53,609 [INFO] CodeEngine:279 - Generated code: /Users/bentjh01/Documents/FYP/RoboMasterDevBoard/RoboRTSFirmware/RoboRTS-Firmware/MXTmpFiles/system.tmp
2024-01-12 13:30:53,617 [INFO] CodeEngine:311 - oldGeneratedFile, /Users/bentjh01/Documents/FYP/RoboMasterDevBoard/RoboRTSFirmware/RoboRTS-Firmware/Core/Inc/stm32f4xx_hal_conf.h_save
2024-01-12 13:30:53,715 [INFO] CodeEngine:335 - Generated code: /Users/bentjh01/Documents/FYP/RoboMasterDevBoard/RoboRTSFirmware/RoboRTS-Firmware/Core/Inc/stm32f4xx_hal_conf.h
2024-01-12 13:30:53,788 [INFO] CodeEngine:255 - oldGeneratedFile, /Users/bentjh01/Documents/FYP/RoboMasterDevBoard/RoboRTSFirmware/RoboRTS-Firmware/Core/Inc/main.h_save
2024-01-12 13:30:53,894 [INFO] CodeEngine:279 - Generated code: /Users/bentjh01/Documents/FYP/RoboMasterDevBoard/RoboRTSFirmware/RoboRTS-Firmware/Core/Inc/main.h
2024-01-12 13:30:53,896 [INFO] CodeEngine:255 - oldGeneratedFile, /Users/bentjh01/Documents/FYP/RoboMasterDevBoard/RoboRTSFirmware/RoboRTS-Firmware/Core/Src/main.c_save
2024-01-12 13:30:54,051 [INFO] CodeEngine:279 - Generated code: /Users/bentjh01/Documents/FYP/RoboMasterDevBoard/RoboRTSFirmware/RoboRTS-Firmware/Core/Src/main.c
2024-01-12 13:30:54,662 [INFO] ProjectBuilder:3076 - Time for Copy HAL[1] : 79mS.
2024-01-12 13:30:54,684 [INFO] ProjectBuilder:4485 - Project Generator version: 4.2.0-B44
2024-01-12 13:30:54,927 [INFO] ConfigFileManager:1495 - The Die is : DIE419
2024-01-12 13:30:58,295 [INFO] ProjectBuilder:4747 - Time for Generating toolchain IDE Files: 3608mS.
2024-01-12 13:30:58,300 [INFO] ProjectBuilder:2947 - Time for Copy CMSIS : 1mS.
2024-01-12 13:30:58,302 [INFO] ProjectBuilder:2947 - Time for Copy CMSIS : 0mS.
