2024-02-19 23:06:29,446 [INFO] Activator:176 - 


2024-02-19 23:06:29,455 [INFO] Activator:177 - !SESSION log4j initialized
2024-02-19 23:06:36,017 [ERROR] LogOutputStream:75 - [STDERR_REDIRECT] 
2024-02-19 23:06:36,819 [INFO] LogOutputStream:77 - [STDOUT_REDIRECT] 
2024-02-19 23:06:39,032 [INFO] LogOutputStream:77 - [STDOUT_REDIRECT] 
2024-02-19 23:06:40,909 [ERROR] LogOutputStream:75 - [STDERR_REDIRECT] [Fatal Error] :2:10: DOCTYPE is disallowed when the feature "http://apache.org/xml/features/disallow-doctype-decl" set to true.
2024-02-19 23:06:40,913 [ERROR] LogOutputStream:75 - [STDERR_REDIRECT] 
2024-02-19 23:06:40,971 [INFO] ApplicationProperties:184 - Using Application install path: /Applications/STM32CubeIDE.app/Contents/Eclipse/plugins/com.st.stm32cube.common.mx_6.10.0.202311202037
2024-02-19 23:06:40,983 [INFO] DbMcusXml:78 - Set database path to: /Applications/STM32CubeIDE.app/Contents/Eclipse/plugins/com.st.stm32cube.common.mx_6.10.0.202311202037//db//mcu/
2024-02-19 23:06:40,984 [INFO] ApiDb:274 - Set plugin database path to: /Applications/STM32CubeIDE.app/Contents/Eclipse/plugins/com.st.stm32cube.common.mx_6.10.0.202311202037//db//plugins/boardmanager/
2024-02-19 23:06:40,984 [WARN] ApiDb:259 - Overriding images path with different value:  => /Applications/STM32CubeIDE.app/Contents/Eclipse/plugins/com.st.stm32cube.common.mx_6.10.0.202311202037//db//plugins/mcufinder/images/
2024-02-19 23:06:40,996 [INFO] ApiDb:250 - Set database path to: /Users/bentjh01/.stmcufinder/plugins/mcufinder//mcu/
2024-02-19 23:06:40,997 [INFO] DbMcusAds:125 - Set database path to: /Users/bentjh01/.stmcufinder/plugins/mcufinder//mcu/
2024-02-19 23:06:40,999 [INFO] CrossReferenceDbSqlite:203 - Set database path to: /Users/bentjh01/.stmcufinder/plugins/mcufinder//mcu/cs/
2024-02-19 23:06:41,123 [INFO] RulesReader:64 - Compatibility file has been processed (297 Rules)
2024-02-19 23:06:41,184 [INFO] DbMcusXml:78 - Set database path to: /Applications/STM32CubeIDE.app/Contents/Eclipse/plugins/com.st.stm32cube.common.mx_6.10.0.202311202037//db//mcu/
2024-02-19 23:06:41,184 [INFO] ApiDb:274 - Set plugin database path to: /Applications/STM32CubeIDE.app/Contents/Eclipse/plugins/com.st.stm32cube.common.mx_6.10.0.202311202037//db//plugins/boardmanager/
2024-02-19 23:06:41,184 [INFO] ApiDb:261 - Set plugin images path to: /Applications/STM32CubeIDE.app/Contents/Eclipse/plugins/com.st.stm32cube.common.mx_6.10.0.202311202037//db//plugins/mcufinder/images/
2024-02-19 23:06:41,184 [WARN] DbFile:41 - Overriding database path with different value: /Users/bentjh01/.stmcufinder/plugins/mcufinder/ => /Users/bentjh01/.stmcufinder/plugins/mcufinder
2024-02-19 23:06:41,184 [INFO] ApiDb:250 - Set database path to: /Users/bentjh01/.stmcufinder/plugins/mcufinder//mcu/
2024-02-19 23:06:41,184 [WARN] DbFile:41 - Overriding database path with different value: /Users/bentjh01/.stmcufinder/plugins/mcufinder/ => /Users/bentjh01/.stmcufinder/plugins/mcufinder
2024-02-19 23:06:41,185 [INFO] DbMcusAds:125 - Set database path to: /Users/bentjh01/.stmcufinder/plugins/mcufinder//mcu/
2024-02-19 23:06:41,185 [WARN] DbFile:41 - Overriding database path with different value: /Users/bentjh01/.stmcufinder/plugins/mcufinder/ => /Users/bentjh01/.stmcufinder/plugins/mcufinder
2024-02-19 23:06:41,185 [WARN] DbFile:41 - Overriding database path with different value: /Users/bentjh01/.stmcufinder/plugins/mcufinder/ => /Users/bentjh01/.stmcufinder/plugins/mcufinder
2024-02-19 23:06:41,185 [INFO] CrossReferenceDbSqlite:203 - Set database path to: /Users/bentjh01/.stmcufinder/plugins/mcufinder//mcu/cs/
2024-02-19 23:06:41,262 [INFO] MainPanel:264 - HeapMemory: 325058560
2024-02-19 23:06:41,341 [INFO] DbMcusXml:78 - Set database path to: /Applications/STM32CubeIDE.app/Contents/Eclipse/plugins/com.st.stm32cube.common.mx_6.10.0.202311202037//db//mcu/
2024-02-19 23:06:41,341 [INFO] ApiDb:274 - Set plugin database path to: /Applications/STM32CubeIDE.app/Contents/Eclipse/plugins/com.st.stm32cube.common.mx_6.10.0.202311202037//db//plugins/boardmanager/
2024-02-19 23:06:41,341 [INFO] ApiDb:261 - Set plugin images path to: /Applications/STM32CubeIDE.app/Contents/Eclipse/plugins/com.st.stm32cube.common.mx_6.10.0.202311202037//db//plugins/mcufinder/images/
2024-02-19 23:06:41,341 [WARN] DbFile:41 - Overriding database path with different value: /Users/bentjh01/.stmcufinder/plugins/mcufinder/ => /Users/bentjh01/.stmcufinder/plugins/mcufinder
2024-02-19 23:06:41,341 [INFO] ApiDb:250 - Set database path to: /Users/bentjh01/.stmcufinder/plugins/mcufinder//mcu/
2024-02-19 23:06:41,341 [WARN] DbFile:41 - Overriding database path with different value: /Users/bentjh01/.stmcufinder/plugins/mcufinder/ => /Users/bentjh01/.stmcufinder/plugins/mcufinder
2024-02-19 23:06:41,341 [INFO] DbMcusAds:125 - Set database path to: /Users/bentjh01/.stmcufinder/plugins/mcufinder//mcu/
2024-02-19 23:06:41,341 [WARN] DbFile:41 - Overriding database path with different value: /Users/bentjh01/.stmcufinder/plugins/mcufinder/ => /Users/bentjh01/.stmcufinder/plugins/mcufinder
2024-02-19 23:06:41,341 [WARN] DbFile:41 - Overriding database path with different value: /Users/bentjh01/.stmcufinder/plugins/mcufinder/ => /Users/bentjh01/.stmcufinder/plugins/mcufinder
2024-02-19 23:06:41,342 [INFO] CrossReferenceDbSqlite:203 - Set database path to: /Users/bentjh01/.stmcufinder/plugins/mcufinder//mcu/cs/
2024-02-19 23:06:41,355 [INFO] ApplicationProperties:184 - Using Application install path: /Applications/STM32CubeIDE.app/Contents/Eclipse/plugins/com.st.stm32cube.common.mx_6.10.0.202311202037
2024-02-19 23:06:41,356 [INFO] PluginManage:196 - Search for loadable plugins [exclusion list=, ]
2024-02-19 23:06:41,358 [INFO] PluginManage:310 - Check plugin analytics
2024-02-19 23:06:41,575 [INFO] AnalyticsPlugin:253 - Accepted Software Licenses: 
2024-02-19 23:06:41,575 [INFO] AnalyticsPlugin:255 - Accepted CMSIS Pack Licenses: 
2024-02-19 23:06:41,575 [INFO] AnalyticsPlugin:257 - Accepted Firmware Licenses: FW.F4.1.28.0
2024-02-19 23:06:41,583 [INFO] PluginManage:359 - Loaded plugin analytics (category:tool,tabindex:-1)
2024-02-19 23:06:41,584 [INFO] PluginManage:310 - Check plugin cadmodel
2024-02-19 23:06:41,945 [INFO] CADModel:105 - Init CAD model plugin
2024-02-19 23:06:41,946 [INFO] PluginManage:359 - Loaded plugin cadmodel (category:power,tabindex:5)
2024-02-19 23:06:41,946 [INFO] PluginManage:310 - Check plugin clock
2024-02-19 23:06:41,958 [INFO] PluginManage:359 - Loaded plugin clock (category:base,tabindex:2)
2024-02-19 23:06:41,958 [INFO] PluginManage:310 - Check plugin ddr
2024-02-19 23:06:41,960 [INFO] PluginManage:359 - Loaded plugin ddr (category:tool,tabindex:6)
2024-02-19 23:06:41,960 [INFO] PluginManage:310 - Check plugin filemanager
2024-02-19 23:06:42,125 [INFO] PluginManage:359 - Loaded plugin filemanager (category:base,tabindex:10)
2024-02-19 23:06:42,126 [INFO] PluginManage:310 - Check plugin ipmanager
2024-02-19 23:06:42,143 [INFO] PluginManage:359 - Loaded plugin ipmanager (category:base,tabindex:5)
2024-02-19 23:06:42,144 [INFO] PluginManage:310 - Check plugin lpbam
2024-02-19 23:06:42,162 [INFO] PluginManage:359 - Loaded plugin lpbam (category:base,tabindex:0)
2024-02-19 23:06:42,163 [INFO] PluginManage:310 - Check plugin memorymap
2024-02-19 23:06:42,183 [INFO] PluginManage:359 - Loaded plugin memorymap (category:base,tabindex:4)
2024-02-19 23:06:42,183 [INFO] PluginManage:310 - Check plugin pinoutandconfiguration
2024-02-19 23:06:42,193 [INFO] PluginManage:359 - Loaded plugin pinoutandconfiguration (category:base,tabindex:1)
2024-02-19 23:06:42,194 [INFO] PluginManage:310 - Check plugin pinoutconfig
2024-02-19 23:06:42,319 [WARN] SupportedApi:132 - Cannot load RTOS API schema: s4s-elt-must-match.1: The content of 'definitions' must match (annotation?, (simpleType | complexType)?, (unique | key | keyref)*)). A problem was found starting at: attribute.
2024-02-19 23:06:42,471 [INFO] PluginManage:359 - Loaded plugin pinoutconfig (category:base,tabindex:0)
2024-02-19 23:06:42,472 [INFO] PluginManage:310 - Check plugin power
2024-02-19 23:06:42,487 [INFO] PluginManage:359 - Loaded plugin power (category:power,tabindex:4)
2024-02-19 23:06:42,487 [INFO] PluginManage:310 - Check plugin projectmanager
2024-02-19 23:06:42,522 [INFO] PluginManage:359 - Loaded plugin projectmanager (category:projectmanager,tabindex:3)
2024-02-19 23:06:42,522 [INFO] PluginManage:310 - Check plugin thirdparty
2024-02-19 23:06:42,687 [INFO] PluginManage:359 - Loaded plugin thirdparty (category:base,tabindex:-1)
2024-02-19 23:06:42,689 [INFO] PluginManage:310 - Check plugin tools
2024-02-19 23:06:42,687 [WARN] IntegrityCheckThread:84 - waiting for thirdparty lock release [integrity check]
2024-02-19 23:06:42,689 [INFO] IntegrityCheckThread:86 - entering critical section [integrity check]
2024-02-19 23:06:42,690 [INFO] ThirdPartyUpdaterWithRetryManager:70 - Updater plugin not ready yet. [1/15]
2024-02-19 23:06:42,692 [INFO] PluginManage:359 - Loaded plugin tools (category:base,tabindex:7)
2024-02-19 23:06:42,693 [INFO] PluginManage:310 - Check plugin tutovideos
2024-02-19 23:06:42,853 [INFO] PluginManage:359 - Loaded plugin tutovideos (category:base,tabindex:-1)
2024-02-19 23:06:42,854 [INFO] PluginManage:310 - Check plugin updater
2024-02-19 23:06:42,868 [INFO] PluginManage:359 - Loaded plugin updater (category:base,tabindex:12)
2024-02-19 23:06:42,868 [INFO] PluginManage:310 - Check plugin userauth
2024-02-19 23:06:42,873 [INFO] UserAuth:114 - Init User Auth plugin
2024-02-19 23:06:42,874 [INFO] PluginManage:359 - Loaded plugin userauth (category:base,tabindex:14)
2024-02-19 23:06:42,876 [INFO] PluginManage:283 - PluginManage : Loaded plugins [17]
2024-02-19 23:06:43,123 [INFO] PinOutPanel:1499 - setPackage(No Configuration,No Configuration)
2024-02-19 23:06:43,183 [INFO] CADModel:165 - CPN selected for project level
2024-02-19 23:06:43,183 [INFO] CADModel:114 - Register for checkConnection events
2024-02-19 23:06:43,194 [INFO] IPUIPlugin:80 - create IPUIPlugin
2024-02-19 23:06:43,195 [INFO] PluginManager:220 - loadIPPluginJar : add mdma
2024-02-19 23:06:43,200 [INFO] IPUIPlugin:80 - create IPUIPlugin
2024-02-19 23:06:43,201 [INFO] PluginManager:220 - loadIPPluginJar : add freertos
2024-02-19 23:06:43,206 [INFO] IPUIPlugin:80 - create IPUIPlugin
2024-02-19 23:06:43,207 [INFO] PluginManager:220 - loadIPPluginJar : add gic
2024-02-19 23:06:43,212 [INFO] IPUIPlugin:80 - create IPUIPlugin
2024-02-19 23:06:43,213 [INFO] PluginManager:220 - loadIPPluginJar : add adc
2024-02-19 23:06:43,216 [INFO] IPUIPlugin:80 - create IPUIPlugin
2024-02-19 23:06:43,216 [INFO] PluginManager:220 - loadIPPluginJar : add gtzc
2024-02-19 23:06:43,217 [INFO] IPUIPlugin:80 - create IPUIPlugin
2024-02-19 23:06:43,217 [INFO] PluginManager:220 - loadIPPluginJar : add quadspi
2024-02-19 23:06:43,218 [INFO] IPUIPlugin:80 - create IPUIPlugin
2024-02-19 23:06:43,218 [INFO] PluginManager:220 - loadIPPluginJar : add aes
2024-02-19 23:06:43,219 [INFO] IPUIPlugin:80 - create IPUIPlugin
2024-02-19 23:06:43,219 [INFO] PluginManager:220 - loadIPPluginJar : add pdm2pcm
2024-02-19 23:06:43,221 [INFO] IPUIPlugin:80 - create IPUIPlugin
2024-02-19 23:06:43,221 [INFO] PluginManager:220 - loadIPPluginJar : add hash
2024-02-19 23:06:43,222 [INFO] IPUIPlugin:80 - create IPUIPlugin
2024-02-19 23:06:43,222 [INFO] PluginManager:220 - loadIPPluginJar : add tim
2024-02-19 23:06:43,223 [INFO] IPUIPlugin:80 - create IPUIPlugin
2024-02-19 23:06:43,223 [INFO] PluginManager:220 - loadIPPluginJar : add tsc
2024-02-19 23:06:43,224 [INFO] IPUIPlugin:80 - create IPUIPlugin
2024-02-19 23:06:43,224 [INFO] PluginManager:220 - loadIPPluginJar : add ts
2024-02-19 23:06:43,226 [INFO] IPUIPlugin:80 - create IPUIPlugin
2024-02-19 23:06:43,226 [INFO] PluginManager:220 - loadIPPluginJar : add can
2024-02-19 23:06:43,228 [INFO] IPUIPlugin:80 - create IPUIPlugin
2024-02-19 23:06:43,229 [INFO] PluginManager:220 - loadIPPluginJar : add dma3
2024-02-19 23:06:43,230 [INFO] IPUIPlugin:80 - create IPUIPlugin
2024-02-19 23:06:43,230 [INFO] PluginManager:220 - loadIPPluginJar : add dfsdm
2024-02-19 23:06:43,231 [INFO] IPUIPlugin:80 - create IPUIPlugin
2024-02-19 23:06:43,231 [INFO] PluginManager:220 - loadIPPluginJar : add spi
2024-02-19 23:06:43,232 [INFO] IPUIPlugin:80 - create IPUIPlugin
2024-02-19 23:06:43,232 [INFO] PluginManager:220 - loadIPPluginJar : add gfxmmu
2024-02-19 23:06:43,233 [INFO] IPUIPlugin:80 - create IPUIPlugin
2024-02-19 23:06:43,233 [INFO] PluginManager:220 - loadIPPluginJar : add genericplugin
2024-02-19 23:06:43,234 [INFO] IPUIPlugin:80 - create IPUIPlugin
2024-02-19 23:06:43,234 [INFO] PluginManager:220 - loadIPPluginJar : add cryp
2024-02-19 23:06:43,236 [INFO] IPUIPlugin:80 - create IPUIPlugin
2024-02-19 23:06:43,236 [INFO] PluginManager:220 - loadIPPluginJar : add gpio
2024-02-19 23:06:43,238 [INFO] IPUIPlugin:80 - create IPUIPlugin
2024-02-19 23:06:43,238 [INFO] PluginManager:220 - loadIPPluginJar : add comp
2024-02-19 23:06:43,239 [INFO] IPUIPlugin:80 - create IPUIPlugin
2024-02-19 23:06:43,239 [INFO] PluginManager:220 - loadIPPluginJar : add tracer_emb
2024-02-19 23:06:43,241 [INFO] IPUIPlugin:80 - create IPUIPlugin
2024-02-19 23:06:43,242 [INFO] PluginManager:220 - loadIPPluginJar : add openamp
2024-02-19 23:06:43,245 [INFO] IPUIPlugin:80 - create IPUIPlugin
2024-02-19 23:06:43,245 [INFO] PluginManager:220 - loadIPPluginJar : add stm32_wpan
2024-02-19 23:06:43,248 [INFO] IPUIPlugin:80 - create IPUIPlugin
2024-02-19 23:06:43,251 [INFO] PluginManager:220 - loadIPPluginJar : add plateformsettings
2024-02-19 23:06:43,253 [INFO] IPUIPlugin:80 - create IPUIPlugin
2024-02-19 23:06:43,253 [INFO] PluginManager:220 - loadIPPluginJar : add ipddr
2024-02-19 23:06:43,255 [INFO] IPUIPlugin:80 - create IPUIPlugin
2024-02-19 23:06:43,255 [INFO] PluginManager:220 - loadIPPluginJar : add usart
2024-02-19 23:06:43,257 [INFO] IPUIPlugin:80 - create IPUIPlugin
2024-02-19 23:06:43,257 [INFO] PluginManager:220 - loadIPPluginJar : add ltdc
2024-02-19 23:06:43,259 [INFO] IPUIPlugin:80 - create IPUIPlugin
2024-02-19 23:06:43,259 [INFO] PluginManager:220 - loadIPPluginJar : add nvic
2024-02-19 23:06:43,260 [INFO] IPUIPlugin:80 - create IPUIPlugin
2024-02-19 23:06:43,260 [INFO] PluginManager:220 - loadIPPluginJar : add fatfs
2024-02-19 23:06:43,263 [INFO] IPUIPlugin:80 - create IPUIPlugin
2024-02-19 23:06:43,263 [INFO] PluginManager:220 - loadIPPluginJar : add linkedlist
2024-02-19 23:06:43,268 [INFO] IPUIPlugin:80 - create IPUIPlugin
2024-02-19 23:06:43,268 [INFO] PluginManager:220 - loadIPPluginJar : add dma
2024-02-19 23:06:43,270 [INFO] IPUIPlugin:80 - create IPUIPlugin
2024-02-19 23:06:43,271 [INFO] PluginManager:220 - loadIPPluginJar : add fmc
2024-02-19 23:06:43,280 [INFO] IPUIPlugin:80 - create IPUIPlugin
2024-02-19 23:06:43,280 [INFO] PluginManager:220 - loadIPPluginJar : add i2s
2024-02-19 23:06:43,282 [INFO] IPUIPlugin:80 - create IPUIPlugin
2024-02-19 23:06:43,282 [INFO] PluginManager:220 - loadIPPluginJar : add ucpd
2024-02-19 23:06:43,283 [INFO] IPUIPlugin:80 - create IPUIPlugin
2024-02-19 23:06:43,283 [INFO] PluginManager:220 - loadIPPluginJar : add lorawan
2024-02-19 23:06:43,285 [INFO] IPUIPlugin:80 - create IPUIPlugin
2024-02-19 23:06:43,285 [INFO] PluginManager:220 - loadIPPluginJar : add opamp
2024-02-19 23:06:43,286 [INFO] IPUIPlugin:80 - create IPUIPlugin
2024-02-19 23:06:43,286 [INFO] PluginManager:220 - loadIPPluginJar : add i3c
2024-02-19 23:06:43,288 [INFO] IPUIPlugin:80 - create IPUIPlugin
2024-02-19 23:06:43,289 [INFO] PluginManager:220 - loadIPPluginJar : add touchsensing
2024-02-19 23:06:43,290 [INFO] IPUIPlugin:80 - create IPUIPlugin
2024-02-19 23:06:43,290 [INFO] PluginManager:220 - loadIPPluginJar : add i2c
2024-02-19 23:06:43,292 [INFO] IPUIPlugin:80 - create IPUIPlugin
2024-02-19 23:06:43,292 [INFO] PluginManager:220 - loadIPPluginJar : add resmgrutility
2024-02-19 23:06:43,294 [INFO] IPUIPlugin:80 - create IPUIPlugin
2024-02-19 23:06:43,295 [INFO] PluginManager:220 - loadIPPluginJar : add sai
2024-02-19 23:06:43,297 [INFO] IPUIPlugin:80 - create IPUIPlugin
2024-02-19 23:06:43,297 [INFO] PluginManager:220 - loadIPPluginJar : add usbx
2024-02-19 23:06:43,509 [INFO] CADModel:165 - CPN selected for project level
2024-02-19 23:06:43,512 [INFO] CADModel:114 - Register for checkConnection events
2024-02-19 23:06:43,512 [FATAL] Updater:308 - Updater called before beeing initialized
2024-02-19 23:06:43,513 [ERROR] CADModel:125 - Updater not yet initialized, retry later 
2024-02-19 23:06:43,737 [INFO] CADModel:165 - CPN selected for project level
2024-02-19 23:06:43,738 [INFO] CADModel:114 - Register for checkConnection events
2024-02-19 23:06:43,738 [FATAL] Updater:308 - Updater called before beeing initialized
2024-02-19 23:06:43,738 [ERROR] CADModel:125 - Updater not yet initialized, retry later 
2024-02-19 23:06:43,740 [FATAL] Updater:308 - Updater called before beeing initialized
2024-02-19 23:06:43,911 [FATAL] Updater:308 - Updater called before beeing initialized
2024-02-19 23:06:43,917 [INFO] DbMcusAds:53 - JSON generation date=Wed Nov 29 18:52:27 SGT 2023 (1701255147200)
2024-02-19 23:06:43,917 [FATAL] Updater:308 - Updater called before beeing initialized
2024-02-19 23:06:44,710 [WARN] DetailPanel:346 - Failed to get advertising image, set to default
2024-02-19 23:06:44,779 [FATAL] Updater:308 - Updater called before beeing initialized
2024-02-19 23:06:44,780 [FATAL] Updater:308 - Updater called before beeing initialized
2024-02-19 23:06:44,781 [FATAL] Updater:308 - Updater called before beeing initialized
2024-02-19 23:06:44,781 [WARN] DetailPanel:346 - Failed to get advertising image, set to default
2024-02-19 23:06:44,781 [FATAL] Updater:308 - Updater called before beeing initialized
2024-02-19 23:06:44,856 [ERROR] Updater:1120 - MainUpdater not yet initialized. External WinMGr cannot be set.
2024-02-19 23:06:44,911 [INFO] Updater:1056 - Updater Version found : 6.10.0
2024-02-19 23:06:44,923 [INFO] ApplicationProperties:184 - Using Application install path: /Applications/STM32CubeIDE.app/Contents/Eclipse/plugins/com.st.stm32cube.common.mx_6.10.0.202311202037
2024-02-19 23:06:45,249 [INFO] MainUpdater:2873 - connection check result : 10
2024-02-19 23:06:45,249 [INFO] MainUpdater:3567 - Updater definition file requires update
2024-02-19 23:06:45,250 [INFO] MainUpdater:290 - Updater Check For Update Now.
2024-02-19 23:06:45,250 [INFO] MicroXplorer:498 - Change Database Version : DB.6.0.100
2024-02-19 23:06:45,256 [INFO] McuFinderGlobals:63 - Set McuFinder mode to 2 (CubeIDE integrated)
2024-02-19 23:06:45,266 [INFO] UserAuth:404 - Internet connection configuration mode: 1
2024-02-19 23:06:45,282 [INFO] JxBrowserEngine:152 - Initiate JxBrowser Engine with user profile folder
2024-02-19 23:06:45,323 [INFO] ServerAccessManage:473 - Download File updaters.zip
2024-02-19 23:06:45,503 [INFO] FileExtend:240 - Unzip File : updaters.zip
2024-02-19 23:06:45,505 [INFO] FileExtend:255 - Standard Zip Deflate
2024-02-19 23:06:45,713 [WARN] MainUpdater:1194 - Updater busy. Cannot search thirdparties
2024-02-19 23:06:45,718 [INFO] ThirdPartyUpdaterWithRetryManager:96 - Updater plugin is busy. [1/15]
2024-02-19 23:06:45,766 [INFO] ServerAccessManage:473 - Download File PacksControlFlags.xml
2024-02-19 23:06:45,971 [INFO] ServerAccessManage:473 - Download File cubemx.pidx
2024-02-19 23:06:46,111 [INFO] LoadServerUpdatesThread:375 - End of LoadServerUpdate Thread
2024-02-19 23:06:46,316 [INFO] CheckServerUpdateThread:120 - End of CheckServer Thread
2024-02-19 23:06:48,881 [WARN] PackLoader:240 - Cannot read IP mode file for STMicroelectronics.X-CUBE-SMBUS.2.1.0
2024-02-19 23:06:48,901 [WARN] PackLoader:240 - Cannot read IP mode file for STMicroelectronics.X-CUBE-TOUCHGFX.4.23.0
2024-02-19 23:06:48,959 [WARN] PackLoader:240 - Cannot read IP mode file for STMicroelectronics.X-CUBE-AZRTOS-F7.1.1.0
2024-02-19 23:06:48,993 [WARN] PackLoader:240 - Cannot read IP mode file for STMicroelectronics.FP-SNS-MOTENV1.4.3.2
2024-02-19 23:06:49,023 [WARN] PackLoader:240 - Cannot read IP mode file for STMicroelectronics.FP-SNS-FLIGHT1.5.0.2
2024-02-19 23:06:49,045 [WARN] PackLoader:240 - Cannot read IP mode file for STMicroelectronics.X-CUBE-DISPLAY.3.0.0
2024-02-19 23:06:49,076 [WARN] PackLoader:240 - Cannot read IP mode file for STMicroelectronics.X-CUBE-BLE1.7.0.0
2024-02-19 23:06:49,093 [WARN] PackLoader:240 - Cannot read IP mode file for emotas.I-CUBE-CANOPEN.1.3.0
2024-02-19 23:06:49,111 [WARN] PackLoader:240 - Cannot read IP mode file for STMicroelectronics.FP-SNS-SMARTAG2.1.2.0
2024-02-19 23:06:49,130 [INFO] LogOutputStream:77 - [STDOUT_REDIRECT] 1 : Invalid condition id : UX_CORESTACK_Condition cause : null
2024-02-19 23:06:49,131 [INFO] LogOutputStream:77 - [STDOUT_REDIRECT] 1 : Invalid condition id : UX_CORESTACK_Condition cause : null
2024-02-19 23:06:49,131 [INFO] LogOutputStream:77 - [STDOUT_REDIRECT] 1 : Invalid condition id : UX_CORESTACK_Condition cause : null
2024-02-19 23:06:49,131 [INFO] LogOutputStream:77 - [STDOUT_REDIRECT] 1 : Invalid condition id : UX_CORESTACK_Condition cause : null
2024-02-19 23:06:49,132 [INFO] LogOutputStream:77 - [STDOUT_REDIRECT] 1 : Invalid condition id : UX_CORESTACK_Condition cause : null
2024-02-19 23:06:49,142 [WARN] PackLoader:240 - Cannot read IP mode file for STMicroelectronics.X-CUBE-AZRTOS-WL.2.0.0
2024-02-19 23:06:49,165 [WARN] PackLoader:240 - Cannot read IP mode file for WES.I-CUBE-Cesium.1.3.0
2024-02-19 23:06:49,173 [WARN] PackLoader:240 - Cannot read IP mode file for STMicroelectronics.X-CUBE-BLE2.3.3.0
2024-02-19 23:06:49,188 [WARN] PackLoader:240 - Cannot read IP mode file for STMicroelectronics.X-CUBE-ALGOBUILD.1.3.0
2024-02-19 23:06:49,221 [WARN] PackLoader:240 - Cannot read IP mode file for STMicroelectronics.X-CUBE-AZRTOS-G0.1.1.0
2024-02-19 23:06:49,239 [WARN] PackLoader:240 - Cannot read IP mode file for STMicroelectronics.X-CUBE-NFC4.3.0.0
2024-02-19 23:06:49,282 [WARN] PackLoader:240 - Cannot read IP mode file for STMicroelectronics.X-CUBE-BLEMGR.3.0.0
2024-02-19 23:06:49,296 [WARN] PackLoader:240 - Cannot read IP mode file for STMicroelectronics.FP-ATR-SIGFOX1.3.2.0
2024-02-19 23:06:49,311 [WARN] PackLoader:240 - Cannot read IP mode file for STMicroelectronics.X-CUBE-EEPRMA1.5.1.0
2024-02-19 23:06:49,416 [WARN] PackLoader:240 - Cannot read IP mode file for SEGGER.I-CUBE-embOS.1.3.1
2024-02-19 23:06:49,540 [WARN] PackLoader:240 - Cannot read IP mode file for STMicroelectronics.X-CUBE-GNSS1.6.0.0
2024-02-19 23:06:49,578 [WARN] PackLoader:240 - Cannot read IP mode file for STMicroelectronics.X-CUBE-AZRTOS-F4.1.1.0
2024-02-19 23:06:49,594 [WARN] PackLoader:240 - Cannot read IP mode file for wolfSSL.I-CUBE-wolfSSL.5.6.6
2024-02-19 23:06:49,641 [WARN] PackLoader:240 - Cannot read IP mode file for STMicroelectronics.X-CUBE-AZRTOS-L5.2.0.0
2024-02-19 23:06:49,661 [WARN] PackLoader:240 - Cannot read IP mode file for STMicroelectronics.X-CUBE-EEPRMA1.4.2.0
2024-02-19 23:06:49,668 [WARN] PackLoader:240 - Cannot read IP mode file for ITTIA_DB.I-CUBE-ITTIADB.8.8.0
2024-02-19 23:06:49,676 [WARN] PackLoader:240 - Cannot read IP mode file for STMicroelectronics.X-CUBE-NFC7.1.0.1
2024-02-19 23:06:49,700 [WARN] PackLoader:240 - Cannot read IP mode file for STMicroelectronics.X-CUBE-NFC6.3.0.0
2024-02-19 23:06:49,713 [WARN] PackLoader:240 - Cannot read IP mode file for STMicroelectronics.X-CUBE-AI.8.1.0
2024-02-19 23:06:49,747 [WARN] ConditionMgr:438 - getConditionDescription Invalid condition id : LAN8742 Phy interface Condition cause : null
2024-02-19 23:06:49,748 [WARN] PackLoader:240 - Cannot read IP mode file for STMicroelectronics.X-CUBE-AZRTOS-L4.2.0.0
2024-02-19 23:06:49,757 [WARN] ConditionMgr:1039 - genDependencies : Invalid condition id : LAN8742 Phy interface Condition cause : null
2024-02-19 23:06:49,758 [WARN] ConditionMgr:1039 - genDependencies : Invalid condition id : LAN8742 Phy interface Condition cause : null
2024-02-19 23:06:49,759 [WARN] ConditionMgr:1039 - genDependencies : Invalid condition id : LAN8742 Phy interface Condition cause : null
2024-02-19 23:06:49,774 [WARN] PackLoader:240 - Cannot read IP mode file for STMicroelectronics.X-CUBE-SFXS2LP1.4.0.0
2024-02-19 23:06:49,791 [WARN] ConditionMgr:438 - getConditionDescription Invalid condition id : UX DEVICE CLASS RTOS Condition cause : null
2024-02-19 23:06:49,792 [WARN] ConditionMgr:438 - getConditionDescription Invalid condition id : UX DEVICE CLASS RTOS Condition cause : null
2024-02-19 23:06:49,796 [WARN] PackLoader:240 - Cannot read IP mode file for STMicroelectronics.X-CUBE-AZRTOS-WB.2.0.0
2024-02-19 23:06:49,798 [WARN] ConditionMgr:1039 - genDependencies : Invalid condition id : UX DEVICE CLASS RTOS Condition cause : null
2024-02-19 23:06:49,798 [WARN] ConditionMgr:1039 - genDependencies : Invalid condition id : UX DEVICE CLASS RTOS Condition cause : null
2024-02-19 23:06:49,798 [WARN] ConditionMgr:1039 - genDependencies : Invalid condition id : UX DEVICE CLASS RTOS Condition cause : null
2024-02-19 23:06:49,799 [WARN] ConditionMgr:1039 - genDependencies : Invalid condition id : UX DEVICE CLASS RTOS Condition cause : null
2024-02-19 23:06:49,799 [WARN] ConditionMgr:1039 - genDependencies : Invalid condition id : UX DEVICE CLASS RTOS Condition cause : null
2024-02-19 23:06:49,816 [WARN] PackLoader:240 - Cannot read IP mode file for STMicroelectronics.X-CUBE-SUBG2.5.0.0
2024-02-19 23:06:49,874 [WARN] PackLoader:240 - Cannot read IP mode file for STMicroelectronics.X-CUBE-AZRTOS-G4.2.0.0
2024-02-19 23:06:49,900 [WARN] PackLoader:240 - Cannot read IP mode file for Infineon.AIROC-Wi-Fi-Bluetooth-STM32.1.5.1
2024-02-19 23:06:49,913 [WARN] PackLoader:240 - Cannot read IP mode file for STMicroelectronics.FP-SNS-MOTENVWB1.1.3.1
2024-02-19 23:06:49,919 [WARN] PackLoader:240 - Cannot read IP mode file for STMicroelectronics.X-CUBE-ISPU.2.0.0
2024-02-19 23:06:50,001 [WARN] PackLoader:240 - Cannot read IP mode file for STMicroelectronics.X-CUBE-MEMS1.10.0.0
2024-02-19 23:06:50,120 [WARN] PackLoader:240 - Cannot read IP mode file for STMicroelectronics.X-CUBE-FREERTOS.1.1.0
2024-02-19 23:06:50,130 [WARN] PackLoader:240 - Cannot read IP mode file for portGmbH.I-Cube-SoM-uGOAL.1.1.0
2024-02-19 23:06:50,134 [WARN] PackLoader:240 - Cannot read IP mode file for STMicroelectronics.X-CUBE-ALS.1.0.1
2024-02-19 23:06:50,141 [WARN] PackLoader:240 - Cannot read IP mode file for STMicroelectronics.FP-ATR-ASTRA1.2.0.0
2024-02-19 23:06:50,156 [WARN] PackLoader:240 - Cannot read IP mode file for STMicroelectronics.X-CUBE-TOF1.3.4.0
2024-02-19 23:06:50,200 [WARN] PackLoader:240 - Cannot read IP mode file for STMicroelectronics.X-CUBE-AZRTOS-H7.3.2.0
2024-02-19 23:06:50,207 [INFO] ThirdParty:978 - Integrity check success = true
2024-02-19 23:06:50,208 [INFO] IntegrityCheckThread:100 - exiting critical section [integrity check]
2024-02-19 23:06:50,209 [INFO] IntegrityCheckThread:103 - End integrity checks thread
2024-02-19 23:06:54,214 [INFO] WebApp:161 - Instantiating new browser for Auth
2024-02-19 23:06:55,528 [INFO] WebApp:780 - Register for checkConnection events
2024-02-19 23:06:55,530 [INFO] WebApp:414 - Apply proxy settings
2024-02-19 23:06:55,556 [INFO] WebApp:459 - Chromium authenticates against Manually configured proxy
2024-02-19 23:06:55,578 [INFO] WebApp:467 - Username used for proxy authentication: 
2024-02-19 23:06:55,740 [INFO] WebApp:192 - Starting web application
2024-02-19 23:06:55,740 [INFO] WebApp:544 - Web application path used /Applications/STM32CubeIDE.app/Contents/Eclipse/plugins/com.st.stm32cube.common.mx_6.10.0.202311202037/db/plugins/mcufinder/reactClient1/index.html
2024-02-19 23:07:01,081 [ERROR] LogOutputStream:75 - [STDERR_REDIRECT] SLF4J: Failed to load class "org.slf4j.impl.StaticLoggerBinder".
2024-02-19 23:07:01,083 [ERROR] LogOutputStream:75 - [STDERR_REDIRECT] SLF4J: Defaulting to no-operation (NOP) logger implementation
2024-02-19 23:07:01,084 [ERROR] LogOutputStream:75 - [STDERR_REDIRECT] SLF4J: See http://www.slf4j.org/codes.html#StaticLoggerBinder for further details.
