2024-02-21 09:37:49,232 [INFO] Activator:176 - 


2024-02-21 09:37:49,239 [INFO] Activator:177 - !SESSION log4j initialized
2024-02-21 09:37:53,710 [ERROR] LogOutputStream:75 - [STDERR_REDIRECT] 
2024-02-21 09:37:54,571 [INFO] LogOutputStream:77 - [STDOUT_REDIRECT] 
2024-02-21 09:37:56,367 [INFO] LogOutputStream:77 - [STDOUT_REDIRECT] 
2024-02-21 09:37:58,423 [INFO] ApplicationProperties:184 - Using Application install path: /Applications/STM32CubeIDE.app/Contents/Eclipse/plugins/com.st.stm32cube.common.mx_6.10.0.202311202037
2024-02-21 09:37:58,436 [INFO] DbMcusXml:78 - Set database path to: /Applications/STM32CubeIDE.app/Contents/Eclipse/plugins/com.st.stm32cube.common.mx_6.10.0.202311202037//db//mcu/
2024-02-21 09:37:58,436 [INFO] ApiDb:274 - Set plugin database path to: /Applications/STM32CubeIDE.app/Contents/Eclipse/plugins/com.st.stm32cube.common.mx_6.10.0.202311202037//db//plugins/boardmanager/
2024-02-21 09:37:58,437 [WARN] ApiDb:259 - Overriding images path with different value:  => /Applications/STM32CubeIDE.app/Contents/Eclipse/plugins/com.st.stm32cube.common.mx_6.10.0.202311202037//db//plugins/mcufinder/images/
2024-02-21 09:37:58,446 [INFO] ApiDb:250 - Set database path to: /Users/bentjh01/.stmcufinder/plugins/mcufinder//mcu/
2024-02-21 09:37:58,447 [INFO] DbMcusAds:125 - Set database path to: /Users/bentjh01/.stmcufinder/plugins/mcufinder//mcu/
2024-02-21 09:37:58,449 [INFO] CrossReferenceDbSqlite:203 - Set database path to: /Users/bentjh01/.stmcufinder/plugins/mcufinder//mcu/cs/
2024-02-21 09:37:58,576 [INFO] RulesReader:64 - Compatibility file has been processed (297 Rules)
2024-02-21 09:37:58,644 [INFO] DbMcusXml:78 - Set database path to: /Applications/STM32CubeIDE.app/Contents/Eclipse/plugins/com.st.stm32cube.common.mx_6.10.0.202311202037//db//mcu/
2024-02-21 09:37:58,644 [INFO] ApiDb:274 - Set plugin database path to: /Applications/STM32CubeIDE.app/Contents/Eclipse/plugins/com.st.stm32cube.common.mx_6.10.0.202311202037//db//plugins/boardmanager/
2024-02-21 09:37:58,645 [INFO] ApiDb:261 - Set plugin images path to: /Applications/STM32CubeIDE.app/Contents/Eclipse/plugins/com.st.stm32cube.common.mx_6.10.0.202311202037//db//plugins/mcufinder/images/
2024-02-21 09:37:58,645 [WARN] DbFile:41 - Overriding database path with different value: /Users/bentjh01/.stmcufinder/plugins/mcufinder/ => /Users/bentjh01/.stmcufinder/plugins/mcufinder
2024-02-21 09:37:58,645 [INFO] ApiDb:250 - Set database path to: /Users/bentjh01/.stmcufinder/plugins/mcufinder//mcu/
2024-02-21 09:37:58,645 [WARN] DbFile:41 - Overriding database path with different value: /Users/bentjh01/.stmcufinder/plugins/mcufinder/ => /Users/bentjh01/.stmcufinder/plugins/mcufinder
2024-02-21 09:37:58,645 [INFO] DbMcusAds:125 - Set database path to: /Users/bentjh01/.stmcufinder/plugins/mcufinder//mcu/
2024-02-21 09:37:58,646 [WARN] DbFile:41 - Overriding database path with different value: /Users/bentjh01/.stmcufinder/plugins/mcufinder/ => /Users/bentjh01/.stmcufinder/plugins/mcufinder
2024-02-21 09:37:58,646 [WARN] DbFile:41 - Overriding database path with different value: /Users/bentjh01/.stmcufinder/plugins/mcufinder/ => /Users/bentjh01/.stmcufinder/plugins/mcufinder
2024-02-21 09:37:58,646 [INFO] CrossReferenceDbSqlite:203 - Set database path to: /Users/bentjh01/.stmcufinder/plugins/mcufinder//mcu/cs/
2024-02-21 09:37:58,723 [INFO] MainPanel:264 - HeapMemory: 268435456
2024-02-21 09:37:58,810 [INFO] DbMcusXml:78 - Set database path to: /Applications/STM32CubeIDE.app/Contents/Eclipse/plugins/com.st.stm32cube.common.mx_6.10.0.202311202037//db//mcu/
2024-02-21 09:37:58,811 [INFO] ApiDb:274 - Set plugin database path to: /Applications/STM32CubeIDE.app/Contents/Eclipse/plugins/com.st.stm32cube.common.mx_6.10.0.202311202037//db//plugins/boardmanager/
2024-02-21 09:37:58,811 [INFO] ApiDb:261 - Set plugin images path to: /Applications/STM32CubeIDE.app/Contents/Eclipse/plugins/com.st.stm32cube.common.mx_6.10.0.202311202037//db//plugins/mcufinder/images/
2024-02-21 09:37:58,811 [WARN] DbFile:41 - Overriding database path with different value: /Users/bentjh01/.stmcufinder/plugins/mcufinder/ => /Users/bentjh01/.stmcufinder/plugins/mcufinder
2024-02-21 09:37:58,811 [INFO] ApiDb:250 - Set database path to: /Users/bentjh01/.stmcufinder/plugins/mcufinder//mcu/
2024-02-21 09:37:58,811 [WARN] DbFile:41 - Overriding database path with different value: /Users/bentjh01/.stmcufinder/plugins/mcufinder/ => /Users/bentjh01/.stmcufinder/plugins/mcufinder
2024-02-21 09:37:58,811 [INFO] DbMcusAds:125 - Set database path to: /Users/bentjh01/.stmcufinder/plugins/mcufinder//mcu/
2024-02-21 09:37:58,811 [WARN] DbFile:41 - Overriding database path with different value: /Users/bentjh01/.stmcufinder/plugins/mcufinder/ => /Users/bentjh01/.stmcufinder/plugins/mcufinder
2024-02-21 09:37:58,811 [WARN] DbFile:41 - Overriding database path with different value: /Users/bentjh01/.stmcufinder/plugins/mcufinder/ => /Users/bentjh01/.stmcufinder/plugins/mcufinder
2024-02-21 09:37:58,811 [INFO] CrossReferenceDbSqlite:203 - Set database path to: /Users/bentjh01/.stmcufinder/plugins/mcufinder//mcu/cs/
2024-02-21 09:37:58,828 [INFO] ApplicationProperties:184 - Using Application install path: /Applications/STM32CubeIDE.app/Contents/Eclipse/plugins/com.st.stm32cube.common.mx_6.10.0.202311202037
2024-02-21 09:37:58,829 [INFO] PluginManage:196 - Search for loadable plugins [exclusion list=, ]
2024-02-21 09:37:58,831 [INFO] PluginManage:310 - Check plugin analytics
2024-02-21 09:37:59,062 [INFO] AnalyticsPlugin:253 - Accepted Software Licenses: 
2024-02-21 09:37:59,062 [INFO] AnalyticsPlugin:255 - Accepted CMSIS Pack Licenses: 
2024-02-21 09:37:59,062 [INFO] AnalyticsPlugin:257 - Accepted Firmware Licenses: FW.F4.1.28.0
2024-02-21 09:37:59,072 [INFO] PluginManage:359 - Loaded plugin analytics (category:tool,tabindex:-1)
2024-02-21 09:37:59,073 [INFO] PluginManage:310 - Check plugin cadmodel
2024-02-21 09:37:59,589 [INFO] CADModel:105 - Init CAD model plugin
2024-02-21 09:37:59,589 [INFO] PluginManage:359 - Loaded plugin cadmodel (category:power,tabindex:5)
2024-02-21 09:37:59,590 [INFO] PluginManage:310 - Check plugin clock
2024-02-21 09:37:59,605 [INFO] PluginManage:359 - Loaded plugin clock (category:base,tabindex:2)
2024-02-21 09:37:59,605 [INFO] PluginManage:310 - Check plugin ddr
2024-02-21 09:37:59,607 [INFO] PluginManage:359 - Loaded plugin ddr (category:tool,tabindex:6)
2024-02-21 09:37:59,607 [INFO] PluginManage:310 - Check plugin filemanager
2024-02-21 09:37:59,889 [INFO] PluginManage:359 - Loaded plugin filemanager (category:base,tabindex:10)
2024-02-21 09:37:59,891 [INFO] PluginManage:310 - Check plugin ipmanager
2024-02-21 09:37:59,911 [INFO] PluginManage:359 - Loaded plugin ipmanager (category:base,tabindex:5)
2024-02-21 09:37:59,912 [INFO] PluginManage:310 - Check plugin lpbam
2024-02-21 09:37:59,924 [INFO] PluginManage:359 - Loaded plugin lpbam (category:base,tabindex:0)
2024-02-21 09:37:59,924 [INFO] PluginManage:310 - Check plugin memorymap
2024-02-21 09:37:59,933 [INFO] PluginManage:359 - Loaded plugin memorymap (category:base,tabindex:4)
2024-02-21 09:37:59,933 [INFO] PluginManage:310 - Check plugin pinoutandconfiguration
2024-02-21 09:37:59,937 [INFO] PluginManage:359 - Loaded plugin pinoutandconfiguration (category:base,tabindex:1)
2024-02-21 09:37:59,937 [INFO] PluginManage:310 - Check plugin pinoutconfig
2024-02-21 09:38:00,021 [WARN] SupportedApi:132 - Cannot load RTOS API schema: s4s-elt-must-match.1: The content of 'definitions' must match (annotation?, (simpleType | complexType)?, (unique | key | keyref)*)). A problem was found starting at: attribute.
2024-02-21 09:38:00,188 [INFO] PluginManage:359 - Loaded plugin pinoutconfig (category:base,tabindex:0)
2024-02-21 09:38:00,188 [INFO] PluginManage:310 - Check plugin power
2024-02-21 09:38:00,200 [INFO] PluginManage:359 - Loaded plugin power (category:power,tabindex:4)
2024-02-21 09:38:00,200 [INFO] PluginManage:310 - Check plugin projectmanager
2024-02-21 09:38:00,235 [INFO] PluginManage:359 - Loaded plugin projectmanager (category:projectmanager,tabindex:3)
2024-02-21 09:38:00,236 [INFO] PluginManage:310 - Check plugin thirdparty
2024-02-21 09:38:00,410 [INFO] PluginManage:359 - Loaded plugin thirdparty (category:base,tabindex:-1)
2024-02-21 09:38:00,411 [INFO] PluginManage:310 - Check plugin tools
2024-02-21 09:38:00,410 [WARN] IntegrityCheckThread:84 - waiting for thirdparty lock release [integrity check]
2024-02-21 09:38:00,412 [INFO] IntegrityCheckThread:86 - entering critical section [integrity check]
2024-02-21 09:38:00,412 [INFO] ThirdPartyUpdaterWithRetryManager:70 - Updater plugin not ready yet. [1/15]
2024-02-21 09:38:00,413 [INFO] PluginManage:359 - Loaded plugin tools (category:base,tabindex:7)
2024-02-21 09:38:00,414 [INFO] PluginManage:310 - Check plugin tutovideos
2024-02-21 09:38:00,695 [INFO] PluginManage:359 - Loaded plugin tutovideos (category:base,tabindex:-1)
2024-02-21 09:38:00,700 [INFO] PluginManage:310 - Check plugin updater
2024-02-21 09:38:00,782 [INFO] PluginManage:359 - Loaded plugin updater (category:base,tabindex:12)
2024-02-21 09:38:00,783 [INFO] PluginManage:310 - Check plugin userauth
2024-02-21 09:38:00,788 [INFO] UserAuth:114 - Init User Auth plugin
2024-02-21 09:38:00,788 [INFO] PluginManage:359 - Loaded plugin userauth (category:base,tabindex:14)
2024-02-21 09:38:00,789 [INFO] PluginManage:283 - PluginManage : Loaded plugins [17]
2024-02-21 09:38:01,048 [ERROR] LogOutputStream:75 - [STDERR_REDIRECT] [Fatal Error] :2:10: DOCTYPE is disallowed when the feature "http://apache.org/xml/features/disallow-doctype-decl" set to true.
2024-02-21 09:38:01,050 [ERROR] LogOutputStream:75 - [STDERR_REDIRECT] 
2024-02-21 09:38:01,181 [INFO] PinOutPanel:1499 - setPackage(No Configuration,No Configuration)
2024-02-21 09:38:01,246 [INFO] CADModel:165 - CPN selected for project level
2024-02-21 09:38:01,246 [INFO] CADModel:114 - Register for checkConnection events
2024-02-21 09:38:01,259 [INFO] IPUIPlugin:80 - create IPUIPlugin
2024-02-21 09:38:01,259 [INFO] PluginManager:220 - loadIPPluginJar : add mdma
2024-02-21 09:38:01,265 [INFO] IPUIPlugin:80 - create IPUIPlugin
2024-02-21 09:38:01,265 [INFO] PluginManager:220 - loadIPPluginJar : add freertos
2024-02-21 09:38:01,268 [INFO] IPUIPlugin:80 - create IPUIPlugin
2024-02-21 09:38:01,269 [INFO] PluginManager:220 - loadIPPluginJar : add gic
2024-02-21 09:38:01,274 [INFO] IPUIPlugin:80 - create IPUIPlugin
2024-02-21 09:38:01,274 [INFO] PluginManager:220 - loadIPPluginJar : add adc
2024-02-21 09:38:01,276 [INFO] IPUIPlugin:80 - create IPUIPlugin
2024-02-21 09:38:01,276 [INFO] PluginManager:220 - loadIPPluginJar : add gtzc
2024-02-21 09:38:01,277 [INFO] IPUIPlugin:80 - create IPUIPlugin
2024-02-21 09:38:01,277 [INFO] PluginManager:220 - loadIPPluginJar : add quadspi
2024-02-21 09:38:01,279 [INFO] IPUIPlugin:80 - create IPUIPlugin
2024-02-21 09:38:01,279 [INFO] PluginManager:220 - loadIPPluginJar : add aes
2024-02-21 09:38:01,280 [INFO] IPUIPlugin:80 - create IPUIPlugin
2024-02-21 09:38:01,280 [INFO] PluginManager:220 - loadIPPluginJar : add pdm2pcm
2024-02-21 09:38:01,281 [INFO] IPUIPlugin:80 - create IPUIPlugin
2024-02-21 09:38:01,282 [INFO] PluginManager:220 - loadIPPluginJar : add hash
2024-02-21 09:38:01,282 [INFO] IPUIPlugin:80 - create IPUIPlugin
2024-02-21 09:38:01,283 [INFO] PluginManager:220 - loadIPPluginJar : add tim
2024-02-21 09:38:01,284 [INFO] IPUIPlugin:80 - create IPUIPlugin
2024-02-21 09:38:01,284 [INFO] PluginManager:220 - loadIPPluginJar : add tsc
2024-02-21 09:38:01,285 [INFO] IPUIPlugin:80 - create IPUIPlugin
2024-02-21 09:38:01,285 [INFO] PluginManager:220 - loadIPPluginJar : add ts
2024-02-21 09:38:01,287 [INFO] IPUIPlugin:80 - create IPUIPlugin
2024-02-21 09:38:01,287 [INFO] PluginManager:220 - loadIPPluginJar : add can
2024-02-21 09:38:01,289 [INFO] IPUIPlugin:80 - create IPUIPlugin
2024-02-21 09:38:01,289 [INFO] PluginManager:220 - loadIPPluginJar : add dma3
2024-02-21 09:38:01,291 [INFO] IPUIPlugin:80 - create IPUIPlugin
2024-02-21 09:38:01,291 [INFO] PluginManager:220 - loadIPPluginJar : add dfsdm
2024-02-21 09:38:01,293 [INFO] IPUIPlugin:80 - create IPUIPlugin
2024-02-21 09:38:01,293 [INFO] PluginManager:220 - loadIPPluginJar : add spi
2024-02-21 09:38:01,294 [INFO] IPUIPlugin:80 - create IPUIPlugin
2024-02-21 09:38:01,294 [INFO] PluginManager:220 - loadIPPluginJar : add gfxmmu
2024-02-21 09:38:01,295 [INFO] IPUIPlugin:80 - create IPUIPlugin
2024-02-21 09:38:01,295 [INFO] PluginManager:220 - loadIPPluginJar : add genericplugin
2024-02-21 09:38:01,296 [INFO] IPUIPlugin:80 - create IPUIPlugin
2024-02-21 09:38:01,296 [INFO] PluginManager:220 - loadIPPluginJar : add cryp
2024-02-21 09:38:01,299 [INFO] IPUIPlugin:80 - create IPUIPlugin
2024-02-21 09:38:01,299 [INFO] PluginManager:220 - loadIPPluginJar : add gpio
2024-02-21 09:38:01,301 [INFO] IPUIPlugin:80 - create IPUIPlugin
2024-02-21 09:38:01,301 [INFO] PluginManager:220 - loadIPPluginJar : add comp
2024-02-21 09:38:01,303 [INFO] IPUIPlugin:80 - create IPUIPlugin
2024-02-21 09:38:01,303 [INFO] PluginManager:220 - loadIPPluginJar : add tracer_emb
2024-02-21 09:38:01,305 [INFO] IPUIPlugin:80 - create IPUIPlugin
2024-02-21 09:38:01,306 [INFO] PluginManager:220 - loadIPPluginJar : add openamp
2024-02-21 09:38:01,309 [INFO] IPUIPlugin:80 - create IPUIPlugin
2024-02-21 09:38:01,309 [INFO] PluginManager:220 - loadIPPluginJar : add stm32_wpan
2024-02-21 09:38:01,312 [INFO] IPUIPlugin:80 - create IPUIPlugin
2024-02-21 09:38:01,315 [INFO] PluginManager:220 - loadIPPluginJar : add plateformsettings
2024-02-21 09:38:01,317 [INFO] IPUIPlugin:80 - create IPUIPlugin
2024-02-21 09:38:01,317 [INFO] PluginManager:220 - loadIPPluginJar : add ipddr
2024-02-21 09:38:01,319 [INFO] IPUIPlugin:80 - create IPUIPlugin
2024-02-21 09:38:01,319 [INFO] PluginManager:220 - loadIPPluginJar : add usart
2024-02-21 09:38:01,320 [INFO] IPUIPlugin:80 - create IPUIPlugin
2024-02-21 09:38:01,320 [INFO] PluginManager:220 - loadIPPluginJar : add ltdc
2024-02-21 09:38:01,322 [INFO] IPUIPlugin:80 - create IPUIPlugin
2024-02-21 09:38:01,322 [INFO] PluginManager:220 - loadIPPluginJar : add nvic
2024-02-21 09:38:01,323 [INFO] IPUIPlugin:80 - create IPUIPlugin
2024-02-21 09:38:01,323 [INFO] PluginManager:220 - loadIPPluginJar : add fatfs
2024-02-21 09:38:01,328 [INFO] IPUIPlugin:80 - create IPUIPlugin
2024-02-21 09:38:01,328 [INFO] PluginManager:220 - loadIPPluginJar : add linkedlist
2024-02-21 09:38:01,332 [INFO] IPUIPlugin:80 - create IPUIPlugin
2024-02-21 09:38:01,332 [INFO] PluginManager:220 - loadIPPluginJar : add dma
2024-02-21 09:38:01,334 [INFO] IPUIPlugin:80 - create IPUIPlugin
2024-02-21 09:38:01,334 [INFO] PluginManager:220 - loadIPPluginJar : add fmc
2024-02-21 09:38:01,336 [INFO] IPUIPlugin:80 - create IPUIPlugin
2024-02-21 09:38:01,336 [INFO] PluginManager:220 - loadIPPluginJar : add i2s
2024-02-21 09:38:01,338 [INFO] IPUIPlugin:80 - create IPUIPlugin
2024-02-21 09:38:01,338 [INFO] PluginManager:220 - loadIPPluginJar : add ucpd
2024-02-21 09:38:01,340 [INFO] IPUIPlugin:80 - create IPUIPlugin
2024-02-21 09:38:01,340 [INFO] PluginManager:220 - loadIPPluginJar : add lorawan
2024-02-21 09:38:01,342 [INFO] IPUIPlugin:80 - create IPUIPlugin
2024-02-21 09:38:01,342 [INFO] PluginManager:220 - loadIPPluginJar : add opamp
2024-02-21 09:38:01,343 [INFO] IPUIPlugin:80 - create IPUIPlugin
2024-02-21 09:38:01,343 [INFO] PluginManager:220 - loadIPPluginJar : add i3c
2024-02-21 09:38:01,346 [INFO] IPUIPlugin:80 - create IPUIPlugin
2024-02-21 09:38:01,346 [INFO] PluginManager:220 - loadIPPluginJar : add touchsensing
2024-02-21 09:38:01,348 [INFO] IPUIPlugin:80 - create IPUIPlugin
2024-02-21 09:38:01,348 [INFO] PluginManager:220 - loadIPPluginJar : add i2c
2024-02-21 09:38:01,351 [INFO] IPUIPlugin:80 - create IPUIPlugin
2024-02-21 09:38:01,351 [INFO] PluginManager:220 - loadIPPluginJar : add resmgrutility
2024-02-21 09:38:01,353 [INFO] IPUIPlugin:80 - create IPUIPlugin
2024-02-21 09:38:01,353 [INFO] PluginManager:220 - loadIPPluginJar : add sai
2024-02-21 09:38:01,355 [INFO] IPUIPlugin:80 - create IPUIPlugin
2024-02-21 09:38:01,355 [INFO] PluginManager:220 - loadIPPluginJar : add usbx
2024-02-21 09:38:01,482 [INFO] CADModel:165 - CPN selected for project level
2024-02-21 09:38:01,483 [INFO] CADModel:114 - Register for checkConnection events
2024-02-21 09:38:01,485 [FATAL] Updater:308 - Updater called before beeing initialized
2024-02-21 09:38:01,485 [ERROR] CADModel:125 - Updater not yet initialized, retry later 
2024-02-21 09:38:01,747 [INFO] CADModel:165 - CPN selected for project level
2024-02-21 09:38:01,748 [INFO] CADModel:114 - Register for checkConnection events
2024-02-21 09:38:01,748 [FATAL] Updater:308 - Updater called before beeing initialized
2024-02-21 09:38:01,748 [ERROR] CADModel:125 - Updater not yet initialized, retry later 
2024-02-21 09:38:01,790 [FATAL] Updater:308 - Updater called before beeing initialized
2024-02-21 09:38:01,982 [FATAL] Updater:308 - Updater called before beeing initialized
2024-02-21 09:38:01,991 [INFO] DbMcusAds:53 - JSON generation date=Wed Nov 29 18:52:27 SGT 2023 (1701255147349)
2024-02-21 09:38:01,992 [FATAL] Updater:308 - Updater called before beeing initialized
2024-02-21 09:38:02,044 [WARN] DetailPanel:346 - Failed to get advertising image, set to default
2024-02-21 09:38:02,122 [FATAL] Updater:308 - Updater called before beeing initialized
2024-02-21 09:38:02,124 [FATAL] Updater:308 - Updater called before beeing initialized
2024-02-21 09:38:02,124 [FATAL] Updater:308 - Updater called before beeing initialized
2024-02-21 09:38:02,124 [WARN] DetailPanel:346 - Failed to get advertising image, set to default
2024-02-21 09:38:02,125 [FATAL] Updater:308 - Updater called before beeing initialized
2024-02-21 09:38:02,189 [ERROR] Updater:1120 - MainUpdater not yet initialized. External WinMGr cannot be set.
2024-02-21 09:38:02,244 [INFO] Updater:1056 - Updater Version found : 6.10.0
2024-02-21 09:38:02,258 [INFO] ApplicationProperties:184 - Using Application install path: /Applications/STM32CubeIDE.app/Contents/Eclipse/plugins/com.st.stm32cube.common.mx_6.10.0.202311202037
2024-02-21 09:38:02,709 [INFO] MainUpdater:2873 - connection check result : 10
2024-02-21 09:38:02,710 [INFO] MainUpdater:290 - Updater Check For Update Now.
2024-02-21 09:38:02,710 [INFO] MicroXplorer:498 - Change Database Version : DB.6.0.100
2024-02-21 09:38:02,715 [INFO] McuFinderGlobals:63 - Set McuFinder mode to 2 (CubeIDE integrated)
2024-02-21 09:38:02,732 [INFO] UserAuth:404 - Internet connection configuration mode: 1
2024-02-21 09:38:02,745 [INFO] JxBrowserEngine:152 - Initiate JxBrowser Engine with user profile folder
2024-02-21 09:38:02,935 [INFO] CheckServerUpdateThread:120 - End of CheckServer Thread
2024-02-21 09:38:03,670 [WARN] PackLoader:240 - Cannot read IP mode file for STMicroelectronics.X-CUBE-SMBUS.2.1.0
2024-02-21 09:38:03,710 [WARN] PackLoader:240 - Cannot read IP mode file for STMicroelectronics.X-CUBE-TOUCHGFX.4.23.0
2024-02-21 09:38:03,778 [WARN] PackLoader:240 - Cannot read IP mode file for STMicroelectronics.X-CUBE-AZRTOS-F7.1.1.0
2024-02-21 09:38:03,833 [WARN] PackLoader:240 - Cannot read IP mode file for STMicroelectronics.FP-SNS-MOTENV1.4.3.2
2024-02-21 09:38:03,859 [WARN] PackLoader:240 - Cannot read IP mode file for STMicroelectronics.FP-SNS-FLIGHT1.5.0.2
2024-02-21 09:38:03,909 [WARN] PackLoader:240 - Cannot read IP mode file for STMicroelectronics.X-CUBE-DISPLAY.3.0.0
2024-02-21 09:38:03,948 [WARN] PackLoader:240 - Cannot read IP mode file for STMicroelectronics.X-CUBE-BLE1.7.0.0
2024-02-21 09:38:03,982 [WARN] PackLoader:240 - Cannot read IP mode file for emotas.I-CUBE-CANOPEN.1.3.0
2024-02-21 09:38:04,012 [WARN] PackLoader:240 - Cannot read IP mode file for STMicroelectronics.FP-SNS-SMARTAG2.1.2.0
2024-02-21 09:38:04,136 [INFO] LogOutputStream:77 - [STDOUT_REDIRECT] 1 : Invalid condition id : UX_CORESTACK_Condition cause : null
2024-02-21 09:38:04,142 [INFO] LogOutputStream:77 - [STDOUT_REDIRECT] 1 : Invalid condition id : UX_CORESTACK_Condition cause : null
2024-02-21 09:38:04,142 [INFO] LogOutputStream:77 - [STDOUT_REDIRECT] 1 : Invalid condition id : UX_CORESTACK_Condition cause : null
2024-02-21 09:38:04,143 [INFO] LogOutputStream:77 - [STDOUT_REDIRECT] 1 : Invalid condition id : UX_CORESTACK_Condition cause : null
2024-02-21 09:38:04,145 [INFO] LogOutputStream:77 - [STDOUT_REDIRECT] 1 : Invalid condition id : UX_CORESTACK_Condition cause : null
2024-02-21 09:38:04,162 [WARN] PackLoader:240 - Cannot read IP mode file for STMicroelectronics.X-CUBE-AZRTOS-WL.2.0.0
2024-02-21 09:38:04,234 [WARN] PackLoader:240 - Cannot read IP mode file for WES.I-CUBE-Cesium.1.3.0
2024-02-21 09:38:04,326 [WARN] PackLoader:240 - Cannot read IP mode file for STMicroelectronics.X-CUBE-BLE2.3.3.0
2024-02-21 09:38:04,351 [WARN] PackLoader:240 - Cannot read IP mode file for STMicroelectronics.X-CUBE-ALGOBUILD.1.3.0
2024-02-21 09:38:04,404 [WARN] PackLoader:240 - Cannot read IP mode file for STMicroelectronics.X-CUBE-AZRTOS-G0.1.1.0
2024-02-21 09:38:04,429 [WARN] PackLoader:240 - Cannot read IP mode file for STMicroelectronics.X-CUBE-NFC4.3.0.0
2024-02-21 09:38:04,495 [WARN] PackLoader:240 - Cannot read IP mode file for STMicroelectronics.X-CUBE-BLEMGR.3.0.0
2024-02-21 09:38:04,524 [WARN] PackLoader:240 - Cannot read IP mode file for STMicroelectronics.FP-ATR-SIGFOX1.3.2.0
2024-02-21 09:38:04,535 [WARN] PackLoader:240 - Cannot read IP mode file for STMicroelectronics.X-CUBE-EEPRMA1.5.1.0
2024-02-21 09:38:04,869 [WARN] PackLoader:240 - Cannot read IP mode file for SEGGER.I-CUBE-embOS.1.3.1
2024-02-21 09:38:05,359 [WARN] PackLoader:240 - Cannot read IP mode file for STMicroelectronics.X-CUBE-GNSS1.6.0.0
2024-02-21 09:38:05,453 [WARN] PackLoader:240 - Cannot read IP mode file for STMicroelectronics.X-CUBE-AZRTOS-F4.1.1.0
2024-02-21 09:38:05,479 [WARN] PackLoader:240 - Cannot read IP mode file for wolfSSL.I-CUBE-wolfSSL.5.6.6
2024-02-21 09:38:05,530 [WARN] PackLoader:240 - Cannot read IP mode file for STMicroelectronics.X-CUBE-AZRTOS-L5.2.0.0
2024-02-21 09:38:05,561 [WARN] PackLoader:240 - Cannot read IP mode file for STMicroelectronics.X-CUBE-EEPRMA1.4.2.0
2024-02-21 09:38:05,591 [WARN] PackLoader:240 - Cannot read IP mode file for ITTIA_DB.I-CUBE-ITTIADB.8.8.0
2024-02-21 09:38:05,605 [WARN] PackLoader:240 - Cannot read IP mode file for STMicroelectronics.X-CUBE-NFC7.1.0.1
2024-02-21 09:38:05,638 [WARN] PackLoader:240 - Cannot read IP mode file for STMicroelectronics.X-CUBE-NFC6.3.0.0
2024-02-21 09:38:05,661 [WARN] PackLoader:240 - Cannot read IP mode file for STMicroelectronics.X-CUBE-AI.8.1.0
2024-02-21 09:38:05,724 [WARN] ConditionMgr:438 - getConditionDescription Invalid condition id : LAN8742 Phy interface Condition cause : null
2024-02-21 09:38:05,729 [WARN] PackLoader:240 - Cannot read IP mode file for STMicroelectronics.X-CUBE-AZRTOS-L4.2.0.0
2024-02-21 09:38:05,742 [WARN] ConditionMgr:1039 - genDependencies : Invalid condition id : LAN8742 Phy interface Condition cause : null
2024-02-21 09:38:05,743 [WARN] ConditionMgr:1039 - genDependencies : Invalid condition id : LAN8742 Phy interface Condition cause : null
2024-02-21 09:38:05,745 [WARN] ConditionMgr:1039 - genDependencies : Invalid condition id : LAN8742 Phy interface Condition cause : null
2024-02-21 09:38:05,798 [WARN] PackLoader:240 - Cannot read IP mode file for STMicroelectronics.X-CUBE-SFXS2LP1.4.0.0
2024-02-21 09:38:05,836 [WARN] ConditionMgr:438 - getConditionDescription Invalid condition id : UX DEVICE CLASS RTOS Condition cause : null
2024-02-21 09:38:05,837 [WARN] ConditionMgr:438 - getConditionDescription Invalid condition id : UX DEVICE CLASS RTOS Condition cause : null
2024-02-21 09:38:05,841 [WARN] PackLoader:240 - Cannot read IP mode file for STMicroelectronics.X-CUBE-AZRTOS-WB.2.0.0
2024-02-21 09:38:05,842 [WARN] ConditionMgr:1039 - genDependencies : Invalid condition id : UX DEVICE CLASS RTOS Condition cause : null
2024-02-21 09:38:05,842 [WARN] ConditionMgr:1039 - genDependencies : Invalid condition id : UX DEVICE CLASS RTOS Condition cause : null
2024-02-21 09:38:05,843 [WARN] ConditionMgr:1039 - genDependencies : Invalid condition id : UX DEVICE CLASS RTOS Condition cause : null
2024-02-21 09:38:05,843 [WARN] ConditionMgr:1039 - genDependencies : Invalid condition id : UX DEVICE CLASS RTOS Condition cause : null
2024-02-21 09:38:05,843 [WARN] ConditionMgr:1039 - genDependencies : Invalid condition id : UX DEVICE CLASS RTOS Condition cause : null
2024-02-21 09:38:05,861 [WARN] PackLoader:240 - Cannot read IP mode file for STMicroelectronics.X-CUBE-SUBG2.5.0.0
2024-02-21 09:38:05,912 [WARN] PackLoader:240 - Cannot read IP mode file for STMicroelectronics.X-CUBE-AZRTOS-G4.2.0.0
2024-02-21 09:38:05,945 [WARN] PackLoader:240 - Cannot read IP mode file for Infineon.AIROC-Wi-Fi-Bluetooth-STM32.1.5.1
2024-02-21 09:38:05,956 [WARN] PackLoader:240 - Cannot read IP mode file for STMicroelectronics.FP-SNS-MOTENVWB1.1.3.1
2024-02-21 09:38:05,963 [WARN] PackLoader:240 - Cannot read IP mode file for STMicroelectronics.X-CUBE-ISPU.2.0.0
2024-02-21 09:38:06,037 [WARN] PackLoader:240 - Cannot read IP mode file for STMicroelectronics.X-CUBE-MEMS1.10.0.0
2024-02-21 09:38:06,243 [WARN] PackLoader:240 - Cannot read IP mode file for STMicroelectronics.X-CUBE-FREERTOS.1.1.0
2024-02-21 09:38:06,250 [WARN] PackLoader:240 - Cannot read IP mode file for portGmbH.I-Cube-SoM-uGOAL.1.1.0
2024-02-21 09:38:06,255 [WARN] PackLoader:240 - Cannot read IP mode file for STMicroelectronics.X-CUBE-ALS.1.0.1
2024-02-21 09:38:06,259 [WARN] PackLoader:240 - Cannot read IP mode file for STMicroelectronics.FP-ATR-ASTRA1.2.0.0
2024-02-21 09:38:06,277 [WARN] PackLoader:240 - Cannot read IP mode file for STMicroelectronics.X-CUBE-TOF1.3.4.0
2024-02-21 09:38:06,317 [WARN] PackLoader:240 - Cannot read IP mode file for STMicroelectronics.X-CUBE-AZRTOS-H7.3.2.0
2024-02-21 09:38:06,327 [INFO] ThirdParty:978 - Integrity check success = true
2024-02-21 09:38:06,327 [INFO] IntegrityCheckThread:100 - exiting critical section [integrity check]
2024-02-21 09:38:06,327 [INFO] IntegrityCheckThread:103 - End integrity checks thread
2024-02-21 09:38:07,944 [INFO] WebApp:161 - Instantiating new browser for Auth
2024-02-21 09:38:08,553 [INFO] McuFinderGlobals:63 - Set McuFinder mode to 2 (CubeIDE integrated)
2024-02-21 09:38:08,561 [INFO] MainUpdater:2873 - connection check result : 10
2024-02-21 09:38:08,562 [INFO] MainUpdater:2873 - connection check result : 10
2024-02-21 09:38:09,341 [INFO] MicroXplorer:468 - Change Database Path : 
2024-02-21 09:38:09,342 [INFO] MicroXplorer:498 - Change Database Version : DB.6.0.100
2024-02-21 09:38:09,347 [WARN] ThirdParty:871 - waiting for thirdparty lock release [close project]
2024-02-21 09:38:09,349 [INFO] ThirdParty:873 - entering critical section [close project]
2024-02-21 09:38:09,359 [INFO] ThirdParty:883 - exiting critical section [close project]
2024-02-21 09:38:09,366 [INFO] PinOutPanel:1499 - setPackage(No Configuration,No Configuration)
2024-02-21 09:38:09,384 [INFO] UtilMem:75 - Begin LoadConfig() Used Memory: 124620712 Bytes (300941312)
2024-02-21 09:38:09,392 [INFO] MicroXplorer:468 - Change Database Path : 
2024-02-21 09:38:09,392 [INFO] MicroXplorer:498 - Change Database Version : DB.6.0.100
2024-02-21 09:38:09,392 [INFO] OpenFileManager:312 - Change cursor
2024-02-21 09:38:09,511 [INFO] Mcu:2016 - Initializing MCU STM32F427I(G-I)Hx STM32F427IIHx STM32F427IIH6
2024-02-21 09:38:09,523 [INFO] WebApp:780 - Register for checkConnection events
2024-02-21 09:38:09,526 [INFO] WebApp:414 - Apply proxy settings
2024-02-21 09:38:09,565 [INFO] WebApp:459 - Chromium authenticates against Manually configured proxy
2024-02-21 09:38:09,609 [INFO] WebApp:467 - Username used for proxy authentication: 
2024-02-21 09:38:09,859 [INFO] WebApp:192 - Starting web application
2024-02-21 09:38:09,862 [INFO] WebApp:544 - Web application path used /Applications/STM32CubeIDE.app/Contents/Eclipse/plugins/com.st.stm32cube.common.mx_6.10.0.202311202037/db/plugins/mcufinder/reactClient1/index.html
2024-02-21 09:38:11,750 [INFO] Context:659 - Trying to add GPIOservice into a context  which must be forbidden
2024-02-21 09:38:12,845 [INFO] RtosManager:555 - Registered RTOS mode: class=CMSIS, group=RTOS, mode=CMSIS_V1, owner=FREERTOS
2024-02-21 09:38:12,847 [INFO] RtosManager:555 - Registered RTOS mode: class=CMSIS, group=RTOS2, mode=CMSIS_V2, owner=FREERTOS
2024-02-21 09:38:12,847 [INFO] RtosManager:555 - Registered RTOS mode: class=RTOS, group=Core, mode=CMSIS_V1, owner=FREERTOS
2024-02-21 09:38:12,847 [INFO] RtosManager:555 - Registered RTOS mode: class=RTOS, group=Core, mode=CMSIS_V2, owner=FREERTOS
2024-02-21 09:38:12,847 [WARN] ModelIntegratedComponent:184 - Missing modes for component STMicroelectronics:FreeRTOS:0.0.1:STMicroelectronics:RTOS:FreeRTOS:Core:::10.2.0:
2024-02-21 09:38:12,878 [WARN] ModelIntegratedComponent:63 - No mode defined for component null
2024-02-21 09:38:12,878 [WARN] ModelIntegratedComponent:63 - No mode defined for component null
2024-02-21 09:38:12,879 [WARN] ModelIntegratedComponent:63 - No mode defined for component null
2024-02-21 09:38:12,879 [WARN] ModelIntegratedComponent:63 - No mode defined for component null
2024-02-21 09:38:12,879 [WARN] ModelIntegratedComponent:63 - No mode defined for component null
2024-02-21 09:38:12,879 [WARN] ModelIntegratedComponent:63 - No mode defined for component null
2024-02-21 09:38:12,879 [WARN] ModelIntegratedComponent:63 - No mode defined for component null
2024-02-21 09:38:12,879 [WARN] ModelIntegratedComponent:63 - No mode defined for component null
2024-02-21 09:38:12,879 [WARN] ModelIntegratedComponent:63 - No mode defined for component null
2024-02-21 09:38:12,879 [WARN] ModelIntegratedComponent:63 - No mode defined for component null
2024-02-21 09:38:12,879 [WARN] ModelIntegratedComponent:63 - No mode defined for component null
2024-02-21 09:38:12,879 [WARN] ModelIntegratedComponent:63 - No mode defined for component null
2024-02-21 09:38:12,879 [WARN] ModelIntegratedComponent:63 - No mode defined for component null
2024-02-21 09:38:12,879 [WARN] ModelIntegratedComponent:63 - No mode defined for component null
2024-02-21 09:38:12,879 [WARN] ModelIntegratedComponent:63 - No mode defined for component null
2024-02-21 09:38:12,879 [WARN] ModelIntegratedComponent:63 - No mode defined for component null
2024-02-21 09:38:12,880 [WARN] ModelIntegratedComponent:63 - No mode defined for component null
2024-02-21 09:38:12,880 [WARN] ModelIntegratedComponent:63 - No mode defined for component null
2024-02-21 09:38:12,880 [WARN] ModelIntegratedComponent:63 - No mode defined for component null
2024-02-21 09:38:12,880 [WARN] ModelIntegratedComponent:63 - No mode defined for component null
2024-02-21 09:38:12,880 [WARN] ModelIntegratedComponent:63 - No mode defined for component null
2024-02-21 09:38:12,880 [WARN] ModelIntegratedComponent:63 - No mode defined for component null
2024-02-21 09:38:12,880 [WARN] ModelIntegratedComponent:63 - No mode defined for component null
2024-02-21 09:38:12,880 [WARN] ModelIntegratedComponent:63 - No mode defined for component null
2024-02-21 09:38:12,880 [WARN] ModelIntegratedComponent:63 - No mode defined for component null
2024-02-21 09:38:12,880 [WARN] ModelIntegratedComponent:63 - No mode defined for component null
2024-02-21 09:38:12,880 [WARN] ModelIntegratedComponent:63 - No mode defined for component null
2024-02-21 09:38:12,880 [WARN] ModelIntegratedComponent:63 - No mode defined for component null
2024-02-21 09:38:12,880 [WARN] ModelIntegratedComponent:63 - No mode defined for component null
2024-02-21 09:38:12,881 [WARN] ModelIntegratedComponent:63 - No mode defined for component null
2024-02-21 09:38:12,881 [WARN] ModelIntegratedComponent:63 - No mode defined for component null
2024-02-21 09:38:12,881 [WARN] ModelIntegratedComponent:63 - No mode defined for component null
2024-02-21 09:38:12,881 [WARN] ModelIntegratedComponent:63 - No mode defined for component null
2024-02-21 09:38:13,101 [INFO] ThirdPartyModel:298 - Start build external matchings
2024-02-21 09:38:13,441 [INFO] ThirdPartyModel:316 - End build external matchings
2024-02-21 09:38:13,478 [INFO] RtosManager:919 - Current active RTOS is FREERTOS [Cortex-M4NS]
2024-02-21 09:38:13,519 [INFO] ImportTextPane:194 - (OptionalMessage_ERROR) IP (RCC) : Invalid parameter (FamilyName)
2024-02-21 09:38:13,519 [INFO] ImportTextPane:194 - (OptionalMessage_ERROR) IP (RCC) : Parameter (MCO2PinFreq_Value) has invalid value (168000000)
2024-02-21 09:38:13,520 [INFO] ImportTextPane:194 - (OptionalMessage_ERROR) IP (RCC) : Parameter (RTCHSEDivFreq_Value) has invalid value (6000000)
2024-02-21 09:38:13,524 [WARN] IP:2119 - DEVICE_SERIAL0_CDC_FS not found: check if there is a RefParameter without a condition.
2024-02-21 09:38:13,524 [WARN] IP:2119 - DEVICE_SERIAL1_CDC_FS not found: check if there is a RefParameter without a condition.
2024-02-21 09:38:13,524 [WARN] IP:2119 - DEVICE_SERIAL2_CDC_FS not found: check if there is a RefParameter without a condition.
2024-02-21 09:38:13,994 [INFO] UtilMem:75 - End LoadConfig() Used Memory: 156747536 Bytes (300941312)
2024-02-21 09:38:14,669 [INFO] ApiDb:581 - Connected to CubeFinder SQLite database (/Users/bentjh01/.stmcufinder/plugins/mcufinder/mcu/cube-finder-db.db)
2024-02-21 09:38:14,731 [INFO] ApiDb:668 - CubeFinder database Data Model version=2.1
2024-02-21 09:38:14,732 [INFO] ApiDb:669 - CubeFinder database Configuration version=3.0.39
2024-02-21 09:38:14,733 [INFO] ApiDb:670 - CubeFinder database generation date=2024-01-11 (1704964531)
2024-02-21 09:38:14,733 [INFO] ApiDb:671 - CubeFinder database FW Pack versions=[FP-ATR-ASTRA1_V2.0.0, FP-SNS-FLIGHT1_V5.0.1, FP-SNS-FLIGHT1_V5.0.2, FP-SNS-MOTENV1_V4.3.1, FP-SNS-MOTENV1_V4.3.2, FP-SNS-MOTENVWB1_V1.3.1, FP-SNS-SMARTAG2_V1.2.0, STM32Cube_FW_C0_V1.1.0, STM32Cube_FW_F4_V1.28.0, STM32Cube_FW_F7_V1.17.0, STM32Cube_FW_G0_V1.6.2, STM32Cube_FW_G4_V1.5.2, STM32Cube_FW_H5_V0.5.1, STM32Cube_FW_H5_V1.1.1, STM32Cube_FW_H5_V1.2.0RC2, STM32Cube_FW_H7_V1.11.0, STM32Cube_FW_L0_V1.12.2, STM32Cube_FW_L5_V1.5.0, STM32Cube_FW_U5_V1.3.0RC4, STM32Cube_FW_U5_V1.4.0, STM32Cube_FW_WBA_V1.0.0RC1, STM32Cube_FW_WBA_V1.1.0RC1, STM32Cube_FW_WBA_V1.2.0, STM32Cube_FW_WBA_V1.2.0RC2, STM32Cube_FW_WB_V1.15.0RC1, STM32Cube_FW_WB_V1.16.0, STM32Cube_FW_WB_V1.16.0RC2, STM32Cube_FW_WB_V1.18.0, STM32Cube_FW_WL_V1.3.0, X-CUBE-ALGOBUILD_V1.3.0, X-CUBE-ALS_V1.0.1, X-CUBE-AZRTOS-F4_V1.1.0, X-CUBE-AZRTOS-F7_V1.1.0, X-CUBE-AZRTOS-G0_V1.1.0, X-CUBE-AZRTOS-G4_V2.0.0, X-CUBE-AZRTOS-H7_V3.2.0, X-CUBE-AZRTOS-L4_V1.0.0, X-CUBE-AZRTOS-L4_V2.0.0, X-CUBE-AZRTOS-L5_V1.1.0, X-CUBE-AZRTOS-WB_V2.0.0, X-CUBE-AZRTOS-WL_V2.0.0, X-CUBE-BLE1_V7.0.0, X-CUBE-BLE2_V3.3.0, X-CUBE-BLEMGR_V3.0.0, X-CUBE-EEPRMA1_V4.1.0, X-CUBE-EEPRMA1_V4.2.0, X-CUBE-FREERTOS_V1.1.0, X-CUBE-GNSS1_V6.0.0, X-CUBE-MEMS1_V10.0.0, X-CUBE-MEMS1_V9.1.0, X-CUBE-MEMS1_V9.4.0, X-CUBE-MEMS1_V9.6.0, X-CUBE-NFC4_V3.0.0, X-CUBE-NFC7_V1.0.1, X-CUBE-SFXS2LP1_V4.0.0, X-CUBE-SUBG2_V5.0.0, X-CUBE-TOF1_V3.4.0]
2024-02-21 09:38:16,104 [INFO] ApiDb:240 - Found 371 in-development CPN: [B-G473E-ZEST1S, B-WB1M-WPAN1, B-WL5M-SUBG1, NUCLEO-C031C6, NUCLEO-H503RB, NUCLEO-H563ZI, NUCLEO-U545RE-Q, NUCLEO-U5A5ZJ-Q, NUCLEO-WBA52CG, NUCLEO-WBA55CG, STEVAL-MKBOXPRO, STEVAL-PROTEUS1, STEVAL-STWINBX1, STM320518-EVAL, STM32C0116-DK, STM32C011D6Y3TR, STM32C011D6Y6TR, STM32C011F4P3, STM32C011F4P6, STM32C011F4U3, STM32C011F4U6TR, STM32C011F6P3, STM32C011F6P6, STM32C011F6U3, STM32C011F6U6TR, STM32C011J4M3, STM32C011J4M6, STM32C011J6M3, STM32C011J6M6, STM32C0316-DK, STM32C031C4T3, STM32C031C4T6, STM32C031C4U3, STM32C031C4U6, STM32C031C6T3, STM32C031C6T6, STM32C031C6U3, STM32C031C6U6, STM32C031F4P3, STM32C031F4P6, STM32C031F6P3, STM32C031F6P6, STM32C031G4U3, STM32C031G4U6, STM32C031G6U3, STM32C031G6U6, STM32C031K4T3, STM32C031K4T6, STM32C031K4U3, STM32C031K4U6, STM32C031K6T3, STM32C031K6T6, STM32C031K6U3, STM32C031K6U6, STM32G071K8TXN, STM32G071K8UXN, STM32G081GBU6N, STM32G081KBT6N, STM32G081KBUXN, STM32G0B1CCT6N, STM32G0B1KCT6, STM32G0B1NEY6TR, STM32G0B1RCT6N, STM32G0C1CCT6, STM32G0C1CCT6N, STM32G0C1CCU6N, STM32G0C1CET6N, STM32G0C1CEU6N, STM32G0C1KCT6, STM32G0C1NEY6TR, STM32G0C1RCI6N, STM32G0C1RCT6N, STM32G0C1REI6N, STM32G0C1RET6N, STM32G0C1VCI6, STM32G0C1VEI6, STM32G471CCT6, STM32G471CCU6, STM32G471CET3, STM32G471CET6, STM32G471CEU3, STM32G471CEU6, STM32G471MCT6, STM32G471MET3, STM32G471MET6, STM32G471MEY6TR, STM32G471QCT6, STM32G471QET3, STM32G471RCT6, STM32G471RET3, STM32G471RET6, STM32G471VCH6, STM32G471VCI6, STM32G471VCT6, STM32G471VEH3, STM32G471VEH6, STM32G471VEI3, STM32G471VEI6, STM32G471VET3, STM32G471VET6, STM32G474CCT6, STM32H503CBT6, STM32H503CBU6, STM32H503EBY6TR, STM32H503KBU6, STM32H503RBT6, STM32H562AGI6, STM32H562AII6, STM32H562IGK6, STM32H562IGT6, STM32H562IIK6, STM32H562IIT6, STM32H562RGT6, STM32H562RGV6, STM32H562RIT6, STM32H562RIV6, STM32H562VGT6, STM32H562VIT6, STM32H562ZGT6, STM32H562ZIT6, STM32H563AGI6, STM32H563AII3Q, STM32H563AII6, STM32H563IGK6, STM32H563IGT6, STM32H563IIK3Q, STM32H563IIK6, STM32H563IIT3Q, STM32H563IIT6, STM32H563MIY3QTR, STM32H563RGT6, STM32H563RGV6, STM32H563RIT6, STM32H563RIV6, STM32H563VGT6, STM32H563VIT3Q, STM32H563VIT6, STM32H563ZGT6, STM32H563ZIT3Q, STM32H563ZIT6, STM32H573AII3Q, STM32H573AII6, STM32H573I-DK, STM32H573IIK3Q, STM32H573IIK6, STM32H573IIT3Q, STM32H573IIT6, STM32H573MIY3QTR, STM32H573RIT6, STM32H573RIV6, STM32H573VIT3Q, STM32H573VIT6, STM32H573ZIT3Q, STM32H573ZIT6, STM32L4R5QGI6STR, STM32MP131AAE3, STM32MP131AAF3, STM32MP131AAG3, STM32MP131CAE3, STM32MP131CAF3, STM32MP131CAG3, STM32MP131DAE7, STM32MP131DAF7, STM32MP131DAG7, STM32MP131FAE7, STM32MP131FAF7, STM32MP131FAG7, STM32MP133AAE3, STM32MP133AAF3, STM32MP133AAG3, STM32MP133CAE3, STM32MP133CAF3, STM32MP133CAG3, STM32MP133DAE7, STM32MP133DAF7, STM32MP133DAG7, STM32MP133FAE7, STM32MP133FAF7, STM32MP133FAG7, STM32MP135AAE3, STM32MP135AAF3, STM32MP135AAG3, STM32MP135CAE3, STM32MP135CAF3, STM32MP135CAG3, STM32MP135DAE7, STM32MP135DAF7, STM32MP135DAG7, STM32MP135F-DK, STM32MP135FAE7, STM32MP135FAF7, STM32MP135FAF7T, STM32MP135FAF7U, STM32MP135FAG7, STM32U535CBT6, STM32U535CBT6Q, STM32U535CBU6, STM32U535CBU6Q, STM32U535CCT6, STM32U535CCT6Q, STM32U535CCU6, STM32U535CCU6Q, STM32U535CET6, STM32U535CET6Q, STM32U535CEU6, STM32U535CEU6Q, STM32U535JEY6QTR, STM32U535NCY6QTR, STM32U535NEY6QTR, STM32U535RBI6, STM32U535RBI6Q, STM32U535RBT6, STM32U535RBT6Q, STM32U535RCI6, STM32U535RCI6Q, STM32U535RCT6, STM32U535RCT6Q, STM32U535REI6, STM32U535REI6Q, STM32U535RET6, STM32U535RET6Q, STM32U535VCI6, STM32U535VCI6Q, STM32U535VCT6, STM32U535VCT6Q, STM32U535VEI6, STM32U535VEI6Q, STM32U535VET6, STM32U535VET6Q, STM32U545CET6, STM32U545CET6Q, STM32U545CEU6, STM32U545CEU6Q, STM32U545JEY6QTR, STM32U545NEY6QTR, STM32U545REI6, STM32U545REI6Q, STM32U545RET6, STM32U545RET6Q, STM32U545VEI6, STM32U545VEI6Q, STM32U545VET6, STM32U545VET6Q, STM32U595AIH6, STM32U595AIH6Q, STM32U595AJH6, STM32U595AJH6Q, STM32U595QII6, STM32U595QII6Q, STM32U595QJI6, STM32U595QJI6Q, STM32U595RIT6, STM32U595RIT6Q, STM32U595RJT6, STM32U595RJT6Q, STM32U595VIT6, STM32U595VIT6Q, STM32U595VJT6, STM32U595VJT6Q, STM32U595ZIT6, STM32U595ZIT6Q, STM32U595ZIY6QTR, STM32U595ZJT6, STM32U595ZJT6Q, STM32U595ZJY6QTR, STM32U599BJY6QTR, STM32U599NIH6Q, STM32U599NJH6Q, STM32U599VIT6Q, STM32U599VJT6, STM32U599VJT6Q, STM32U599ZIT6Q, STM32U599ZIY6QTR, STM32U599ZJT6Q, STM32U599ZJY6QTR, STM32U5A5AJH6, STM32U5A5AJH6Q, STM32U5A5QJI6, STM32U5A5QJI6Q, STM32U5A5RJT6, STM32U5A5RJT6Q, STM32U5A5VJT6, STM32U5A5VJT6Q, STM32U5A5ZJT6, STM32U5A5ZJT6Q, STM32U5A5ZJY6QTR, STM32U5A9BJY6QTR, STM32U5A9J-DK, STM32U5A9NJH6Q, STM32U5A9VJT6Q, STM32U5A9ZJT6Q, STM32U5A9ZJY6QTR, STM32U5F7VIT6, STM32U5F7VIT6Q, STM32U5F7VJT6, STM32U5F7VJT6Q, STM32U5F9BJY6QTR, STM32U5F9NJH6Q, STM32U5F9VIT6Q, STM32U5F9VJT6Q, STM32U5F9ZIJ6QTR, STM32U5F9ZIT6Q, STM32U5F9ZJJ6QTR, STM32U5F9ZJT6Q, STM32U5G7VJT6, STM32U5G7VJT6Q, STM32U5G9BJY6QTR, STM32U5G9J-DK1, STM32U5G9J-DK2, STM32U5G9NJH6Q, STM32U5G9VJT6Q, STM32U5G9ZJJ6QTR, STM32U5G9ZJT6Q, STM32WB1MMCH6, STM32WBA50KEU6, STM32WBA50KEU6TR, STM32WBA50KGU6, STM32WBA50KGU6TR, STM32WBA52CEU6, STM32WBA52CEU6TR, STM32WBA52CEU7, STM32WBA52CEU7TR, STM32WBA52CGU6, STM32WBA52CGU6TR, STM32WBA52CGU6U, STM32WBA52CGU7, STM32WBA52CGU7TR, STM32WBA52KEU6, STM32WBA52KEU6TR, STM32WBA52KGU6, STM32WBA52KGU6TR, STM32WBA54CEU6, STM32WBA54CEU6TR, STM32WBA54CEU7, STM32WBA54CEU7TR, STM32WBA54CGU6, STM32WBA54CGU6TR, STM32WBA54CGU7, STM32WBA54CGU7TR, STM32WBA54KEU6, STM32WBA54KEU6TR, STM32WBA54KEU7, STM32WBA54KEU7TR, STM32WBA54KGU6, STM32WBA54KGU6TR, STM32WBA54KGU7, STM32WBA54KGU7TR, STM32WBA55CEU6, STM32WBA55CEU6TR, STM32WBA55CEU7, STM32WBA55CEU7TR, STM32WBA55CGU6, STM32WBA55CGU6TR, STM32WBA55CGU6U, STM32WBA55CGU7, STM32WBA55CGU7TR, STM32WBA55G-DK1, STM32WBA55HEF6, STM32WBA55HEF7, STM32WBA55HGF6, STM32WBA55HGF7, STM32WBA55UEI6, STM32WBA55UEI6TR, STM32WBA55UEI7, STM32WBA55UEI7TR, STM32WBA55UGI6, STM32WBA55UGI6TR, STM32WBA55UGI7, STM32WBA55UGI7TR, STM32WL5MOCH6, STM32WL5MOCH6TR]
2024-02-21 09:38:16,111 [INFO] DbMcus:218 - Found 3930 MCUs, 3930 are supported
2024-02-21 09:38:16,112 [INFO] ApiDb:423 - Load user favorites file /Users/bentjh01/.stm32cubeide/favorites.mcus.txt: 0 item(s)
2024-02-21 09:38:16,112 [INFO] ApiDb:427 - User favorites MCUs=[]
2024-02-21 09:38:16,112 [INFO] DbMcus:224 - Set 0 / 0 favorites MCUs
2024-02-21 09:38:16,435 [INFO] MicroXplorer:468 - Change Database Path : 
2024-02-21 09:38:16,435 [INFO] MicroXplorer:498 - Change Database Version : DB.6.0.100
2024-02-21 09:38:16,435 [WARN] ThirdParty:833 - waiting for thirdparty lock release [change project]
2024-02-21 09:38:16,435 [INFO] ThirdParty:835 - entering critical section [change project]
2024-02-21 09:38:16,436 [INFO] ThirdParty:1030 - CMSIS Pack Vendor :STMicroelectronics USBPD 4.1
2024-02-21 09:38:16,437 [INFO] ThirdParty:1030 - CMSIS Pack Vendor :STMicroelectronics X-CUBE-GNSS1 6.0.0
2024-02-21 09:38:16,437 [INFO] ThirdParty:1030 - CMSIS Pack Vendor :STMicroelectronics USB_HOST 2.0.0
2024-02-21 09:38:16,437 [INFO] ThirdParty:1030 - CMSIS Pack Vendor :STMicroelectronics X-CUBE-AZRTOS-F4 1.1.0
2024-02-21 09:38:16,437 [INFO] ThirdParty:1030 - CMSIS Pack Vendor :STMicroelectronics LIBJPEG 8.0.0
2024-02-21 09:38:16,437 [INFO] ThirdParty:1030 - CMSIS Pack Vendor :STMicroelectronics X-CUBE-SMBUS 2.1.0
2024-02-21 09:38:16,437 [INFO] ThirdParty:1030 - CMSIS Pack Vendor :STMicroelectronics USB_DEVICE 3.0.0
2024-02-21 09:38:16,437 [INFO] ThirdParty:1030 - CMSIS Pack Vendor :STMicroelectronics X-CUBE-AZRTOS-WB 2.0.0
2024-02-21 09:38:16,437 [INFO] ThirdParty:1030 - CMSIS Pack Vendor :wolfSSL I-CUBE-wolfSSL 5.6.6
2024-02-21 09:38:16,437 [INFO] ThirdParty:1030 - CMSIS Pack Vendor :STMicroelectronics X-CUBE-TOUCHGFX 4.23.0
2024-02-21 09:38:16,437 [INFO] ThirdParty:1030 - CMSIS Pack Vendor :STMicroelectronics X-CUBE-AZRTOS-F7 1.1.0
2024-02-21 09:38:16,437 [INFO] ThirdParty:1030 - CMSIS Pack Vendor :STMicroelectronics X-CUBE-AZRTOS-L5 2.0.0
2024-02-21 09:38:16,437 [INFO] ThirdParty:1030 - CMSIS Pack Vendor :STMicroelectronics USB_DEVICE 2.0.0
2024-02-21 09:38:16,437 [INFO] ThirdParty:1030 - CMSIS Pack Vendor :STMicroelectronics X-CUBE-EEPRMA1 4.2.0
2024-02-21 09:38:16,437 [INFO] ThirdParty:1030 - CMSIS Pack Vendor :ITTIA_DB I-CUBE-ITTIADB 8.8.0
2024-02-21 09:38:16,437 [INFO] ThirdParty:1030 - CMSIS Pack Vendor :STMicroelectronics FP-SNS-MOTENV1 4.3.2
2024-02-21 09:38:16,437 [INFO] ThirdParty:1030 - CMSIS Pack Vendor :STMicroelectronics X-CUBE-ALGOBUILD 1.3.0
2024-02-21 09:38:16,437 [INFO] ThirdParty:1030 - CMSIS Pack Vendor :STMicroelectronics FreeRTOS 0.0.1
2024-02-21 09:38:16,437 [INFO] ThirdParty:1030 - CMSIS Pack Vendor :STMicroelectronics X-CUBE-AZRTOS-G0 1.1.0
2024-02-21 09:38:16,437 [INFO] ThirdParty:1030 - CMSIS Pack Vendor :STMicroelectronics X-CUBE-NFC4 3.0.0
2024-02-21 09:38:16,437 [INFO] ThirdParty:1030 - CMSIS Pack Vendor :STMicroelectronics X-CUBE-SUBG2 5.0.0
2024-02-21 09:38:16,437 [INFO] ThirdParty:1030 - CMSIS Pack Vendor :STMicroelectronics STM32_WPAN 1.0.0
2024-02-21 09:38:16,437 [INFO] ThirdParty:1030 - CMSIS Pack Vendor :STMicroelectronics lwIP 2.0.3
2024-02-21 09:38:16,437 [INFO] ThirdParty:1030 - CMSIS Pack Vendor :STMicroelectronics FP-SNS-FLIGHT1 5.0.2
2024-02-21 09:38:16,437 [INFO] ThirdParty:1030 - CMSIS Pack Vendor :STMicroelectronics USB_HOST 1.0.0
2024-02-21 09:38:16,437 [INFO] ThirdParty:1030 - CMSIS Pack Vendor :STMicroelectronics X-CUBE-AZRTOS-G4 2.0.0
2024-02-21 09:38:16,437 [INFO] ThirdParty:1030 - CMSIS Pack Vendor :STMicroelectronics PDM2PCM 3.1.0
2024-02-21 09:38:16,437 [INFO] ThirdParty:1030 - CMSIS Pack Vendor :Infineon AIROC-Wi-Fi-Bluetooth-STM32 1.5.1
2024-02-21 09:38:16,437 [INFO] ThirdParty:1030 - CMSIS Pack Vendor :STMicroelectronics X-CUBE-BLEMGR 3.0.0
2024-02-21 09:38:16,437 [INFO] ThirdParty:1030 - CMSIS Pack Vendor :STMicroelectronics PDM2PCM 3.3.0
2024-02-21 09:38:16,438 [INFO] ThirdParty:1030 - CMSIS Pack Vendor :STMicroelectronics X-CUBE-DISPLAY 3.0.0
2024-02-21 09:38:16,438 [INFO] ThirdParty:1030 - CMSIS Pack Vendor :STMicroelectronics FP-SNS-MOTENVWB1 1.3.1
2024-02-21 09:38:16,438 [INFO] ThirdParty:1030 - CMSIS Pack Vendor :STMicroelectronics X-CUBE-BLE1 7.0.0
2024-02-21 09:38:16,438 [INFO] ThirdParty:1030 - CMSIS Pack Vendor :STMicroelectronics FP-ATR-SIGFOX1 3.2.0
2024-02-21 09:38:16,438 [INFO] ThirdParty:1030 - CMSIS Pack Vendor :STMicroelectronics X-CUBE-ISPU 2.0.0
2024-02-21 09:38:16,438 [INFO] ThirdParty:1030 - CMSIS Pack Vendor :STMicroelectronics X-CUBE-EEPRMA1 5.1.0
2024-02-21 09:38:16,438 [INFO] ThirdParty:1030 - CMSIS Pack Vendor :STMicroelectronics HAL Drivers 0.0.0
2024-02-21 09:38:16,438 [INFO] ThirdParty:1030 - CMSIS Pack Vendor :STMicroelectronics MBEDTLS 2.16.2
2024-02-21 09:38:16,438 [INFO] ThirdParty:1030 - CMSIS Pack Vendor :emotas I-CUBE-CANOPEN 1.3.0
2024-02-21 09:38:16,438 [INFO] ThirdParty:1030 - CMSIS Pack Vendor :STMicroelectronics X-CUBE-MEMS1 10.0.0
2024-02-21 09:38:16,438 [INFO] ThirdParty:1030 - CMSIS Pack Vendor :STMicroelectronics X-CUBE-FREERTOS 1.1.0
2024-02-21 09:38:16,438 [INFO] ThirdParty:1030 - CMSIS Pack Vendor :STMicroelectronics X-CUBE-NFC7 1.0.1
2024-02-21 09:38:16,438 [INFO] ThirdParty:1030 - CMSIS Pack Vendor :STMicroelectronics MBEDTLS 2.14.1
2024-02-21 09:38:16,438 [INFO] ThirdParty:1030 - CMSIS Pack Vendor :STMicroelectronics X-CUBE-NFC6 3.0.0
2024-02-21 09:38:16,438 [INFO] ThirdParty:1030 - CMSIS Pack Vendor :portGmbH I-Cube-SoM-uGOAL 1.1.0
2024-02-21 09:38:16,438 [INFO] ThirdParty:1030 - CMSIS Pack Vendor :STMicroelectronics X-CUBE-ALS 1.0.1
2024-02-21 09:38:16,438 [INFO] ThirdParty:1030 - CMSIS Pack Vendor :STMicroelectronics ThreadX 1.0.0
2024-02-21 09:38:16,438 [INFO] ThirdParty:1030 - CMSIS Pack Vendor :STMicroelectronics FP-SNS-SMARTAG2 1.2.0
2024-02-21 09:38:16,439 [INFO] ThirdParty:1030 - CMSIS Pack Vendor :STMicroelectronics X-CUBE-AZRTOS-WL 2.0.0
2024-02-21 09:38:16,439 [INFO] ThirdParty:1030 - CMSIS Pack Vendor :SEGGER I-CUBE-embOS 1.3.1
2024-02-21 09:38:16,439 [INFO] ThirdParty:1030 - CMSIS Pack Vendor :STMicroelectronics USB_DEVICE 1.0.0
2024-02-21 09:38:16,439 [INFO] ThirdParty:1030 - CMSIS Pack Vendor :STMicroelectronics X-CUBE-AI 8.1.0
2024-02-21 09:38:16,439 [INFO] ThirdParty:1030 - CMSIS Pack Vendor :STMicroelectronics X-CUBE-AZRTOS-L4 2.0.0
2024-02-21 09:38:16,439 [INFO] ThirdParty:1030 - CMSIS Pack Vendor :STMicroelectronics ThreadX 0.0.2
2024-02-21 09:38:16,439 [INFO] ThirdParty:1030 - CMSIS Pack Vendor :WES I-CUBE-Cesium 1.3.0
2024-02-21 09:38:16,440 [INFO] ThirdParty:1030 - CMSIS Pack Vendor :STMicroelectronics FP-ATR-ASTRA1 2.0.0
2024-02-21 09:38:16,440 [INFO] ThirdParty:1030 - CMSIS Pack Vendor :STMicroelectronics lwIP 2.1.2
2024-02-21 09:38:16,440 [INFO] ThirdParty:1030 - CMSIS Pack Vendor :STMicroelectronics X-CUBE-SFXS2LP1 4.0.0
2024-02-21 09:38:16,440 [INFO] ThirdParty:1030 - CMSIS Pack Vendor :STMicroelectronics X-CUBE-BLE2 3.3.0
2024-02-21 09:38:16,440 [INFO] ThirdParty:1030 - CMSIS Pack Vendor :STMicroelectronics X-CUBE-TOF1 3.4.0
2024-02-21 09:38:16,440 [INFO] ThirdParty:1030 - CMSIS Pack Vendor :STMicroelectronics X-CUBE-AZRTOS-H7 3.2.0
2024-02-21 09:38:16,440 [INFO] ThirdParty:1030 - CMSIS Pack Vendor :STMicroelectronics PDM2PCM 3.2.0
2024-02-21 09:38:16,441 [INFO] ThirdParty:841 - exiting critical section [change project]
2024-02-21 09:38:17,738 [INFO] PinOutPanel:1499 - setPackage(No Configuration,No Configuration)
2024-02-21 09:38:17,748 [INFO] PinOutPanel:1499 - setPackage(STM32F427IIHx,UFBGA176)
2024-02-21 09:38:18,976 [INFO] UtilMem:75 - Before build in PCC Used Memory: 248118896 Bytes (300941312)
2024-02-21 09:38:19,736 [ERROR] LogOutputStream:75 - [STDERR_REDIRECT] SLF4J: Failed to load class "org.slf4j.impl.StaticLoggerBinder".
2024-02-21 09:38:19,743 [ERROR] LogOutputStream:75 - [STDERR_REDIRECT] SLF4J: Defaulting to no-operation (NOP) logger implementation
2024-02-21 09:38:19,743 [ERROR] LogOutputStream:75 - [STDERR_REDIRECT] SLF4J: See http://www.slf4j.org/codes.html#StaticLoggerBinder for further details.
2024-02-21 09:38:20,916 [INFO] UtilMem:75 - After build in PCC Used Memory: 199097152 Bytes (300941312)
2024-02-21 09:38:21,265 [INFO] ApiDbMcu:508 - Load IP Config File for FREERTOS
2024-02-21 09:38:21,466 [INFO] ApiDbMcu:508 - Load IP Config File for USB_DEVICE
2024-02-21 09:38:21,656 [INFO] IPUIPlugin:80 - create IPUIPlugin
2024-02-21 09:38:21,657 [INFO] IPUIPlugin:80 - create IPUIPlugin
2024-02-21 09:38:21,657 [INFO] IPUIPlugin:80 - create IPUIPlugin
2024-02-21 09:38:21,658 [INFO] IPUIPlugin:80 - create IPUIPlugin
2024-02-21 09:38:21,658 [INFO] IPUIPlugin:80 - create IPUIPlugin
2024-02-21 09:38:21,658 [INFO] IPUIPlugin:80 - create IPUIPlugin
2024-02-21 09:38:21,659 [INFO] IPUIPlugin:80 - create IPUIPlugin
2024-02-21 09:38:21,659 [INFO] IPUIPlugin:80 - create IPUIPlugin
2024-02-21 09:38:21,660 [INFO] IPUIPlugin:80 - create IPUIPlugin
2024-02-21 09:38:21,660 [INFO] IPUIPlugin:80 - create IPUIPlugin
2024-02-21 09:38:21,660 [INFO] IPUIPlugin:80 - create IPUIPlugin
2024-02-21 09:38:21,660 [INFO] IPUIPlugin:80 - create IPUIPlugin
2024-02-21 09:38:21,661 [INFO] IPUIPlugin:80 - create IPUIPlugin
2024-02-21 09:38:21,661 [INFO] IPUIPlugin:80 - create IPUIPlugin
2024-02-21 09:38:21,661 [INFO] IPUIPlugin:80 - create IPUIPlugin
2024-02-21 09:38:21,671 [INFO] IPUIPlugin:80 - create IPUIPlugin
2024-02-21 09:38:21,672 [INFO] IPUIPlugin:80 - create IPUIPlugin
2024-02-21 09:38:21,672 [INFO] IPUIPlugin:80 - create IPUIPlugin
2024-02-21 09:38:21,672 [INFO] IPUIPlugin:80 - create IPUIPlugin
2024-02-21 09:38:21,672 [INFO] IPUIPlugin:80 - create IPUIPlugin
2024-02-21 09:38:21,673 [INFO] IPUIPlugin:80 - create IPUIPlugin
2024-02-21 09:38:21,673 [INFO] IPUIPlugin:80 - create IPUIPlugin
2024-02-21 09:38:21,674 [INFO] IPUIPlugin:80 - create IPUIPlugin
2024-02-21 09:38:21,674 [INFO] IPUIPlugin:80 - create IPUIPlugin
2024-02-21 09:38:21,675 [INFO] IPUIPlugin:80 - create IPUIPlugin
2024-02-21 09:38:21,675 [INFO] IPUIPlugin:80 - create IPUIPlugin
2024-02-21 09:38:21,675 [INFO] IPUIPlugin:80 - create IPUIPlugin
2024-02-21 09:38:21,676 [INFO] IPUIPlugin:80 - create IPUIPlugin
2024-02-21 09:38:21,689 [INFO] IPUIPlugin:80 - create IPUIPlugin
2024-02-21 09:38:21,690 [INFO] IPUIPlugin:80 - create IPUIPlugin
2024-02-21 09:38:21,690 [INFO] IPUIPlugin:80 - create IPUIPlugin
2024-02-21 09:38:21,690 [INFO] IPUIPlugin:80 - create IPUIPlugin
2024-02-21 09:38:21,690 [INFO] IPUIPlugin:80 - create IPUIPlugin
2024-02-21 09:38:21,691 [INFO] IPUIPlugin:80 - create IPUIPlugin
2024-02-21 09:38:21,691 [INFO] IPUIPlugin:80 - create IPUIPlugin
2024-02-21 09:38:21,691 [INFO] IPUIPlugin:80 - create IPUIPlugin
2024-02-21 09:38:21,691 [INFO] IPUIPlugin:80 - create IPUIPlugin
2024-02-21 09:38:21,692 [INFO] IPUIPlugin:80 - create IPUIPlugin
2024-02-21 09:38:21,692 [INFO] IPUIPlugin:80 - create IPUIPlugin
2024-02-21 09:38:21,692 [INFO] IPUIPlugin:80 - create IPUIPlugin
2024-02-21 09:38:21,692 [INFO] IPUIPlugin:80 - create IPUIPlugin
2024-02-21 09:38:21,692 [INFO] IPUIPlugin:80 - create IPUIPlugin
2024-02-21 09:38:21,692 [INFO] IPUIPlugin:80 - create IPUIPlugin
2024-02-21 09:38:21,692 [INFO] IPUIPlugin:80 - create IPUIPlugin
2024-02-21 09:38:21,692 [INFO] IPUIPlugin:80 - create IPUIPlugin
2024-02-21 09:38:21,692 [INFO] IPUIPlugin:80 - create IPUIPlugin
2024-02-21 09:38:21,692 [INFO] IPUIPlugin:80 - create IPUIPlugin
2024-02-21 09:38:21,693 [INFO] IPUIPlugin:80 - create IPUIPlugin
2024-02-21 09:38:21,693 [INFO] IPUIPlugin:80 - create IPUIPlugin
2024-02-21 09:38:21,693 [INFO] IPUIPlugin:80 - create IPUIPlugin
2024-02-21 09:38:21,693 [INFO] IPUIPlugin:80 - create IPUIPlugin
2024-02-21 09:38:21,693 [INFO] IPUIPlugin:80 - create IPUIPlugin
2024-02-21 09:38:21,693 [INFO] IPUIPlugin:80 - create IPUIPlugin
2024-02-21 09:38:21,694 [INFO] IPUIPlugin:80 - create IPUIPlugin
2024-02-21 09:38:21,694 [INFO] IPUIPlugin:80 - create IPUIPlugin
2024-02-21 09:38:21,694 [INFO] IPUIPlugin:80 - create IPUIPlugin
2024-02-21 09:38:21,694 [INFO] IPUIPlugin:80 - create IPUIPlugin
2024-02-21 09:38:21,694 [INFO] IPUIPlugin:80 - create IPUIPlugin
2024-02-21 09:38:21,694 [INFO] IPUIPlugin:80 - create IPUIPlugin
2024-02-21 09:38:21,694 [INFO] IPUIPlugin:80 - create IPUIPlugin
2024-02-21 09:38:21,698 [INFO] IPUIPlugin:80 - create IPUIPlugin
2024-02-21 09:38:21,698 [INFO] IPUIPlugin:80 - create IPUIPlugin
2024-02-21 09:38:21,698 [INFO] IPUIPlugin:80 - create IPUIPlugin
2024-02-21 09:38:21,699 [INFO] IPUIPlugin:80 - create IPUIPlugin
2024-02-21 09:38:21,699 [INFO] IPUIPlugin:80 - create IPUIPlugin
2024-02-21 09:38:21,747 [INFO] ApiDbMcu:508 - Load IP Config File for PDM2PCM
2024-02-21 09:38:21,777 [INFO] Can:71 - Can Add PropertyChangeListener com.st.microxplorer.plugins.ip.can.Can@795b3b3b
2024-02-21 09:38:21,833 [WARN] FreeRTOS:1023 - Null or empty value: should not occur! (nothing added to the table)
2024-02-21 09:38:22,781 [INFO] CADModel:165 - CPN selected for project levelSTM32F427IIH6
2024-02-21 09:38:22,783 [INFO] CADModel:114 - Register for checkConnection events
2024-02-21 09:38:22,791 [INFO] RtosManager:697 - Active RTOS found at IOC load: FREERTOS [Cortex-M4NS]
2024-02-21 09:38:22,875 [INFO] OpenFileManager:343 - Restore cursor
2024-02-21 09:38:23,308 [WARN] IP:2119 - DEVICE_SERIAL0_CDC_FS not found: check if there is a RefParameter without a condition.
2024-02-21 09:38:23,310 [WARN] IP:2119 - DEVICE_SERIAL1_CDC_FS not found: check if there is a RefParameter without a condition.
2024-02-21 09:38:23,310 [WARN] IP:2119 - DEVICE_SERIAL2_CDC_FS not found: check if there is a RefParameter without a condition.
2024-02-21 09:38:23,315 [WARN] IP:2119 - DEVICE_SERIAL0_CDC_FS not found: check if there is a RefParameter without a condition.
2024-02-21 09:38:23,315 [WARN] IP:2119 - DEVICE_SERIAL1_CDC_FS not found: check if there is a RefParameter without a condition.
2024-02-21 09:38:23,315 [WARN] IP:2119 - DEVICE_SERIAL2_CDC_FS not found: check if there is a RefParameter without a condition.
2024-02-21 09:39:39,056 [WARN] IP:2119 - DEVICE_SERIAL0_CDC_FS not found: check if there is a RefParameter without a condition.
2024-02-21 09:39:39,060 [WARN] IP:2119 - DEVICE_SERIAL1_CDC_FS not found: check if there is a RefParameter without a condition.
2024-02-21 09:39:39,061 [WARN] IP:2119 - DEVICE_SERIAL2_CDC_FS not found: check if there is a RefParameter without a condition.
2024-02-21 09:39:39,065 [WARN] IP:2119 - DEVICE_SERIAL0_CDC_FS not found: check if there is a RefParameter without a condition.
2024-02-21 09:39:39,065 [WARN] IP:2119 - DEVICE_SERIAL1_CDC_FS not found: check if there is a RefParameter without a condition.
2024-02-21 09:39:39,065 [WARN] IP:2119 - DEVICE_SERIAL2_CDC_FS not found: check if there is a RefParameter without a condition.
2024-02-21 09:39:39,138 [WARN] IP:2119 - DEVICE_SERIAL0_CDC_FS not found: check if there is a RefParameter without a condition.
2024-02-21 09:39:39,138 [WARN] IP:2119 - DEVICE_SERIAL1_CDC_FS not found: check if there is a RefParameter without a condition.
2024-02-21 09:39:39,138 [WARN] IP:2119 - DEVICE_SERIAL2_CDC_FS not found: check if there is a RefParameter without a condition.
2024-02-21 09:39:39,183 [WARN] IP:2119 - DEVICE_SERIAL0_CDC_FS not found: check if there is a RefParameter without a condition.
2024-02-21 09:39:39,184 [WARN] IP:2119 - DEVICE_SERIAL1_CDC_FS not found: check if there is a RefParameter without a condition.
2024-02-21 09:39:39,184 [WARN] IP:2119 - DEVICE_SERIAL2_CDC_FS not found: check if there is a RefParameter without a condition.
2024-02-21 09:40:00,658 [WARN] IP:2119 - DEVICE_SERIAL0_CDC_FS not found: check if there is a RefParameter without a condition.
2024-02-21 09:40:00,660 [WARN] IP:2119 - DEVICE_SERIAL1_CDC_FS not found: check if there is a RefParameter without a condition.
2024-02-21 09:40:00,660 [WARN] IP:2119 - DEVICE_SERIAL2_CDC_FS not found: check if there is a RefParameter without a condition.
2024-02-21 09:40:00,661 [WARN] IP:2119 - DEVICE_SERIAL0_CDC_FS not found: check if there is a RefParameter without a condition.
2024-02-21 09:40:00,661 [WARN] IP:2119 - DEVICE_SERIAL1_CDC_FS not found: check if there is a RefParameter without a condition.
2024-02-21 09:40:00,661 [WARN] IP:2119 - DEVICE_SERIAL2_CDC_FS not found: check if there is a RefParameter without a condition.
2024-02-21 09:40:00,728 [WARN] IP:2119 - DEVICE_SERIAL0_CDC_FS not found: check if there is a RefParameter without a condition.
2024-02-21 09:40:00,728 [WARN] IP:2119 - DEVICE_SERIAL1_CDC_FS not found: check if there is a RefParameter without a condition.
2024-02-21 09:40:00,728 [WARN] IP:2119 - DEVICE_SERIAL2_CDC_FS not found: check if there is a RefParameter without a condition.
2024-02-21 09:40:00,768 [WARN] IP:2119 - DEVICE_SERIAL0_CDC_FS not found: check if there is a RefParameter without a condition.
2024-02-21 09:40:00,768 [WARN] IP:2119 - DEVICE_SERIAL1_CDC_FS not found: check if there is a RefParameter without a condition.
2024-02-21 09:40:00,768 [WARN] IP:2119 - DEVICE_SERIAL2_CDC_FS not found: check if there is a RefParameter without a condition.
2024-02-21 09:41:51,938 [WARN] IP:2119 - DEVICE_SERIAL0_CDC_FS not found: check if there is a RefParameter without a condition.
2024-02-21 09:41:51,942 [WARN] IP:2119 - DEVICE_SERIAL1_CDC_FS not found: check if there is a RefParameter without a condition.
2024-02-21 09:41:51,942 [WARN] IP:2119 - DEVICE_SERIAL2_CDC_FS not found: check if there is a RefParameter without a condition.
2024-02-21 09:41:51,943 [WARN] IP:2119 - DEVICE_SERIAL0_CDC_FS not found: check if there is a RefParameter without a condition.
2024-02-21 09:41:51,943 [WARN] IP:2119 - DEVICE_SERIAL1_CDC_FS not found: check if there is a RefParameter without a condition.
2024-02-21 09:41:51,943 [WARN] IP:2119 - DEVICE_SERIAL2_CDC_FS not found: check if there is a RefParameter without a condition.
2024-02-21 09:42:40,117 [INFO] NvicIntPanel:101 - NVIC parent = com.st.microxplorer.plugins.ip.nvic.MultiNvicIntPanel[,0,0,0x0,invalid,layout=javax.swing.BoxLayout,alignmentX=0.0,alignmentY=0.0,border=,flags=9,maximumSize=,minimumSize=,preferredSize=]
2024-02-21 09:42:40,192 [WARN] IP:2119 - DEVICE_SERIAL0_CDC_FS not found: check if there is a RefParameter without a condition.
2024-02-21 09:42:40,193 [WARN] IP:2119 - DEVICE_SERIAL1_CDC_FS not found: check if there is a RefParameter without a condition.
2024-02-21 09:42:40,193 [WARN] IP:2119 - DEVICE_SERIAL2_CDC_FS not found: check if there is a RefParameter without a condition.
2024-02-21 09:42:40,198 [WARN] IP:2119 - DEVICE_SERIAL0_CDC_FS not found: check if there is a RefParameter without a condition.
2024-02-21 09:42:40,199 [WARN] IP:2119 - DEVICE_SERIAL1_CDC_FS not found: check if there is a RefParameter without a condition.
2024-02-21 09:42:40,200 [WARN] IP:2119 - DEVICE_SERIAL2_CDC_FS not found: check if there is a RefParameter without a condition.
2024-02-21 09:45:03,272 [INFO] UtilMem:75 - End SaveConfig() Used Memory: 593187392 Bytes (975175680)
2024-02-21 09:45:08,245 [INFO] UtilMem:75 - End SaveConfig() Used Memory: 645309704 Bytes (975175680)
2024-02-21 09:45:09,076 [INFO] BlockDiagram:2759 - set Specific Code input for plugin: SPI
2024-02-21 09:45:09,078 [INFO] BlockDiagram:2759 - set Specific Code input for plugin: FREERTOS
2024-02-21 09:45:09,078 [INFO] BlockDiagram:2759 - set Specific Code input for plugin: CAN
2024-02-21 09:45:09,078 [INFO] BlockDiagram:2759 - set Specific Code input for plugin: USB_DEVICE
2024-02-21 09:45:09,078 [INFO] BlockDiagram:2759 - set Specific Code input for plugin: SYS
2024-02-21 09:45:09,078 [INFO] BlockDiagram:2759 - set Specific Code input for plugin: RCC
2024-02-21 09:45:09,078 [INFO] BlockDiagram:2759 - set Specific Code input for plugin: USB_OTG_FS
2024-02-21 09:45:09,078 [INFO] BlockDiagram:2759 - set Specific Code input for plugin: NVIC
2024-02-21 09:45:09,078 [INFO] BlockDiagram:2759 - set Specific Code input for plugin: USART
2024-02-21 09:45:09,080 [INFO] BlockDiagram:2759 - set Specific Code input for plugin: GPIO
2024-02-21 09:45:09,082 [INFO] CodeGenerator:807 - code generatio: config db path: /Applications/STM32CubeIDE.app/Contents/Eclipse/plugins/com.st.stm32cube.common.mx_6.10.0.202311202037//db/
2024-02-21 09:45:09,154 [WARN] IP:2119 - DEVICE_SERIAL0_CDC_FS not found: check if there is a RefParameter without a condition.
2024-02-21 09:45:09,155 [WARN] IP:2119 - DEVICE_SERIAL1_CDC_FS not found: check if there is a RefParameter without a condition.
2024-02-21 09:45:09,155 [WARN] IP:2119 - DEVICE_SERIAL2_CDC_FS not found: check if there is a RefParameter without a condition.
2024-02-21 09:45:09,658 [INFO] CodeEngine:255 - oldGeneratedFile, /Users/bentjh01/Documents/01_NTU/FYP/RoboMasterDevBoard/RoboRTS-Firmware/ROBOT_DEV/MXTmpFiles/license.tmp_save
2024-02-21 09:45:10,217 [INFO] CodeEngine:279 - Generated code: /Users/bentjh01/Documents/01_NTU/FYP/RoboMasterDevBoard/RoboRTS-Firmware/ROBOT_DEV/MXTmpFiles/license.tmp
2024-02-21 09:45:10,492 [INFO] CodeEngine:255 - oldGeneratedFile, /Users/bentjh01/Documents/01_NTU/FYP/RoboMasterDevBoard/RoboRTS-Firmware/ROBOT_DEV/Core/Src/gpio.c_save
2024-02-21 09:45:10,788 [INFO] CodeEngine:279 - Generated code: /Users/bentjh01/Documents/01_NTU/FYP/RoboMasterDevBoard/RoboRTS-Firmware/ROBOT_DEV/Core/Src/gpio.c
2024-02-21 09:45:10,794 [INFO] CodeEngine:255 - oldGeneratedFile, /Users/bentjh01/Documents/01_NTU/FYP/RoboMasterDevBoard/RoboRTS-Firmware/ROBOT_DEV/Core/Inc/gpio.h_save
2024-02-21 09:45:10,937 [INFO] CodeEngine:279 - Generated code: /Users/bentjh01/Documents/01_NTU/FYP/RoboMasterDevBoard/RoboRTS-Firmware/ROBOT_DEV/Core/Inc/gpio.h
2024-02-21 09:45:11,133 [WARN] IPConfigManager:2946 - Warning: the RefConfig PWREx_EnableUSBVoltageDetector is not available in your config.xml file
2024-02-21 09:45:11,155 [INFO] CodeEngine:255 - oldGeneratedFile, /Users/bentjh01/Documents/01_NTU/FYP/RoboMasterDevBoard/RoboRTS-Firmware/ROBOT_DEV/MXTmpFiles/usb_otg_fs_vars.tmp_save
2024-02-21 09:45:11,243 [INFO] CodeEngine:279 - Generated code: /Users/bentjh01/Documents/01_NTU/FYP/RoboMasterDevBoard/RoboRTS-Firmware/ROBOT_DEV/MXTmpFiles/usb_otg_fs_vars.tmp
2024-02-21 09:45:11,245 [INFO] CodeEngine:255 - oldGeneratedFile, /Users/bentjh01/Documents/01_NTU/FYP/RoboMasterDevBoard/RoboRTS-Firmware/ROBOT_DEV/MXTmpFiles/usb_otg_fs_inc.tmp_save
2024-02-21 09:45:11,336 [INFO] CodeEngine:279 - Generated code: /Users/bentjh01/Documents/01_NTU/FYP/RoboMasterDevBoard/RoboRTS-Firmware/ROBOT_DEV/MXTmpFiles/usb_otg_fs_inc.tmp
2024-02-21 09:45:11,340 [INFO] CodeEngine:255 - oldGeneratedFile, /Users/bentjh01/Documents/01_NTU/FYP/RoboMasterDevBoard/RoboRTS-Firmware/ROBOT_DEV/MXTmpFiles/usb_otg_fs_HalInit.tmp_save
2024-02-21 09:45:11,472 [INFO] CodeEngine:279 - Generated code: /Users/bentjh01/Documents/01_NTU/FYP/RoboMasterDevBoard/RoboRTS-Firmware/ROBOT_DEV/MXTmpFiles/usb_otg_fs_HalInit.tmp
2024-02-21 09:45:11,474 [INFO] CodeEngine:255 - oldGeneratedFile, /Users/bentjh01/Documents/01_NTU/FYP/RoboMasterDevBoard/RoboRTS-Firmware/ROBOT_DEV/MXTmpFiles/usb_otg_fs_Msp.tmp_save
2024-02-21 09:45:11,582 [INFO] CodeEngine:279 - Generated code: /Users/bentjh01/Documents/01_NTU/FYP/RoboMasterDevBoard/RoboRTS-Firmware/ROBOT_DEV/MXTmpFiles/usb_otg_fs_Msp.tmp
2024-02-21 09:45:12,296 [INFO] Middleware:1439 - No code input for Bsp Dependency
2024-02-21 09:45:12,316 [INFO] CodeEngine:255 - oldGeneratedFile, /Users/bentjh01/Documents/01_NTU/FYP/RoboMasterDevBoard/RoboRTS-Firmware/ROBOT_DEV/MXTmpFiles/rtos_inc.tmp_save
2024-02-21 09:45:12,436 [INFO] CodeEngine:279 - Generated code: /Users/bentjh01/Documents/01_NTU/FYP/RoboMasterDevBoard/RoboRTS-Firmware/ROBOT_DEV/MXTmpFiles/rtos_inc.tmp
2024-02-21 09:45:12,442 [INFO] CodeEngine:255 - oldGeneratedFile, /Users/bentjh01/Documents/01_NTU/FYP/RoboMasterDevBoard/RoboRTS-Firmware/ROBOT_DEV/MXTmpFiles/rtos_kernelInit.tmp_save
2024-02-21 09:45:12,527 [INFO] CodeEngine:279 - Generated code: /Users/bentjh01/Documents/01_NTU/FYP/RoboMasterDevBoard/RoboRTS-Firmware/ROBOT_DEV/MXTmpFiles/rtos_kernelInit.tmp
2024-02-21 09:45:12,529 [INFO] CodeEngine:255 - oldGeneratedFile, /Users/bentjh01/Documents/01_NTU/FYP/RoboMasterDevBoard/RoboRTS-Firmware/ROBOT_DEV/MXTmpFiles/rtos_kernelStart.tmp_save
2024-02-21 09:45:12,600 [INFO] CodeEngine:279 - Generated code: /Users/bentjh01/Documents/01_NTU/FYP/RoboMasterDevBoard/RoboRTS-Firmware/ROBOT_DEV/MXTmpFiles/rtos_kernelStart.tmp
2024-02-21 09:45:12,604 [INFO] CodeEngine:255 - oldGeneratedFile, /Users/bentjh01/Documents/01_NTU/FYP/RoboMasterDevBoard/RoboRTS-Firmware/ROBOT_DEV/MXTmpFiles/rtos_typedefs.tmp_save
2024-02-21 09:45:12,672 [INFO] CodeEngine:279 - Generated code: /Users/bentjh01/Documents/01_NTU/FYP/RoboMasterDevBoard/RoboRTS-Firmware/ROBOT_DEV/MXTmpFiles/rtos_typedefs.tmp
2024-02-21 09:45:12,674 [INFO] CodeEngine:255 - oldGeneratedFile, /Users/bentjh01/Documents/01_NTU/FYP/RoboMasterDevBoard/RoboRTS-Firmware/ROBOT_DEV/MXTmpFiles/rtos_vars.tmp_save
2024-02-21 09:45:12,741 [INFO] CodeEngine:279 - Generated code: /Users/bentjh01/Documents/01_NTU/FYP/RoboMasterDevBoard/RoboRTS-Firmware/ROBOT_DEV/MXTmpFiles/rtos_vars.tmp
2024-02-21 09:45:12,742 [INFO] CodeEngine:255 - oldGeneratedFile, /Users/bentjh01/Documents/01_NTU/FYP/RoboMasterDevBoard/RoboRTS-Firmware/ROBOT_DEV/MXTmpFiles/rtos_pfp.tmp_save
2024-02-21 09:45:12,798 [INFO] CodeEngine:279 - Generated code: /Users/bentjh01/Documents/01_NTU/FYP/RoboMasterDevBoard/RoboRTS-Firmware/ROBOT_DEV/MXTmpFiles/rtos_pfp.tmp
2024-02-21 09:45:12,799 [INFO] CodeEngine:255 - oldGeneratedFile, /Users/bentjh01/Documents/01_NTU/FYP/RoboMasterDevBoard/RoboRTS-Firmware/ROBOT_DEV/MXTmpFiles/rtos_obj_creat.tmp_save
2024-02-21 09:45:12,882 [INFO] CodeEngine:279 - Generated code: /Users/bentjh01/Documents/01_NTU/FYP/RoboMasterDevBoard/RoboRTS-Firmware/ROBOT_DEV/MXTmpFiles/rtos_obj_creat.tmp
2024-02-21 09:45:12,894 [INFO] CodeEngine:255 - oldGeneratedFile, /Users/bentjh01/Documents/01_NTU/FYP/RoboMasterDevBoard/RoboRTS-Firmware/ROBOT_DEV/MXTmpFiles/rtos_default_thread.tmp_save
2024-02-21 09:45:12,986 [INFO] CodeEngine:279 - Generated code: /Users/bentjh01/Documents/01_NTU/FYP/RoboMasterDevBoard/RoboRTS-Firmware/ROBOT_DEV/MXTmpFiles/rtos_default_thread.tmp
2024-02-21 09:45:12,992 [INFO] CodeEngine:255 - oldGeneratedFile, /Users/bentjh01/Documents/01_NTU/FYP/RoboMasterDevBoard/RoboRTS-Firmware/ROBOT_DEV/MXTmpFiles/rtos_threads.tmp_save
2024-02-21 09:45:13,072 [INFO] CodeEngine:279 - Generated code: /Users/bentjh01/Documents/01_NTU/FYP/RoboMasterDevBoard/RoboRTS-Firmware/ROBOT_DEV/MXTmpFiles/rtos_threads.tmp
2024-02-21 09:45:13,115 [INFO] Middleware:1439 - No code input for Bsp Dependency
2024-02-21 09:45:13,144 [INFO] Middleware:1439 - No code input for Bsp Dependency
2024-02-21 09:45:13,149 [INFO] CodeEngine:255 - oldGeneratedFile, /Users/bentjh01/Documents/01_NTU/FYP/RoboMasterDevBoard/RoboRTS-Firmware/ROBOT_DEV/MXTmpFiles/rtos_inc.tmp_save
2024-02-21 09:45:13,201 [INFO] CodeEngine:279 - Generated code: /Users/bentjh01/Documents/01_NTU/FYP/RoboMasterDevBoard/RoboRTS-Firmware/ROBOT_DEV/MXTmpFiles/rtos_inc.tmp
2024-02-21 09:45:13,205 [INFO] CodeEngine:255 - oldGeneratedFile, /Users/bentjh01/Documents/01_NTU/FYP/RoboMasterDevBoard/RoboRTS-Firmware/ROBOT_DEV/MXTmpFiles/rtos_kernelInit.tmp_save
2024-02-21 09:45:13,266 [INFO] CodeEngine:279 - Generated code: /Users/bentjh01/Documents/01_NTU/FYP/RoboMasterDevBoard/RoboRTS-Firmware/ROBOT_DEV/MXTmpFiles/rtos_kernelInit.tmp
2024-02-21 09:45:13,267 [INFO] CodeEngine:255 - oldGeneratedFile, /Users/bentjh01/Documents/01_NTU/FYP/RoboMasterDevBoard/RoboRTS-Firmware/ROBOT_DEV/MXTmpFiles/rtos_kernelStart.tmp_save
2024-02-21 09:45:13,316 [INFO] CodeEngine:279 - Generated code: /Users/bentjh01/Documents/01_NTU/FYP/RoboMasterDevBoard/RoboRTS-Firmware/ROBOT_DEV/MXTmpFiles/rtos_kernelStart.tmp
2024-02-21 09:45:13,319 [INFO] CodeEngine:255 - oldGeneratedFile, /Users/bentjh01/Documents/01_NTU/FYP/RoboMasterDevBoard/RoboRTS-Firmware/ROBOT_DEV/MXTmpFiles/rtos_typedefs.tmp_save
2024-02-21 09:45:13,367 [INFO] CodeEngine:279 - Generated code: /Users/bentjh01/Documents/01_NTU/FYP/RoboMasterDevBoard/RoboRTS-Firmware/ROBOT_DEV/MXTmpFiles/rtos_typedefs.tmp
2024-02-21 09:45:13,370 [INFO] CodeEngine:255 - oldGeneratedFile, /Users/bentjh01/Documents/01_NTU/FYP/RoboMasterDevBoard/RoboRTS-Firmware/ROBOT_DEV/MXTmpFiles/rtos_vars.tmp_save
2024-02-21 09:45:13,427 [INFO] CodeEngine:279 - Generated code: /Users/bentjh01/Documents/01_NTU/FYP/RoboMasterDevBoard/RoboRTS-Firmware/ROBOT_DEV/MXTmpFiles/rtos_vars.tmp
2024-02-21 09:45:13,430 [INFO] CodeEngine:255 - oldGeneratedFile, /Users/bentjh01/Documents/01_NTU/FYP/RoboMasterDevBoard/RoboRTS-Firmware/ROBOT_DEV/MXTmpFiles/rtos_pfp.tmp_save
2024-02-21 09:45:13,482 [INFO] CodeEngine:279 - Generated code: /Users/bentjh01/Documents/01_NTU/FYP/RoboMasterDevBoard/RoboRTS-Firmware/ROBOT_DEV/MXTmpFiles/rtos_pfp.tmp
2024-02-21 09:45:13,485 [INFO] CodeEngine:255 - oldGeneratedFile, /Users/bentjh01/Documents/01_NTU/FYP/RoboMasterDevBoard/RoboRTS-Firmware/ROBOT_DEV/MXTmpFiles/rtos_obj_creat.tmp_save
2024-02-21 09:45:13,538 [INFO] CodeEngine:279 - Generated code: /Users/bentjh01/Documents/01_NTU/FYP/RoboMasterDevBoard/RoboRTS-Firmware/ROBOT_DEV/MXTmpFiles/rtos_obj_creat.tmp
2024-02-21 09:45:13,541 [INFO] CodeEngine:255 - oldGeneratedFile, /Users/bentjh01/Documents/01_NTU/FYP/RoboMasterDevBoard/RoboRTS-Firmware/ROBOT_DEV/MXTmpFiles/rtos_default_thread.tmp_save
2024-02-21 09:45:13,596 [INFO] CodeEngine:279 - Generated code: /Users/bentjh01/Documents/01_NTU/FYP/RoboMasterDevBoard/RoboRTS-Firmware/ROBOT_DEV/MXTmpFiles/rtos_default_thread.tmp
2024-02-21 09:45:13,598 [INFO] CodeEngine:255 - oldGeneratedFile, /Users/bentjh01/Documents/01_NTU/FYP/RoboMasterDevBoard/RoboRTS-Firmware/ROBOT_DEV/MXTmpFiles/rtos_threads.tmp_save
2024-02-21 09:45:13,649 [INFO] CodeEngine:279 - Generated code: /Users/bentjh01/Documents/01_NTU/FYP/RoboMasterDevBoard/RoboRTS-Firmware/ROBOT_DEV/MXTmpFiles/rtos_threads.tmp
2024-02-21 09:45:13,652 [INFO] CodeEngine:255 - oldGeneratedFile, /Users/bentjh01/Documents/01_NTU/FYP/RoboMasterDevBoard/RoboRTS-Firmware/ROBOT_DEV/Core/Inc/FreeRTOSConfig.h_save
2024-02-21 09:45:13,746 [INFO] CodeEngine:279 - Generated code: /Users/bentjh01/Documents/01_NTU/FYP/RoboMasterDevBoard/RoboRTS-Firmware/ROBOT_DEV/Core/Inc/FreeRTOSConfig.h
2024-02-21 09:45:13,749 [INFO] CodeEngine:255 - oldGeneratedFile, /Users/bentjh01/Documents/01_NTU/FYP/RoboMasterDevBoard/RoboRTS-Firmware/ROBOT_DEV/Core/Src/freertos.c_save
2024-02-21 09:45:13,821 [INFO] CodeEngine:279 - Generated code: /Users/bentjh01/Documents/01_NTU/FYP/RoboMasterDevBoard/RoboRTS-Firmware/ROBOT_DEV/Core/Src/freertos.c
2024-02-21 09:45:13,827 [INFO] CodeEngine:255 - oldGeneratedFile, /Users/bentjh01/Documents/01_NTU/FYP/RoboMasterDevBoard/RoboRTS-Firmware/ROBOT_DEV/Core/Src/can.c_save
2024-02-21 09:45:14,009 [INFO] CodeEngine:279 - Generated code: /Users/bentjh01/Documents/01_NTU/FYP/RoboMasterDevBoard/RoboRTS-Firmware/ROBOT_DEV/Core/Src/can.c
2024-02-21 09:45:14,011 [INFO] CodeEngine:255 - oldGeneratedFile, /Users/bentjh01/Documents/01_NTU/FYP/RoboMasterDevBoard/RoboRTS-Firmware/ROBOT_DEV/Core/Inc/can.h_save
2024-02-21 09:45:14,088 [INFO] CodeEngine:279 - Generated code: /Users/bentjh01/Documents/01_NTU/FYP/RoboMasterDevBoard/RoboRTS-Firmware/ROBOT_DEV/Core/Inc/can.h
2024-02-21 09:45:14,093 [INFO] CodeEngine:255 - oldGeneratedFile, /Users/bentjh01/Documents/01_NTU/FYP/RoboMasterDevBoard/RoboRTS-Firmware/ROBOT_DEV/Core/Src/spi.c_save
2024-02-21 09:45:14,231 [INFO] CodeEngine:279 - Generated code: /Users/bentjh01/Documents/01_NTU/FYP/RoboMasterDevBoard/RoboRTS-Firmware/ROBOT_DEV/Core/Src/spi.c
2024-02-21 09:45:14,246 [INFO] CodeEngine:255 - oldGeneratedFile, /Users/bentjh01/Documents/01_NTU/FYP/RoboMasterDevBoard/RoboRTS-Firmware/ROBOT_DEV/Core/Inc/spi.h_save
2024-02-21 09:45:14,316 [INFO] CodeEngine:279 - Generated code: /Users/bentjh01/Documents/01_NTU/FYP/RoboMasterDevBoard/RoboRTS-Firmware/ROBOT_DEV/Core/Inc/spi.h
2024-02-21 09:45:14,326 [INFO] CodeEngine:255 - oldGeneratedFile, /Users/bentjh01/Documents/01_NTU/FYP/RoboMasterDevBoard/RoboRTS-Firmware/ROBOT_DEV/Core/Src/usart.c_save
2024-02-21 09:45:14,418 [INFO] CodeEngine:279 - Generated code: /Users/bentjh01/Documents/01_NTU/FYP/RoboMasterDevBoard/RoboRTS-Firmware/ROBOT_DEV/Core/Src/usart.c
2024-02-21 09:45:14,424 [INFO] CodeEngine:255 - oldGeneratedFile, /Users/bentjh01/Documents/01_NTU/FYP/RoboMasterDevBoard/RoboRTS-Firmware/ROBOT_DEV/Core/Inc/usart.h_save
2024-02-21 09:45:14,479 [INFO] CodeEngine:279 - Generated code: /Users/bentjh01/Documents/01_NTU/FYP/RoboMasterDevBoard/RoboRTS-Firmware/ROBOT_DEV/Core/Inc/usart.h
2024-02-21 09:45:14,499 [INFO] Middleware:1439 - No code input for Bsp Dependency
2024-02-21 09:45:14,512 [INFO] CodeEngine:255 - oldGeneratedFile, /Users/bentjh01/Documents/01_NTU/FYP/RoboMasterDevBoard/RoboRTS-Firmware/ROBOT_DEV/USB_DEVICE/App/usb_device.c_save
2024-02-21 09:45:14,582 [INFO] CodeEngine:279 - Generated code: /Users/bentjh01/Documents/01_NTU/FYP/RoboMasterDevBoard/RoboRTS-Firmware/ROBOT_DEV/USB_DEVICE/App/usb_device.c
2024-02-21 09:45:14,584 [INFO] CodeEngine:255 - oldGeneratedFile, /Users/bentjh01/Documents/01_NTU/FYP/RoboMasterDevBoard/RoboRTS-Firmware/ROBOT_DEV/USB_DEVICE/App/usb_device.h_save
2024-02-21 09:45:14,654 [INFO] CodeEngine:279 - Generated code: /Users/bentjh01/Documents/01_NTU/FYP/RoboMasterDevBoard/RoboRTS-Firmware/ROBOT_DEV/USB_DEVICE/App/usb_device.h
2024-02-21 09:45:14,656 [INFO] CodeEngine:255 - oldGeneratedFile, /Users/bentjh01/Documents/01_NTU/FYP/RoboMasterDevBoard/RoboRTS-Firmware/ROBOT_DEV/USB_DEVICE/Target/usbd_conf.h_save
2024-02-21 09:45:14,709 [INFO] CodeEngine:279 - Generated code: /Users/bentjh01/Documents/01_NTU/FYP/RoboMasterDevBoard/RoboRTS-Firmware/ROBOT_DEV/USB_DEVICE/Target/usbd_conf.h
2024-02-21 09:45:14,711 [INFO] CodeEngine:255 - oldGeneratedFile, /Users/bentjh01/Documents/01_NTU/FYP/RoboMasterDevBoard/RoboRTS-Firmware/ROBOT_DEV/USB_DEVICE/Target/usbd_conf.c_save
2024-02-21 09:45:14,779 [INFO] CodeEngine:279 - Generated code: /Users/bentjh01/Documents/01_NTU/FYP/RoboMasterDevBoard/RoboRTS-Firmware/ROBOT_DEV/USB_DEVICE/Target/usbd_conf.c
2024-02-21 09:45:14,782 [INFO] CodeEngine:255 - oldGeneratedFile, /Users/bentjh01/Documents/01_NTU/FYP/RoboMasterDevBoard/RoboRTS-Firmware/ROBOT_DEV/USB_DEVICE/App/usbd_desc.h_save
2024-02-21 09:45:14,840 [INFO] CodeEngine:279 - Generated code: /Users/bentjh01/Documents/01_NTU/FYP/RoboMasterDevBoard/RoboRTS-Firmware/ROBOT_DEV/USB_DEVICE/App/usbd_desc.h
2024-02-21 09:45:14,841 [INFO] CodeEngine:255 - oldGeneratedFile, /Users/bentjh01/Documents/01_NTU/FYP/RoboMasterDevBoard/RoboRTS-Firmware/ROBOT_DEV/USB_DEVICE/App/usbd_desc.c_save
2024-02-21 09:45:14,902 [INFO] CodeEngine:279 - Generated code: /Users/bentjh01/Documents/01_NTU/FYP/RoboMasterDevBoard/RoboRTS-Firmware/ROBOT_DEV/USB_DEVICE/App/usbd_desc.c
2024-02-21 09:45:14,905 [INFO] CodeEngine:255 - oldGeneratedFile, /Users/bentjh01/Documents/01_NTU/FYP/RoboMasterDevBoard/RoboRTS-Firmware/ROBOT_DEV/USB_DEVICE/App/usbd_cdc_if.h_save
2024-02-21 09:45:14,959 [INFO] CodeEngine:279 - Generated code: /Users/bentjh01/Documents/01_NTU/FYP/RoboMasterDevBoard/RoboRTS-Firmware/ROBOT_DEV/USB_DEVICE/App/usbd_cdc_if.h
2024-02-21 09:45:14,962 [INFO] CodeEngine:255 - oldGeneratedFile, /Users/bentjh01/Documents/01_NTU/FYP/RoboMasterDevBoard/RoboRTS-Firmware/ROBOT_DEV/USB_DEVICE/App/usbd_cdc_if.c_save
2024-02-21 09:45:15,025 [INFO] CodeEngine:279 - Generated code: /Users/bentjh01/Documents/01_NTU/FYP/RoboMasterDevBoard/RoboRTS-Firmware/ROBOT_DEV/USB_DEVICE/App/usbd_cdc_if.c
2024-02-21 09:45:15,035 [INFO] CodeEngine:255 - oldGeneratedFile, /Users/bentjh01/Documents/01_NTU/FYP/RoboMasterDevBoard/RoboRTS-Firmware/ROBOT_DEV/Core/Src/stm32f4xx_it.c_save
2024-02-21 09:45:15,235 [INFO] CodeEngine:279 - Generated code: /Users/bentjh01/Documents/01_NTU/FYP/RoboMasterDevBoard/RoboRTS-Firmware/ROBOT_DEV/Core/Src/stm32f4xx_it.c
2024-02-21 09:45:15,246 [INFO] CodeEngine:255 - oldGeneratedFile, /Users/bentjh01/Documents/01_NTU/FYP/RoboMasterDevBoard/RoboRTS-Firmware/ROBOT_DEV/Core/Inc/stm32f4xx_it.h_save
2024-02-21 09:45:15,307 [INFO] CodeEngine:279 - Generated code: /Users/bentjh01/Documents/01_NTU/FYP/RoboMasterDevBoard/RoboRTS-Firmware/ROBOT_DEV/Core/Inc/stm32f4xx_it.h
2024-02-21 09:45:15,333 [INFO] CodeEngine:255 - oldGeneratedFile, /Users/bentjh01/Documents/01_NTU/FYP/RoboMasterDevBoard/RoboRTS-Firmware/ROBOT_DEV/Core/Src/stm32f4xx_hal_msp.c_save
2024-02-21 09:45:15,425 [INFO] CodeEngine:279 - Generated code: /Users/bentjh01/Documents/01_NTU/FYP/RoboMasterDevBoard/RoboRTS-Firmware/ROBOT_DEV/Core/Src/stm32f4xx_hal_msp.c
2024-02-21 09:45:15,427 [INFO] CodeEngine:255 - oldGeneratedFile, /Users/bentjh01/Documents/01_NTU/FYP/RoboMasterDevBoard/RoboRTS-Firmware/ROBOT_DEV/MXTmpFiles/system.tmp_save
2024-02-21 09:45:15,477 [INFO] CodeEngine:279 - Generated code: /Users/bentjh01/Documents/01_NTU/FYP/RoboMasterDevBoard/RoboRTS-Firmware/ROBOT_DEV/MXTmpFiles/system.tmp
2024-02-21 09:45:15,479 [INFO] CodeEngine:255 - oldGeneratedFile, /Users/bentjh01/Documents/01_NTU/FYP/RoboMasterDevBoard/RoboRTS-Firmware/ROBOT_DEV/Core/Src/stm32f4xx_hal_timebase_tim.c_save
2024-02-21 09:45:15,530 [INFO] CodeEngine:279 - Generated code: /Users/bentjh01/Documents/01_NTU/FYP/RoboMasterDevBoard/RoboRTS-Firmware/ROBOT_DEV/Core/Src/stm32f4xx_hal_timebase_tim.c
2024-02-21 09:45:15,537 [INFO] CodeEngine:311 - oldGeneratedFile, /Users/bentjh01/Documents/01_NTU/FYP/RoboMasterDevBoard/RoboRTS-Firmware/ROBOT_DEV/Core/Inc/stm32f4xx_hal_conf.h_save
2024-02-21 09:45:15,618 [INFO] CodeEngine:335 - Generated code: /Users/bentjh01/Documents/01_NTU/FYP/RoboMasterDevBoard/RoboRTS-Firmware/ROBOT_DEV/Core/Inc/stm32f4xx_hal_conf.h
2024-02-21 09:45:15,790 [INFO] CodeEngine:255 - oldGeneratedFile, /Users/bentjh01/Documents/01_NTU/FYP/RoboMasterDevBoard/RoboRTS-Firmware/ROBOT_DEV/Core/Inc/main.h_save
2024-02-21 09:45:15,895 [INFO] CodeEngine:279 - Generated code: /Users/bentjh01/Documents/01_NTU/FYP/RoboMasterDevBoard/RoboRTS-Firmware/ROBOT_DEV/Core/Inc/main.h
2024-02-21 09:45:15,898 [INFO] CodeEngine:255 - oldGeneratedFile, /Users/bentjh01/Documents/01_NTU/FYP/RoboMasterDevBoard/RoboRTS-Firmware/ROBOT_DEV/Core/Src/main.c_save
2024-02-21 09:45:16,192 [INFO] CodeEngine:279 - Generated code: /Users/bentjh01/Documents/01_NTU/FYP/RoboMasterDevBoard/RoboRTS-Firmware/ROBOT_DEV/Core/Src/main.c
2024-02-21 09:45:16,977 [INFO] ProjectBuilder:3076 - Time for Copy HAL[1] : 137mS.
2024-02-21 09:45:16,996 [INFO] ProjectBuilder:4485 - Project Generator version: 4.2.0-B44
2024-02-21 09:45:17,337 [INFO] ConfigFileManager:1495 - The Die is : DIE419
2024-02-21 09:45:17,351 [INFO] ApiDbMcu:508 - Load IP Config File for FATFS
2024-02-21 09:45:17,359 [INFO] ApiDbMcu:508 - Load IP Config File for LIBJPEG
2024-02-21 09:45:17,383 [INFO] ApiDbMcu:508 - Load IP Config File for LWIP
2024-02-21 09:45:17,393 [INFO] ApiDbMcu:508 - Load IP Config File for MBEDTLS
2024-02-21 09:45:17,399 [INFO] ApiDbMcu:508 - Load IP Config File for USB_HOST
2024-02-21 09:45:18,572 [INFO] LogOutputStream:77 - [STDOUT_REDIRECT] 
2024-02-21 09:45:21,880 [INFO] ProjectBuilder:4747 - Time for Generating toolchain IDE Files: 4872mS.
2024-02-21 09:45:21,890 [INFO] ProjectBuilder:2947 - Time for Copy CMSIS : 3mS.
2024-02-21 09:45:21,894 [INFO] ProjectBuilder:2947 - Time for Copy CMSIS : 0mS.
