2024-01-03 17:50:54,629 [INFO] Activator:176 - 


2024-01-03 17:50:54,631 [INFO] Activator:177 - !SESSION log4j initialized
2024-01-03 17:50:56,425 [ERROR] LogOutputStream:75 - [STDERR_REDIRECT] 
2024-01-03 17:50:58,691 [INFO] LogOutputStream:77 - [STDOUT_REDIRECT] 
2024-01-03 17:51:01,937 [INFO] ApplicationProperties:184 - Using Application install path: /Applications/STM32CubeIDE.app/Contents/Eclipse/plugins/com.st.stm32cube.common.mx_6.10.0.202311202037
2024-01-03 17:51:01,958 [INFO] DbMcusXml:78 - Set database path to: /Applications/STM32CubeIDE.app/Contents/Eclipse/plugins/com.st.stm32cube.common.mx_6.10.0.202311202037//db//mcu/
2024-01-03 17:51:01,959 [INFO] ApiDb:274 - Set plugin database path to: /Applications/STM32CubeIDE.app/Contents/Eclipse/plugins/com.st.stm32cube.common.mx_6.10.0.202311202037//db//plugins/boardmanager/
2024-01-03 17:51:01,960 [WARN] ApiDb:259 - Overriding images path with different value:  => /Applications/STM32CubeIDE.app/Contents/Eclipse/plugins/com.st.stm32cube.common.mx_6.10.0.202311202037//db//plugins/mcufinder/images/
2024-01-03 17:51:02,028 [INFO] ApiDb:250 - Set database path to: /Users/bentjh01/.stmcufinder/plugins/mcufinder//mcu/
2024-01-03 17:51:02,034 [INFO] DbMcusAds:125 - Set database path to: /Users/bentjh01/.stmcufinder/plugins/mcufinder//mcu/
2024-01-03 17:51:02,037 [INFO] CrossReferenceDbSqlite:203 - Set database path to: /Users/bentjh01/.stmcufinder/plugins/mcufinder//mcu/cs/
2024-01-03 17:51:02,066 [ERROR] LogOutputStream:75 - [STDERR_REDIRECT] [Fatal Error] :2:10: DOCTYPE is disallowed when the feature "http://apache.org/xml/features/disallow-doctype-decl" set to true.
2024-01-03 17:51:02,067 [ERROR] LogOutputStream:75 - [STDERR_REDIRECT] 
2024-01-03 17:51:02,188 [INFO] RulesReader:64 - Compatibility file has been processed (297 Rules)
2024-01-03 17:51:02,258 [INFO] DbMcusXml:78 - Set database path to: /Applications/STM32CubeIDE.app/Contents/Eclipse/plugins/com.st.stm32cube.common.mx_6.10.0.202311202037//db//mcu/
2024-01-03 17:51:02,259 [INFO] ApiDb:274 - Set plugin database path to: /Applications/STM32CubeIDE.app/Contents/Eclipse/plugins/com.st.stm32cube.common.mx_6.10.0.202311202037//db//plugins/boardmanager/
2024-01-03 17:51:02,260 [INFO] ApiDb:261 - Set plugin images path to: /Applications/STM32CubeIDE.app/Contents/Eclipse/plugins/com.st.stm32cube.common.mx_6.10.0.202311202037//db//plugins/mcufinder/images/
2024-01-03 17:51:02,260 [WARN] DbFile:41 - Overriding database path with different value: /Users/bentjh01/.stmcufinder/plugins/mcufinder/ => /Users/bentjh01/.stmcufinder/plugins/mcufinder
2024-01-03 17:51:02,260 [INFO] ApiDb:250 - Set database path to: /Users/bentjh01/.stmcufinder/plugins/mcufinder//mcu/
2024-01-03 17:51:02,260 [WARN] DbFile:41 - Overriding database path with different value: /Users/bentjh01/.stmcufinder/plugins/mcufinder/ => /Users/bentjh01/.stmcufinder/plugins/mcufinder
2024-01-03 17:51:02,260 [INFO] DbMcusAds:125 - Set database path to: /Users/bentjh01/.stmcufinder/plugins/mcufinder//mcu/
2024-01-03 17:51:02,260 [WARN] DbFile:41 - Overriding database path with different value: /Users/bentjh01/.stmcufinder/plugins/mcufinder/ => /Users/bentjh01/.stmcufinder/plugins/mcufinder
2024-01-03 17:51:02,260 [WARN] DbFile:41 - Overriding database path with different value: /Users/bentjh01/.stmcufinder/plugins/mcufinder/ => /Users/bentjh01/.stmcufinder/plugins/mcufinder
2024-01-03 17:51:02,260 [INFO] CrossReferenceDbSqlite:203 - Set database path to: /Users/bentjh01/.stmcufinder/plugins/mcufinder//mcu/cs/
2024-01-03 17:51:02,377 [INFO] MainPanel:264 - HeapMemory: 275775488
2024-01-03 17:51:02,459 [INFO] DbMcusXml:78 - Set database path to: /Applications/STM32CubeIDE.app/Contents/Eclipse/plugins/com.st.stm32cube.common.mx_6.10.0.202311202037//db//mcu/
2024-01-03 17:51:02,459 [INFO] ApiDb:274 - Set plugin database path to: /Applications/STM32CubeIDE.app/Contents/Eclipse/plugins/com.st.stm32cube.common.mx_6.10.0.202311202037//db//plugins/boardmanager/
2024-01-03 17:51:02,459 [INFO] ApiDb:261 - Set plugin images path to: /Applications/STM32CubeIDE.app/Contents/Eclipse/plugins/com.st.stm32cube.common.mx_6.10.0.202311202037//db//plugins/mcufinder/images/
2024-01-03 17:51:02,460 [WARN] DbFile:41 - Overriding database path with different value: /Users/bentjh01/.stmcufinder/plugins/mcufinder/ => /Users/bentjh01/.stmcufinder/plugins/mcufinder
2024-01-03 17:51:02,460 [INFO] ApiDb:250 - Set database path to: /Users/bentjh01/.stmcufinder/plugins/mcufinder//mcu/
2024-01-03 17:51:02,460 [WARN] DbFile:41 - Overriding database path with different value: /Users/bentjh01/.stmcufinder/plugins/mcufinder/ => /Users/bentjh01/.stmcufinder/plugins/mcufinder
2024-01-03 17:51:02,460 [INFO] DbMcusAds:125 - Set database path to: /Users/bentjh01/.stmcufinder/plugins/mcufinder//mcu/
2024-01-03 17:51:02,460 [WARN] DbFile:41 - Overriding database path with different value: /Users/bentjh01/.stmcufinder/plugins/mcufinder/ => /Users/bentjh01/.stmcufinder/plugins/mcufinder
2024-01-03 17:51:02,460 [WARN] DbFile:41 - Overriding database path with different value: /Users/bentjh01/.stmcufinder/plugins/mcufinder/ => /Users/bentjh01/.stmcufinder/plugins/mcufinder
2024-01-03 17:51:02,460 [INFO] CrossReferenceDbSqlite:203 - Set database path to: /Users/bentjh01/.stmcufinder/plugins/mcufinder//mcu/cs/
2024-01-03 17:51:02,476 [INFO] ApplicationProperties:184 - Using Application install path: /Applications/STM32CubeIDE.app/Contents/Eclipse/plugins/com.st.stm32cube.common.mx_6.10.0.202311202037
2024-01-03 17:51:02,477 [INFO] PluginManage:196 - Search for loadable plugins [exclusion list=, ]
2024-01-03 17:51:02,479 [INFO] PluginManage:310 - Check plugin analytics
2024-01-03 17:51:02,810 [INFO] AnalyticsPlugin:253 - Accepted Software Licenses: 
2024-01-03 17:51:02,812 [INFO] AnalyticsPlugin:255 - Accepted CMSIS Pack Licenses: 
2024-01-03 17:51:02,812 [INFO] AnalyticsPlugin:257 - Accepted Firmware Licenses: 
2024-01-03 17:51:02,837 [INFO] PluginManage:359 - Loaded plugin analytics (category:tool,tabindex:-1)
2024-01-03 17:51:02,840 [INFO] PluginManage:310 - Check plugin cadmodel
2024-01-03 17:51:03,020 [INFO] CADModel:105 - Init CAD model plugin
2024-01-03 17:51:03,021 [INFO] PluginManage:359 - Loaded plugin cadmodel (category:power,tabindex:5)
2024-01-03 17:51:03,022 [INFO] PluginManage:310 - Check plugin clock
2024-01-03 17:51:03,036 [INFO] PluginManage:359 - Loaded plugin clock (category:base,tabindex:2)
2024-01-03 17:51:03,036 [INFO] PluginManage:310 - Check plugin ddr
2024-01-03 17:51:03,040 [INFO] PluginManage:359 - Loaded plugin ddr (category:tool,tabindex:6)
2024-01-03 17:51:03,040 [INFO] PluginManage:310 - Check plugin filemanager
2024-01-03 17:51:03,296 [INFO] PluginManage:359 - Loaded plugin filemanager (category:base,tabindex:10)
2024-01-03 17:51:03,297 [INFO] PluginManage:310 - Check plugin ipmanager
2024-01-03 17:51:03,313 [INFO] PluginManage:359 - Loaded plugin ipmanager (category:base,tabindex:5)
2024-01-03 17:51:03,313 [INFO] PluginManage:310 - Check plugin lpbam
2024-01-03 17:51:03,328 [INFO] PluginManage:359 - Loaded plugin lpbam (category:base,tabindex:0)
2024-01-03 17:51:03,328 [INFO] PluginManage:310 - Check plugin memorymap
2024-01-03 17:51:03,342 [INFO] PluginManage:359 - Loaded plugin memorymap (category:base,tabindex:4)
2024-01-03 17:51:03,342 [INFO] PluginManage:310 - Check plugin pinoutandconfiguration
2024-01-03 17:51:03,348 [INFO] PluginManage:359 - Loaded plugin pinoutandconfiguration (category:base,tabindex:1)
2024-01-03 17:51:03,349 [INFO] PluginManage:310 - Check plugin pinoutconfig
2024-01-03 17:51:03,466 [WARN] SupportedApi:132 - Cannot load RTOS API schema: s4s-elt-must-match.1: The content of 'definitions' must match (annotation?, (simpleType | complexType)?, (unique | key | keyref)*)). A problem was found starting at: attribute.
2024-01-03 17:51:03,776 [INFO] PluginManage:359 - Loaded plugin pinoutconfig (category:base,tabindex:0)
2024-01-03 17:51:03,777 [INFO] PluginManage:310 - Check plugin power
2024-01-03 17:51:03,800 [INFO] PluginManage:359 - Loaded plugin power (category:power,tabindex:4)
2024-01-03 17:51:03,800 [INFO] PluginManage:310 - Check plugin projectmanager
2024-01-03 17:51:03,833 [INFO] PluginManage:359 - Loaded plugin projectmanager (category:projectmanager,tabindex:3)
2024-01-03 17:51:03,833 [INFO] PluginManage:310 - Check plugin thirdparty
2024-01-03 17:51:03,996 [INFO] PluginManage:359 - Loaded plugin thirdparty (category:base,tabindex:-1)
2024-01-03 17:51:03,999 [INFO] PluginManage:310 - Check plugin tools
2024-01-03 17:51:03,996 [WARN] IntegrityCheckThread:84 - waiting for thirdparty lock release [integrity check]
2024-01-03 17:51:03,999 [INFO] IntegrityCheckThread:86 - entering critical section [integrity check]
2024-01-03 17:51:04,000 [INFO] ThirdPartyUpdaterWithRetryManager:70 - Updater plugin not ready yet. [1/15]
2024-01-03 17:51:04,002 [INFO] PluginManage:359 - Loaded plugin tools (category:base,tabindex:7)
2024-01-03 17:51:04,002 [INFO] PluginManage:310 - Check plugin tutovideos
2024-01-03 17:51:04,170 [INFO] PluginManage:359 - Loaded plugin tutovideos (category:base,tabindex:-1)
2024-01-03 17:51:04,170 [INFO] PluginManage:310 - Check plugin updater
2024-01-03 17:51:04,185 [INFO] PluginManage:359 - Loaded plugin updater (category:base,tabindex:12)
2024-01-03 17:51:04,186 [INFO] PluginManage:310 - Check plugin userauth
2024-01-03 17:51:04,192 [INFO] UserAuth:114 - Init User Auth plugin
2024-01-03 17:51:04,192 [INFO] PluginManage:359 - Loaded plugin userauth (category:base,tabindex:14)
2024-01-03 17:51:04,193 [INFO] PluginManage:283 - PluginManage : Loaded plugins [17]
2024-01-03 17:51:04,446 [INFO] PinOutPanel:1499 - setPackage(No Configuration,No Configuration)
2024-01-03 17:51:04,512 [INFO] CADModel:165 - CPN selected for project level
2024-01-03 17:51:04,512 [INFO] CADModel:114 - Register for checkConnection events
2024-01-03 17:51:04,524 [INFO] IPUIPlugin:80 - create IPUIPlugin
2024-01-03 17:51:04,524 [INFO] PluginManager:220 - loadIPPluginJar : add mdma
2024-01-03 17:51:04,530 [INFO] IPUIPlugin:80 - create IPUIPlugin
2024-01-03 17:51:04,530 [INFO] PluginManager:220 - loadIPPluginJar : add freertos
2024-01-03 17:51:04,533 [INFO] IPUIPlugin:80 - create IPUIPlugin
2024-01-03 17:51:04,534 [INFO] PluginManager:220 - loadIPPluginJar : add gic
2024-01-03 17:51:04,539 [INFO] IPUIPlugin:80 - create IPUIPlugin
2024-01-03 17:51:04,539 [INFO] PluginManager:220 - loadIPPluginJar : add adc
2024-01-03 17:51:04,541 [INFO] IPUIPlugin:80 - create IPUIPlugin
2024-01-03 17:51:04,541 [INFO] PluginManager:220 - loadIPPluginJar : add gtzc
2024-01-03 17:51:04,542 [INFO] IPUIPlugin:80 - create IPUIPlugin
2024-01-03 17:51:04,542 [INFO] PluginManager:220 - loadIPPluginJar : add quadspi
2024-01-03 17:51:04,543 [INFO] IPUIPlugin:80 - create IPUIPlugin
2024-01-03 17:51:04,544 [INFO] PluginManager:220 - loadIPPluginJar : add aes
2024-01-03 17:51:04,546 [INFO] IPUIPlugin:80 - create IPUIPlugin
2024-01-03 17:51:04,546 [INFO] PluginManager:220 - loadIPPluginJar : add pdm2pcm
2024-01-03 17:51:04,547 [INFO] IPUIPlugin:80 - create IPUIPlugin
2024-01-03 17:51:04,547 [INFO] PluginManager:220 - loadIPPluginJar : add hash
2024-01-03 17:51:04,548 [INFO] IPUIPlugin:80 - create IPUIPlugin
2024-01-03 17:51:04,548 [INFO] PluginManager:220 - loadIPPluginJar : add tim
2024-01-03 17:51:04,549 [INFO] IPUIPlugin:80 - create IPUIPlugin
2024-01-03 17:51:04,550 [INFO] PluginManager:220 - loadIPPluginJar : add tsc
2024-01-03 17:51:04,551 [INFO] IPUIPlugin:80 - create IPUIPlugin
2024-01-03 17:51:04,551 [INFO] PluginManager:220 - loadIPPluginJar : add ts
2024-01-03 17:51:04,553 [INFO] IPUIPlugin:80 - create IPUIPlugin
2024-01-03 17:51:04,553 [INFO] PluginManager:220 - loadIPPluginJar : add can
2024-01-03 17:51:04,555 [INFO] IPUIPlugin:80 - create IPUIPlugin
2024-01-03 17:51:04,555 [INFO] PluginManager:220 - loadIPPluginJar : add dma3
2024-01-03 17:51:04,557 [INFO] IPUIPlugin:80 - create IPUIPlugin
2024-01-03 17:51:04,557 [INFO] PluginManager:220 - loadIPPluginJar : add dfsdm
2024-01-03 17:51:04,558 [INFO] IPUIPlugin:80 - create IPUIPlugin
2024-01-03 17:51:04,558 [INFO] PluginManager:220 - loadIPPluginJar : add spi
2024-01-03 17:51:04,559 [INFO] IPUIPlugin:80 - create IPUIPlugin
2024-01-03 17:51:04,559 [INFO] PluginManager:220 - loadIPPluginJar : add gfxmmu
2024-01-03 17:51:04,560 [INFO] IPUIPlugin:80 - create IPUIPlugin
2024-01-03 17:51:04,560 [INFO] PluginManager:220 - loadIPPluginJar : add genericplugin
2024-01-03 17:51:04,561 [INFO] IPUIPlugin:80 - create IPUIPlugin
2024-01-03 17:51:04,561 [INFO] PluginManager:220 - loadIPPluginJar : add cryp
2024-01-03 17:51:04,563 [INFO] IPUIPlugin:80 - create IPUIPlugin
2024-01-03 17:51:04,563 [INFO] PluginManager:220 - loadIPPluginJar : add gpio
2024-01-03 17:51:04,565 [INFO] IPUIPlugin:80 - create IPUIPlugin
2024-01-03 17:51:04,565 [INFO] PluginManager:220 - loadIPPluginJar : add comp
2024-01-03 17:51:04,566 [INFO] IPUIPlugin:80 - create IPUIPlugin
2024-01-03 17:51:04,566 [INFO] PluginManager:220 - loadIPPluginJar : add tracer_emb
2024-01-03 17:51:04,568 [INFO] IPUIPlugin:80 - create IPUIPlugin
2024-01-03 17:51:04,568 [INFO] PluginManager:220 - loadIPPluginJar : add openamp
2024-01-03 17:51:04,571 [INFO] IPUIPlugin:80 - create IPUIPlugin
2024-01-03 17:51:04,571 [INFO] PluginManager:220 - loadIPPluginJar : add stm32_wpan
2024-01-03 17:51:04,574 [INFO] IPUIPlugin:80 - create IPUIPlugin
2024-01-03 17:51:04,577 [INFO] PluginManager:220 - loadIPPluginJar : add plateformsettings
2024-01-03 17:51:04,579 [INFO] IPUIPlugin:80 - create IPUIPlugin
2024-01-03 17:51:04,579 [INFO] PluginManager:220 - loadIPPluginJar : add ipddr
2024-01-03 17:51:04,581 [INFO] IPUIPlugin:80 - create IPUIPlugin
2024-01-03 17:51:04,581 [INFO] PluginManager:220 - loadIPPluginJar : add usart
2024-01-03 17:51:04,582 [INFO] IPUIPlugin:80 - create IPUIPlugin
2024-01-03 17:51:04,582 [INFO] PluginManager:220 - loadIPPluginJar : add ltdc
2024-01-03 17:51:04,584 [INFO] IPUIPlugin:80 - create IPUIPlugin
2024-01-03 17:51:04,584 [INFO] PluginManager:220 - loadIPPluginJar : add nvic
2024-01-03 17:51:04,585 [INFO] IPUIPlugin:80 - create IPUIPlugin
2024-01-03 17:51:04,585 [INFO] PluginManager:220 - loadIPPluginJar : add fatfs
2024-01-03 17:51:04,589 [INFO] IPUIPlugin:80 - create IPUIPlugin
2024-01-03 17:51:04,589 [INFO] PluginManager:220 - loadIPPluginJar : add linkedlist
2024-01-03 17:51:04,593 [INFO] IPUIPlugin:80 - create IPUIPlugin
2024-01-03 17:51:04,593 [INFO] PluginManager:220 - loadIPPluginJar : add dma
2024-01-03 17:51:04,595 [INFO] IPUIPlugin:80 - create IPUIPlugin
2024-01-03 17:51:04,595 [INFO] PluginManager:220 - loadIPPluginJar : add fmc
2024-01-03 17:51:04,596 [INFO] IPUIPlugin:80 - create IPUIPlugin
2024-01-03 17:51:04,596 [INFO] PluginManager:220 - loadIPPluginJar : add i2s
2024-01-03 17:51:04,597 [INFO] IPUIPlugin:80 - create IPUIPlugin
2024-01-03 17:51:04,597 [INFO] PluginManager:220 - loadIPPluginJar : add ucpd
2024-01-03 17:51:04,599 [INFO] IPUIPlugin:80 - create IPUIPlugin
2024-01-03 17:51:04,599 [INFO] PluginManager:220 - loadIPPluginJar : add lorawan
2024-01-03 17:51:04,601 [INFO] IPUIPlugin:80 - create IPUIPlugin
2024-01-03 17:51:04,601 [INFO] PluginManager:220 - loadIPPluginJar : add opamp
2024-01-03 17:51:04,605 [INFO] IPUIPlugin:80 - create IPUIPlugin
2024-01-03 17:51:04,605 [INFO] PluginManager:220 - loadIPPluginJar : add i3c
2024-01-03 17:51:04,608 [INFO] IPUIPlugin:80 - create IPUIPlugin
2024-01-03 17:51:04,608 [INFO] PluginManager:220 - loadIPPluginJar : add touchsensing
2024-01-03 17:51:04,611 [INFO] IPUIPlugin:80 - create IPUIPlugin
2024-01-03 17:51:04,611 [INFO] PluginManager:220 - loadIPPluginJar : add i2c
2024-01-03 17:51:04,614 [INFO] IPUIPlugin:80 - create IPUIPlugin
2024-01-03 17:51:04,614 [INFO] PluginManager:220 - loadIPPluginJar : add resmgrutility
2024-01-03 17:51:04,615 [INFO] IPUIPlugin:80 - create IPUIPlugin
2024-01-03 17:51:04,615 [INFO] PluginManager:220 - loadIPPluginJar : add sai
2024-01-03 17:51:04,617 [INFO] IPUIPlugin:80 - create IPUIPlugin
2024-01-03 17:51:04,617 [INFO] PluginManager:220 - loadIPPluginJar : add usbx
2024-01-03 17:51:04,735 [INFO] CADModel:165 - CPN selected for project level
2024-01-03 17:51:04,736 [INFO] CADModel:114 - Register for checkConnection events
2024-01-03 17:51:04,736 [FATAL] Updater:308 - Updater called before beeing initialized
2024-01-03 17:51:04,736 [ERROR] CADModel:125 - Updater not yet initialized, retry later 
2024-01-03 17:51:04,960 [INFO] CADModel:165 - CPN selected for project level
2024-01-03 17:51:04,960 [INFO] CADModel:114 - Register for checkConnection events
2024-01-03 17:51:04,960 [FATAL] Updater:308 - Updater called before beeing initialized
2024-01-03 17:51:04,960 [ERROR] CADModel:125 - Updater not yet initialized, retry later 
2024-01-03 17:51:04,963 [FATAL] Updater:308 - Updater called before beeing initialized
2024-01-03 17:51:05,116 [FATAL] Updater:308 - Updater called before beeing initialized
2024-01-03 17:51:05,121 [INFO] DbMcusAds:53 - JSON generation date=Wed Nov 29 18:52:27 MYT 2023 (1701255147349)
2024-01-03 17:51:05,121 [FATAL] Updater:308 - Updater called before beeing initialized
2024-01-03 17:51:05,170 [WARN] DetailPanel:346 - Failed to get advertising image, set to default
2024-01-03 17:51:05,258 [FATAL] Updater:308 - Updater called before beeing initialized
2024-01-03 17:51:05,261 [FATAL] Updater:308 - Updater called before beeing initialized
2024-01-03 17:51:05,261 [FATAL] Updater:308 - Updater called before beeing initialized
2024-01-03 17:51:05,262 [WARN] DetailPanel:346 - Failed to get advertising image, set to default
2024-01-03 17:51:05,266 [FATAL] Updater:308 - Updater called before beeing initialized
2024-01-03 17:51:05,425 [ERROR] Updater:1120 - MainUpdater not yet initialized. External WinMGr cannot be set.
2024-01-03 17:51:05,490 [INFO] Updater:1056 - Updater Version found : 6.10.0
2024-01-03 17:51:05,503 [INFO] ApplicationProperties:184 - Using Application install path: /Applications/STM32CubeIDE.app/Contents/Eclipse/plugins/com.st.stm32cube.common.mx_6.10.0.202311202037
2024-01-03 17:51:05,947 [INFO] MainUpdater:2873 - connection check result : 10
2024-01-03 17:51:05,947 [INFO] MainUpdater:290 - Updater Check For Update Now.
2024-01-03 17:51:05,948 [INFO] MicroXplorer:498 - Change Database Version : DB.6.0.100
2024-01-03 17:51:05,953 [INFO] McuFinderGlobals:63 - Set McuFinder mode to 2 (CubeIDE integrated)
2024-01-03 17:51:05,954 [INFO] UserAuth:180 - activating auth plugin
2024-01-03 17:51:05,962 [INFO] UserAuth:404 - Internet connection configuration mode: 1
2024-01-03 17:51:05,977 [INFO] JxBrowserEngine:152 - Initiate JxBrowser Engine with user profile folder
2024-01-03 17:51:06,208 [INFO] CheckServerUpdateThread:120 - End of CheckServer Thread
2024-01-03 17:51:07,234 [WARN] PackLoader:240 - Cannot read IP mode file for STMicroelectronics.X-CUBE-SMBUS.2.1.0
2024-01-03 17:51:07,272 [WARN] PackLoader:240 - Cannot read IP mode file for STMicroelectronics.X-CUBE-TOUCHGFX.4.23.0
2024-01-03 17:51:07,324 [WARN] PackLoader:240 - Cannot read IP mode file for STMicroelectronics.X-CUBE-AZRTOS-F7.1.1.0
2024-01-03 17:51:07,355 [WARN] PackLoader:240 - Cannot read IP mode file for STMicroelectronics.FP-SNS-MOTENV1.4.3.2
2024-01-03 17:51:07,379 [WARN] PackLoader:240 - Cannot read IP mode file for STMicroelectronics.FP-SNS-FLIGHT1.5.0.2
2024-01-03 17:51:07,394 [WARN] PackLoader:240 - Cannot read IP mode file for STMicroelectronics.X-CUBE-DISPLAY.3.0.0
2024-01-03 17:51:07,423 [WARN] PackLoader:240 - Cannot read IP mode file for STMicroelectronics.X-CUBE-BLE1.7.0.0
2024-01-03 17:51:07,440 [WARN] PackLoader:240 - Cannot read IP mode file for emotas.I-CUBE-CANOPEN.1.3.0
2024-01-03 17:51:07,455 [WARN] PackLoader:240 - Cannot read IP mode file for STMicroelectronics.FP-SNS-SMARTAG2.1.2.0
2024-01-03 17:51:07,474 [INFO] LogOutputStream:77 - [STDOUT_REDIRECT] 1 : Invalid condition id : UX_CORESTACK_Condition cause : null
2024-01-03 17:51:07,476 [INFO] LogOutputStream:77 - [STDOUT_REDIRECT] 1 : Invalid condition id : UX_CORESTACK_Condition cause : null
2024-01-03 17:51:07,477 [INFO] LogOutputStream:77 - [STDOUT_REDIRECT] 1 : Invalid condition id : UX_CORESTACK_Condition cause : null
2024-01-03 17:51:07,477 [INFO] LogOutputStream:77 - [STDOUT_REDIRECT] 1 : Invalid condition id : UX_CORESTACK_Condition cause : null
2024-01-03 17:51:07,477 [INFO] LogOutputStream:77 - [STDOUT_REDIRECT] 1 : Invalid condition id : UX_CORESTACK_Condition cause : null
2024-01-03 17:51:07,486 [WARN] PackLoader:240 - Cannot read IP mode file for STMicroelectronics.X-CUBE-AZRTOS-WL.2.0.0
2024-01-03 17:51:07,507 [WARN] PackLoader:240 - Cannot read IP mode file for WES.I-CUBE-Cesium.1.3.0
2024-01-03 17:51:07,518 [WARN] PackLoader:240 - Cannot read IP mode file for STMicroelectronics.X-CUBE-BLE2.3.3.0
2024-01-03 17:51:07,539 [WARN] PackLoader:240 - Cannot read IP mode file for STMicroelectronics.X-CUBE-ALGOBUILD.1.3.0
2024-01-03 17:51:07,578 [WARN] PackLoader:240 - Cannot read IP mode file for STMicroelectronics.X-CUBE-AZRTOS-G0.1.1.0
2024-01-03 17:51:07,596 [WARN] PackLoader:240 - Cannot read IP mode file for STMicroelectronics.X-CUBE-NFC4.3.0.0
2024-01-03 17:51:07,637 [WARN] PackLoader:240 - Cannot read IP mode file for STMicroelectronics.X-CUBE-BLEMGR.3.0.0
2024-01-03 17:51:07,657 [WARN] PackLoader:240 - Cannot read IP mode file for STMicroelectronics.FP-ATR-SIGFOX1.3.2.0
2024-01-03 17:51:07,773 [WARN] PackLoader:240 - Cannot read IP mode file for SEGGER.I-CUBE-embOS.1.3.1
2024-01-03 17:51:07,885 [WARN] PackLoader:240 - Cannot read IP mode file for STMicroelectronics.X-CUBE-GNSS1.6.0.0
2024-01-03 17:51:07,916 [WARN] PackLoader:240 - Cannot read IP mode file for STMicroelectronics.X-CUBE-AZRTOS-F4.1.1.0
2024-01-03 17:51:07,933 [WARN] PackLoader:240 - Cannot read IP mode file for wolfSSL.I-CUBE-wolfSSL.5.6.6
2024-01-03 17:51:07,961 [WARN] PackLoader:240 - Cannot read IP mode file for STMicroelectronics.X-CUBE-AZRTOS-L5.2.0.0
2024-01-03 17:51:07,978 [WARN] PackLoader:240 - Cannot read IP mode file for STMicroelectronics.X-CUBE-EEPRMA1.4.2.0
2024-01-03 17:51:07,984 [WARN] PackLoader:240 - Cannot read IP mode file for ITTIA_DB.I-CUBE-ITTIADB.8.8.0
2024-01-03 17:51:07,992 [WARN] PackLoader:240 - Cannot read IP mode file for STMicroelectronics.X-CUBE-NFC7.1.0.1
2024-01-03 17:51:08,006 [WARN] PackLoader:240 - Cannot read IP mode file for STMicroelectronics.X-CUBE-NFC6.3.0.0
2024-01-03 17:51:08,015 [WARN] PackLoader:240 - Cannot read IP mode file for STMicroelectronics.X-CUBE-AI.8.1.0
2024-01-03 17:51:08,062 [WARN] ConditionMgr:438 - getConditionDescription Invalid condition id : LAN8742 Phy interface Condition cause : null
2024-01-03 17:51:08,064 [WARN] PackLoader:240 - Cannot read IP mode file for STMicroelectronics.X-CUBE-AZRTOS-L4.2.0.0
2024-01-03 17:51:08,070 [WARN] ConditionMgr:1039 - genDependencies : Invalid condition id : LAN8742 Phy interface Condition cause : null
2024-01-03 17:51:08,070 [WARN] ConditionMgr:1039 - genDependencies : Invalid condition id : LAN8742 Phy interface Condition cause : null
2024-01-03 17:51:08,071 [WARN] ConditionMgr:1039 - genDependencies : Invalid condition id : LAN8742 Phy interface Condition cause : null
2024-01-03 17:51:08,091 [WARN] PackLoader:240 - Cannot read IP mode file for STMicroelectronics.X-CUBE-SFXS2LP1.4.0.0
2024-01-03 17:51:08,106 [WARN] ConditionMgr:438 - getConditionDescription Invalid condition id : UX DEVICE CLASS RTOS Condition cause : null
2024-01-03 17:51:08,106 [WARN] ConditionMgr:438 - getConditionDescription Invalid condition id : UX DEVICE CLASS RTOS Condition cause : null
2024-01-03 17:51:08,110 [WARN] PackLoader:240 - Cannot read IP mode file for STMicroelectronics.X-CUBE-AZRTOS-WB.2.0.0
2024-01-03 17:51:08,116 [WARN] ConditionMgr:1039 - genDependencies : Invalid condition id : UX DEVICE CLASS RTOS Condition cause : null
2024-01-03 17:51:08,116 [WARN] ConditionMgr:1039 - genDependencies : Invalid condition id : UX DEVICE CLASS RTOS Condition cause : null
2024-01-03 17:51:08,117 [WARN] ConditionMgr:1039 - genDependencies : Invalid condition id : UX DEVICE CLASS RTOS Condition cause : null
2024-01-03 17:51:08,118 [WARN] ConditionMgr:1039 - genDependencies : Invalid condition id : UX DEVICE CLASS RTOS Condition cause : null
2024-01-03 17:51:08,118 [WARN] ConditionMgr:1039 - genDependencies : Invalid condition id : UX DEVICE CLASS RTOS Condition cause : null
2024-01-03 17:51:08,131 [WARN] PackLoader:240 - Cannot read IP mode file for STMicroelectronics.X-CUBE-SUBG2.5.0.0
2024-01-03 17:51:08,158 [WARN] PackLoader:240 - Cannot read IP mode file for STMicroelectronics.X-CUBE-AZRTOS-G4.2.0.0
2024-01-03 17:51:08,185 [WARN] PackLoader:240 - Cannot read IP mode file for Infineon.AIROC-Wi-Fi-Bluetooth-STM32.1.5.1
2024-01-03 17:51:08,203 [WARN] PackLoader:240 - Cannot read IP mode file for STMicroelectronics.FP-SNS-MOTENVWB1.1.3.1
2024-01-03 17:51:08,212 [WARN] PackLoader:240 - Cannot read IP mode file for STMicroelectronics.X-CUBE-ISPU.2.0.0
2024-01-03 17:51:08,290 [WARN] PackLoader:240 - Cannot read IP mode file for STMicroelectronics.X-CUBE-MEMS1.10.0.0
2024-01-03 17:51:08,443 [WARN] PackLoader:240 - Cannot read IP mode file for STMicroelectronics.X-CUBE-FREERTOS.1.1.0
2024-01-03 17:51:08,476 [WARN] PackLoader:240 - Cannot read IP mode file for portGmbH.I-Cube-SoM-uGOAL.1.1.0
2024-01-03 17:51:08,482 [WARN] PackLoader:240 - Cannot read IP mode file for STMicroelectronics.X-CUBE-ALS.1.0.1
2024-01-03 17:51:08,489 [WARN] PackLoader:240 - Cannot read IP mode file for STMicroelectronics.FP-ATR-ASTRA1.2.0.0
2024-01-03 17:51:08,505 [WARN] PackLoader:240 - Cannot read IP mode file for STMicroelectronics.X-CUBE-TOF1.3.4.0
2024-01-03 17:51:08,542 [WARN] PackLoader:240 - Cannot read IP mode file for STMicroelectronics.X-CUBE-AZRTOS-H7.3.2.0
2024-01-03 17:51:08,549 [INFO] ThirdParty:978 - Integrity check success = true
2024-01-03 17:51:08,549 [INFO] IntegrityCheckThread:100 - exiting critical section [integrity check]
2024-01-03 17:51:08,549 [INFO] IntegrityCheckThread:103 - End integrity checks thread
2024-01-03 17:51:09,381 [INFO] McuFinderGlobals:63 - Set McuFinder mode to 2 (CubeIDE integrated)
2024-01-03 17:51:09,384 [INFO] MainUpdater:2873 - connection check result : 10
2024-01-03 17:51:09,386 [INFO] McuFinderGlobals:76 - Set McuFinderConnectedMode to true
2024-01-03 17:51:09,974 [INFO] ServerAccessManage:473 - Download File mcusAds.json._tmp_
2024-01-03 17:51:10,115 [INFO] LoadUrlFilesThread:156 - End of LoadUrlFiles Thread
2024-01-03 17:51:10,444 [INFO] ServerAccessManage:473 - Download File cube-finder-db.zip
2024-01-03 17:51:10,696 [INFO] WebApp:161 - Instantiating new browser for Auth
2024-01-03 17:51:12,156 [INFO] WebApp:780 - Register for checkConnection events
2024-01-03 17:51:12,160 [INFO] WebApp:414 - Apply proxy settings
2024-01-03 17:51:12,192 [INFO] WebApp:459 - Chromium authenticates against Manually configured proxy
2024-01-03 17:51:12,212 [INFO] WebApp:467 - Username used for proxy authentication: 
2024-01-03 17:51:12,381 [INFO] WebApp:192 - Starting web application
2024-01-03 17:51:12,381 [INFO] WebApp:544 - Web application path used /Applications/STM32CubeIDE.app/Contents/Eclipse/plugins/com.st.stm32cube.common.mx_6.10.0.202311202037/db/plugins/mcufinder/reactClient1/index.html
2024-01-03 17:51:23,253 [INFO] FileExtend:240 - Unzip File : cube-finder-db.zip
2024-01-03 17:51:23,260 [INFO] FileExtend:255 - Standard Zip Deflate
2024-01-03 17:51:23,919 [INFO] LoadUrlFilesThread:156 - End of LoadUrlFiles Thread
2024-01-03 17:51:25,095 [INFO] ServerAccessManage:473 - Download File crdb.zip
2024-01-03 17:51:26,398 [INFO] FileExtend:240 - Unzip File : crdb.zip
2024-01-03 17:51:26,401 [INFO] FileExtend:255 - Standard Zip Deflate
2024-01-03 17:51:26,520 [INFO] LoadUrlFilesThread:156 - End of LoadUrlFiles Thread
2024-01-03 17:51:26,701 [INFO] ServerAccessManage:473 - Download File tutoVideoDB.zip
2024-01-03 17:51:26,740 [INFO] FileExtend:240 - Unzip File : tutoVideoDB.zip
2024-01-03 17:51:26,741 [INFO] FileExtend:255 - Standard Zip Deflate
2024-01-03 17:51:26,848 [INFO] LoadUrlFilesThread:156 - End of LoadUrlFiles Thread
2024-01-03 17:51:26,853 [WARN] DbFile:41 - Overriding database path with different value: /Users/bentjh01/.stmcufinder/plugins/mcufinder/ => /Users/bentjh01/.stmcufinder/plugins/mcufinder
2024-01-03 17:51:27,026 [INFO] ServerAccessManage:473 - Download File api_config.json
2024-01-03 17:51:27,134 [INFO] LoadUrlFilesThread:156 - End of LoadUrlFiles Thread
2024-01-03 17:51:27,136 [INFO] DbMcusAds:53 - JSON generation date=Wed Nov 29 18:52:27 MYT 2023 (1701255147349)
2024-01-03 17:51:27,176 [INFO] LoadUrlFilesThread:185 - End of LoadServerUrlFiles without Thread
2024-01-03 17:51:27,177 [INFO] TargetSelectorAdapter:259 - Refresh data is successful
2024-01-03 17:51:28,128 [INFO] ApiDb:581 - Connected to CubeFinder SQLite database (/Users/bentjh01/.stmcufinder/plugins/mcufinder/mcu/cube-finder-db.db)
2024-01-03 17:51:28,193 [INFO] ApiDb:668 - CubeFinder database Data Model version=2.1
2024-01-03 17:51:28,193 [INFO] ApiDb:669 - CubeFinder database Configuration version=3.0.39
2024-01-03 17:51:28,193 [INFO] ApiDb:670 - CubeFinder database generation date=2023-12-08 (1702028721)
2024-01-03 17:51:28,194 [INFO] ApiDb:671 - CubeFinder database FW Pack versions=[FP-ATR-ASTRA1_V2.0.0, FP-SNS-FLIGHT1_V5.0.1, FP-SNS-FLIGHT1_V5.0.2, FP-SNS-MOTENV1_V4.3.1, FP-SNS-MOTENV1_V4.3.2, FP-SNS-MOTENVWB1_V1.3.1, FP-SNS-SMARTAG2_V1.2.0, STM32Cube_FW_C0_V1.1.0, STM32Cube_FW_F4_V1.28.0, STM32Cube_FW_F7_V1.17.0, STM32Cube_FW_G0_V1.6.1, STM32Cube_FW_G4_V1.5.1, STM32Cube_FW_H5_V0.5.1, STM32Cube_FW_H5_V1.1.1, STM32Cube_FW_H5_V1.2.0RC2, STM32Cube_FW_H7_V1.11.0, STM32Cube_FW_L0_V1.12.2, STM32Cube_FW_L5_V1.5.0, STM32Cube_FW_U5_V1.3.0RC4, STM32Cube_FW_U5_V1.4.0, STM32Cube_FW_WBA_V1.0.0RC1, STM32Cube_FW_WBA_V1.1.0RC1, STM32Cube_FW_WBA_V1.2.0, STM32Cube_FW_WBA_V1.2.0RC2, STM32Cube_FW_WB_V1.15.0RC1, STM32Cube_FW_WB_V1.16.0, STM32Cube_FW_WB_V1.16.0RC2, STM32Cube_FW_WB_V1.18.0, STM32Cube_FW_WL_V1.3.0, X-CUBE-ALGOBUILD_V1.3.0, X-CUBE-ALS_V1.0.1, X-CUBE-AZRTOS-F4_V1.1.0, X-CUBE-AZRTOS-F7_V1.1.0, X-CUBE-AZRTOS-G0_V1.1.0, X-CUBE-AZRTOS-G4_V2.0.0, X-CUBE-AZRTOS-H7_V3.1.0, X-CUBE-AZRTOS-L4_V1.0.0, X-CUBE-AZRTOS-L4_V2.0.0, X-CUBE-AZRTOS-L5_V1.1.0, X-CUBE-AZRTOS-WB_V2.0.0, X-CUBE-AZRTOS-WL_V2.0.0, X-CUBE-BLE1_V7.0.0, X-CUBE-BLE2_V3.3.0, X-CUBE-BLEMGR_V3.0.0, X-CUBE-EEPRMA1_V4.1.0, X-CUBE-EEPRMA1_V4.2.0, X-CUBE-FREERTOS_V1.1.0, X-CUBE-GNSS1_V6.0.0, X-CUBE-MEMS1_V10.0.0, X-CUBE-MEMS1_V9.1.0, X-CUBE-MEMS1_V9.4.0, X-CUBE-MEMS1_V9.6.0, X-CUBE-NFC4_V3.0.0, X-CUBE-NFC7_V1.0.1, X-CUBE-SFXS2LP1_V4.0.0, X-CUBE-SUBG2_V5.0.0, X-CUBE-TOF1_V3.4.0]
2024-01-03 17:51:29,511 [INFO] ApiDb:240 - Found 371 in-development CPN: [B-G473E-ZEST1S, B-WB1M-WPAN1, B-WL5M-SUBG1, NUCLEO-C031C6, NUCLEO-H503RB, NUCLEO-H563ZI, NUCLEO-U545RE-Q, NUCLEO-U5A5ZJ-Q, NUCLEO-WBA52CG, NUCLEO-WBA55CG, STEVAL-MKBOXPRO, STEVAL-PROTEUS1, STEVAL-STWINBX1, STM320518-EVAL, STM32C0116-DK, STM32C011D6Y3TR, STM32C011D6Y6TR, STM32C011F4P3, STM32C011F4P6, STM32C011F4U3, STM32C011F4U6TR, STM32C011F6P3, STM32C011F6P6, STM32C011F6U3, STM32C011F6U6TR, STM32C011J4M3, STM32C011J4M6, STM32C011J6M3, STM32C011J6M6, STM32C0316-DK, STM32C031C4T3, STM32C031C4T6, STM32C031C4U3, STM32C031C4U6, STM32C031C6T3, STM32C031C6T6, STM32C031C6U3, STM32C031C6U6, STM32C031F4P3, STM32C031F4P6, STM32C031F6P3, STM32C031F6P6, STM32C031G4U3, STM32C031G4U6, STM32C031G6U3, STM32C031G6U6, STM32C031K4T3, STM32C031K4T6, STM32C031K4U3, STM32C031K4U6, STM32C031K6T3, STM32C031K6T6, STM32C031K6U3, STM32C031K6U6, STM32G071K8TXN, STM32G071K8UXN, STM32G081GBU6N, STM32G081KBT6N, STM32G081KBUXN, STM32G0B1CCT6N, STM32G0B1KCT6, STM32G0B1NEY6TR, STM32G0B1RCT6N, STM32G0C1CCT6, STM32G0C1CCT6N, STM32G0C1CCU6N, STM32G0C1CET6N, STM32G0C1CEU6N, STM32G0C1KCT6, STM32G0C1NEY6TR, STM32G0C1RCI6N, STM32G0C1RCT6N, STM32G0C1REI6N, STM32G0C1RET6N, STM32G0C1VCI6, STM32G0C1VEI6, STM32G471CCT6, STM32G471CCU6, STM32G471CET3, STM32G471CET6, STM32G471CEU3, STM32G471CEU6, STM32G471MCT6, STM32G471MET3, STM32G471MET6, STM32G471MEY6TR, STM32G471QCT6, STM32G471QET3, STM32G471RCT6, STM32G471RET3, STM32G471RET6, STM32G471VCH6, STM32G471VCI6, STM32G471VCT6, STM32G471VEH3, STM32G471VEH6, STM32G471VEI3, STM32G471VEI6, STM32G471VET3, STM32G471VET6, STM32G474CCT6, STM32H503CBT6, STM32H503CBU6, STM32H503EBY6TR, STM32H503KBU6, STM32H503RBT6, STM32H562AGI6, STM32H562AII6, STM32H562IGK6, STM32H562IGT6, STM32H562IIK6, STM32H562IIT6, STM32H562RGT6, STM32H562RGV6, STM32H562RIT6, STM32H562RIV6, STM32H562VGT6, STM32H562VIT6, STM32H562ZGT6, STM32H562ZIT6, STM32H563AGI6, STM32H563AII3Q, STM32H563AII6, STM32H563IGK6, STM32H563IGT6, STM32H563IIK3Q, STM32H563IIK6, STM32H563IIT3Q, STM32H563IIT6, STM32H563MIY3QTR, STM32H563RGT6, STM32H563RGV6, STM32H563RIT6, STM32H563RIV6, STM32H563VGT6, STM32H563VIT3Q, STM32H563VIT6, STM32H563ZGT6, STM32H563ZIT3Q, STM32H563ZIT6, STM32H573AII3Q, STM32H573AII6, STM32H573I-DK, STM32H573IIK3Q, STM32H573IIK6, STM32H573IIT3Q, STM32H573IIT6, STM32H573MIY3QTR, STM32H573RIT6, STM32H573RIV6, STM32H573VIT3Q, STM32H573VIT6, STM32H573ZIT3Q, STM32H573ZIT6, STM32L4R5QGI6STR, STM32MP131AAE3, STM32MP131AAF3, STM32MP131AAG3, STM32MP131CAE3, STM32MP131CAF3, STM32MP131CAG3, STM32MP131DAE7, STM32MP131DAF7, STM32MP131DAG7, STM32MP131FAE7, STM32MP131FAF7, STM32MP131FAG7, STM32MP133AAE3, STM32MP133AAF3, STM32MP133AAG3, STM32MP133CAE3, STM32MP133CAF3, STM32MP133CAG3, STM32MP133DAE7, STM32MP133DAF7, STM32MP133DAG7, STM32MP133FAE7, STM32MP133FAF7, STM32MP133FAG7, STM32MP135AAE3, STM32MP135AAF3, STM32MP135AAG3, STM32MP135CAE3, STM32MP135CAF3, STM32MP135CAG3, STM32MP135DAE7, STM32MP135DAF7, STM32MP135DAG7, STM32MP135F-DK, STM32MP135FAE7, STM32MP135FAF7, STM32MP135FAF7T, STM32MP135FAF7U, STM32MP135FAG7, STM32U535CBT6, STM32U535CBT6Q, STM32U535CBU6, STM32U535CBU6Q, STM32U535CCT6, STM32U535CCT6Q, STM32U535CCU6, STM32U535CCU6Q, STM32U535CET6, STM32U535CET6Q, STM32U535CEU6, STM32U535CEU6Q, STM32U535JEY6QTR, STM32U535NCY6QTR, STM32U535NEY6QTR, STM32U535RBI6, STM32U535RBI6Q, STM32U535RBT6, STM32U535RBT6Q, STM32U535RCI6, STM32U535RCI6Q, STM32U535RCT6, STM32U535RCT6Q, STM32U535REI6, STM32U535REI6Q, STM32U535RET6, STM32U535RET6Q, STM32U535VCI6, STM32U535VCI6Q, STM32U535VCT6, STM32U535VCT6Q, STM32U535VEI6, STM32U535VEI6Q, STM32U535VET6, STM32U535VET6Q, STM32U545CET6, STM32U545CET6Q, STM32U545CEU6, STM32U545CEU6Q, STM32U545JEY6QTR, STM32U545NEY6QTR, STM32U545REI6, STM32U545REI6Q, STM32U545RET6, STM32U545RET6Q, STM32U545VEI6, STM32U545VEI6Q, STM32U545VET6, STM32U545VET6Q, STM32U595AIH6, STM32U595AIH6Q, STM32U595AJH6, STM32U595AJH6Q, STM32U595QII6, STM32U595QII6Q, STM32U595QJI6, STM32U595QJI6Q, STM32U595RIT6, STM32U595RIT6Q, STM32U595RJT6, STM32U595RJT6Q, STM32U595VIT6, STM32U595VIT6Q, STM32U595VJT6, STM32U595VJT6Q, STM32U595ZIT6, STM32U595ZIT6Q, STM32U595ZIY6QTR, STM32U595ZJT6, STM32U595ZJT6Q, STM32U595ZJY6QTR, STM32U599BJY6QTR, STM32U599NIH6Q, STM32U599NJH6Q, STM32U599VIT6Q, STM32U599VJT6, STM32U599VJT6Q, STM32U599ZIT6Q, STM32U599ZIY6QTR, STM32U599ZJT6Q, STM32U599ZJY6QTR, STM32U5A5AJH6, STM32U5A5AJH6Q, STM32U5A5QJI6, STM32U5A5QJI6Q, STM32U5A5RJT6, STM32U5A5RJT6Q, STM32U5A5VJT6, STM32U5A5VJT6Q, STM32U5A5ZJT6, STM32U5A5ZJT6Q, STM32U5A5ZJY6QTR, STM32U5A9BJY6QTR, STM32U5A9J-DK, STM32U5A9NJH6Q, STM32U5A9VJT6Q, STM32U5A9ZJT6Q, STM32U5A9ZJY6QTR, STM32U5F7VIT6, STM32U5F7VIT6Q, STM32U5F7VJT6, STM32U5F7VJT6Q, STM32U5F9BJY6QTR, STM32U5F9NJH6Q, STM32U5F9VIT6Q, STM32U5F9VJT6Q, STM32U5F9ZIJ6QTR, STM32U5F9ZIT6Q, STM32U5F9ZJJ6QTR, STM32U5F9ZJT6Q, STM32U5G7VJT6, STM32U5G7VJT6Q, STM32U5G9BJY6QTR, STM32U5G9J-DK1, STM32U5G9J-DK2, STM32U5G9NJH6Q, STM32U5G9VJT6Q, STM32U5G9ZJJ6QTR, STM32U5G9ZJT6Q, STM32WB1MMCH6, STM32WBA50KEU6, STM32WBA50KEU6TR, STM32WBA50KGU6, STM32WBA50KGU6TR, STM32WBA52CEU6, STM32WBA52CEU6TR, STM32WBA52CEU7, STM32WBA52CEU7TR, STM32WBA52CGU6, STM32WBA52CGU6TR, STM32WBA52CGU6U, STM32WBA52CGU7, STM32WBA52CGU7TR, STM32WBA52KEU6, STM32WBA52KEU6TR, STM32WBA52KGU6, STM32WBA52KGU6TR, STM32WBA54CEU6, STM32WBA54CEU6TR, STM32WBA54CEU7, STM32WBA54CEU7TR, STM32WBA54CGU6, STM32WBA54CGU6TR, STM32WBA54CGU7, STM32WBA54CGU7TR, STM32WBA54KEU6, STM32WBA54KEU6TR, STM32WBA54KEU7, STM32WBA54KEU7TR, STM32WBA54KGU6, STM32WBA54KGU6TR, STM32WBA54KGU7, STM32WBA54KGU7TR, STM32WBA55CEU6, STM32WBA55CEU6TR, STM32WBA55CEU7, STM32WBA55CEU7TR, STM32WBA55CGU6, STM32WBA55CGU6TR, STM32WBA55CGU6U, STM32WBA55CGU7, STM32WBA55CGU7TR, STM32WBA55G-DK1, STM32WBA55HEF6, STM32WBA55HEF7, STM32WBA55HGF6, STM32WBA55HGF7, STM32WBA55UEI6, STM32WBA55UEI6TR, STM32WBA55UEI7, STM32WBA55UEI7TR, STM32WBA55UGI6, STM32WBA55UGI6TR, STM32WBA55UGI7, STM32WBA55UGI7TR, STM32WL5MOCH6, STM32WL5MOCH6TR]
2024-01-03 17:51:29,527 [INFO] DbMcus:218 - Found 3930 MCUs, 3930 are supported
2024-01-03 17:51:29,529 [INFO] ApiDb:423 - Load user favorites file /Users/bentjh01/.stm32cubeide/favorites.mcus.txt: 0 item(s)
2024-01-03 17:51:29,529 [INFO] ApiDb:427 - User favorites MCUs=[]
2024-01-03 17:51:29,529 [INFO] DbMcus:224 - Set 0 / 0 favorites MCUs
2024-01-03 17:51:29,702 [INFO] ApiDb:668 - CubeFinder database Data Model version=2.1
2024-01-03 17:51:29,702 [INFO] ApiDb:669 - CubeFinder database Configuration version=3.0.39
2024-01-03 17:51:29,703 [INFO] ApiDb:670 - CubeFinder database generation date=2023-12-08 (1702028721)
2024-01-03 17:51:29,703 [INFO] ApiDb:671 - CubeFinder database FW Pack versions=[FP-ATR-ASTRA1_V2.0.0, FP-SNS-FLIGHT1_V5.0.1, FP-SNS-FLIGHT1_V5.0.2, FP-SNS-MOTENV1_V4.3.1, FP-SNS-MOTENV1_V4.3.2, FP-SNS-MOTENVWB1_V1.3.1, FP-SNS-SMARTAG2_V1.2.0, STM32Cube_FW_C0_V1.1.0, STM32Cube_FW_F4_V1.28.0, STM32Cube_FW_F7_V1.17.0, STM32Cube_FW_G0_V1.6.1, STM32Cube_FW_G4_V1.5.1, STM32Cube_FW_H5_V0.5.1, STM32Cube_FW_H5_V1.1.1, STM32Cube_FW_H5_V1.2.0RC2, STM32Cube_FW_H7_V1.11.0, STM32Cube_FW_L0_V1.12.2, STM32Cube_FW_L5_V1.5.0, STM32Cube_FW_U5_V1.3.0RC4, STM32Cube_FW_U5_V1.4.0, STM32Cube_FW_WBA_V1.0.0RC1, STM32Cube_FW_WBA_V1.1.0RC1, STM32Cube_FW_WBA_V1.2.0, STM32Cube_FW_WBA_V1.2.0RC2, STM32Cube_FW_WB_V1.15.0RC1, STM32Cube_FW_WB_V1.16.0, STM32Cube_FW_WB_V1.16.0RC2, STM32Cube_FW_WB_V1.18.0, STM32Cube_FW_WL_V1.3.0, X-CUBE-ALGOBUILD_V1.3.0, X-CUBE-ALS_V1.0.1, X-CUBE-AZRTOS-F4_V1.1.0, X-CUBE-AZRTOS-F7_V1.1.0, X-CUBE-AZRTOS-G0_V1.1.0, X-CUBE-AZRTOS-G4_V2.0.0, X-CUBE-AZRTOS-H7_V3.1.0, X-CUBE-AZRTOS-L4_V1.0.0, X-CUBE-AZRTOS-L4_V2.0.0, X-CUBE-AZRTOS-L5_V1.1.0, X-CUBE-AZRTOS-WB_V2.0.0, X-CUBE-AZRTOS-WL_V2.0.0, X-CUBE-BLE1_V7.0.0, X-CUBE-BLE2_V3.3.0, X-CUBE-BLEMGR_V3.0.0, X-CUBE-EEPRMA1_V4.1.0, X-CUBE-EEPRMA1_V4.2.0, X-CUBE-FREERTOS_V1.1.0, X-CUBE-GNSS1_V6.0.0, X-CUBE-MEMS1_V10.0.0, X-CUBE-MEMS1_V9.1.0, X-CUBE-MEMS1_V9.4.0, X-CUBE-MEMS1_V9.6.0, X-CUBE-NFC4_V3.0.0, X-CUBE-NFC7_V1.0.1, X-CUBE-SFXS2LP1_V4.0.0, X-CUBE-SUBG2_V5.0.0, X-CUBE-TOF1_V3.4.0]
2024-01-03 17:51:29,811 [INFO] DbBoardsSqlite:226 - include board P-NUCLEO-WB55-NUCLEO as a kit item of type 'Nucleo-64'
2024-01-03 17:51:29,814 [INFO] DbBoardsSqlite:226 - include board P-NUCLEO-WB55-USBDONGLE as a kit item of type 'Nucleo USB Dongle'
2024-01-03 17:51:29,815 [INFO] DbBoardsSqlite:226 - include board STEVAL-IDP005V1 as a kit item of type 'Evaluation Board'
2024-01-03 17:51:29,815 [INFO] DbBoardsSqlite:226 - include board STEVAL-IDP005V2 as a kit item of type 'Evaluation Board'
2024-01-03 17:51:29,874 [INFO] ApiDb:240 - Found 371 in-development CPN: [B-G473E-ZEST1S, B-WB1M-WPAN1, B-WL5M-SUBG1, NUCLEO-C031C6, NUCLEO-H503RB, NUCLEO-H563ZI, NUCLEO-U545RE-Q, NUCLEO-U5A5ZJ-Q, NUCLEO-WBA52CG, NUCLEO-WBA55CG, STEVAL-MKBOXPRO, STEVAL-PROTEUS1, STEVAL-STWINBX1, STM320518-EVAL, STM32C0116-DK, STM32C011D6Y3TR, STM32C011D6Y6TR, STM32C011F4P3, STM32C011F4P6, STM32C011F4U3, STM32C011F4U6TR, STM32C011F6P3, STM32C011F6P6, STM32C011F6U3, STM32C011F6U6TR, STM32C011J4M3, STM32C011J4M6, STM32C011J6M3, STM32C011J6M6, STM32C0316-DK, STM32C031C4T3, STM32C031C4T6, STM32C031C4U3, STM32C031C4U6, STM32C031C6T3, STM32C031C6T6, STM32C031C6U3, STM32C031C6U6, STM32C031F4P3, STM32C031F4P6, STM32C031F6P3, STM32C031F6P6, STM32C031G4U3, STM32C031G4U6, STM32C031G6U3, STM32C031G6U6, STM32C031K4T3, STM32C031K4T6, STM32C031K4U3, STM32C031K4U6, STM32C031K6T3, STM32C031K6T6, STM32C031K6U3, STM32C031K6U6, STM32G071K8TXN, STM32G071K8UXN, STM32G081GBU6N, STM32G081KBT6N, STM32G081KBUXN, STM32G0B1CCT6N, STM32G0B1KCT6, STM32G0B1NEY6TR, STM32G0B1RCT6N, STM32G0C1CCT6, STM32G0C1CCT6N, STM32G0C1CCU6N, STM32G0C1CET6N, STM32G0C1CEU6N, STM32G0C1KCT6, STM32G0C1NEY6TR, STM32G0C1RCI6N, STM32G0C1RCT6N, STM32G0C1REI6N, STM32G0C1RET6N, STM32G0C1VCI6, STM32G0C1VEI6, STM32G471CCT6, STM32G471CCU6, STM32G471CET3, STM32G471CET6, STM32G471CEU3, STM32G471CEU6, STM32G471MCT6, STM32G471MET3, STM32G471MET6, STM32G471MEY6TR, STM32G471QCT6, STM32G471QET3, STM32G471RCT6, STM32G471RET3, STM32G471RET6, STM32G471VCH6, STM32G471VCI6, STM32G471VCT6, STM32G471VEH3, STM32G471VEH6, STM32G471VEI3, STM32G471VEI6, STM32G471VET3, STM32G471VET6, STM32G474CCT6, STM32H503CBT6, STM32H503CBU6, STM32H503EBY6TR, STM32H503KBU6, STM32H503RBT6, STM32H562AGI6, STM32H562AII6, STM32H562IGK6, STM32H562IGT6, STM32H562IIK6, STM32H562IIT6, STM32H562RGT6, STM32H562RGV6, STM32H562RIT6, STM32H562RIV6, STM32H562VGT6, STM32H562VIT6, STM32H562ZGT6, STM32H562ZIT6, STM32H563AGI6, STM32H563AII3Q, STM32H563AII6, STM32H563IGK6, STM32H563IGT6, STM32H563IIK3Q, STM32H563IIK6, STM32H563IIT3Q, STM32H563IIT6, STM32H563MIY3QTR, STM32H563RGT6, STM32H563RGV6, STM32H563RIT6, STM32H563RIV6, STM32H563VGT6, STM32H563VIT3Q, STM32H563VIT6, STM32H563ZGT6, STM32H563ZIT3Q, STM32H563ZIT6, STM32H573AII3Q, STM32H573AII6, STM32H573I-DK, STM32H573IIK3Q, STM32H573IIK6, STM32H573IIT3Q, STM32H573IIT6, STM32H573MIY3QTR, STM32H573RIT6, STM32H573RIV6, STM32H573VIT3Q, STM32H573VIT6, STM32H573ZIT3Q, STM32H573ZIT6, STM32L4R5QGI6STR, STM32MP131AAE3, STM32MP131AAF3, STM32MP131AAG3, STM32MP131CAE3, STM32MP131CAF3, STM32MP131CAG3, STM32MP131DAE7, STM32MP131DAF7, STM32MP131DAG7, STM32MP131FAE7, STM32MP131FAF7, STM32MP131FAG7, STM32MP133AAE3, STM32MP133AAF3, STM32MP133AAG3, STM32MP133CAE3, STM32MP133CAF3, STM32MP133CAG3, STM32MP133DAE7, STM32MP133DAF7, STM32MP133DAG7, STM32MP133FAE7, STM32MP133FAF7, STM32MP133FAG7, STM32MP135AAE3, STM32MP135AAF3, STM32MP135AAG3, STM32MP135CAE3, STM32MP135CAF3, STM32MP135CAG3, STM32MP135DAE7, STM32MP135DAF7, STM32MP135DAG7, STM32MP135F-DK, STM32MP135FAE7, STM32MP135FAF7, STM32MP135FAF7T, STM32MP135FAF7U, STM32MP135FAG7, STM32U535CBT6, STM32U535CBT6Q, STM32U535CBU6, STM32U535CBU6Q, STM32U535CCT6, STM32U535CCT6Q, STM32U535CCU6, STM32U535CCU6Q, STM32U535CET6, STM32U535CET6Q, STM32U535CEU6, STM32U535CEU6Q, STM32U535JEY6QTR, STM32U535NCY6QTR, STM32U535NEY6QTR, STM32U535RBI6, STM32U535RBI6Q, STM32U535RBT6, STM32U535RBT6Q, STM32U535RCI6, STM32U535RCI6Q, STM32U535RCT6, STM32U535RCT6Q, STM32U535REI6, STM32U535REI6Q, STM32U535RET6, STM32U535RET6Q, STM32U535VCI6, STM32U535VCI6Q, STM32U535VCT6, STM32U535VCT6Q, STM32U535VEI6, STM32U535VEI6Q, STM32U535VET6, STM32U535VET6Q, STM32U545CET6, STM32U545CET6Q, STM32U545CEU6, STM32U545CEU6Q, STM32U545JEY6QTR, STM32U545NEY6QTR, STM32U545REI6, STM32U545REI6Q, STM32U545RET6, STM32U545RET6Q, STM32U545VEI6, STM32U545VEI6Q, STM32U545VET6, STM32U545VET6Q, STM32U595AIH6, STM32U595AIH6Q, STM32U595AJH6, STM32U595AJH6Q, STM32U595QII6, STM32U595QII6Q, STM32U595QJI6, STM32U595QJI6Q, STM32U595RIT6, STM32U595RIT6Q, STM32U595RJT6, STM32U595RJT6Q, STM32U595VIT6, STM32U595VIT6Q, STM32U595VJT6, STM32U595VJT6Q, STM32U595ZIT6, STM32U595ZIT6Q, STM32U595ZIY6QTR, STM32U595ZJT6, STM32U595ZJT6Q, STM32U595ZJY6QTR, STM32U599BJY6QTR, STM32U599NIH6Q, STM32U599NJH6Q, STM32U599VIT6Q, STM32U599VJT6, STM32U599VJT6Q, STM32U599ZIT6Q, STM32U599ZIY6QTR, STM32U599ZJT6Q, STM32U599ZJY6QTR, STM32U5A5AJH6, STM32U5A5AJH6Q, STM32U5A5QJI6, STM32U5A5QJI6Q, STM32U5A5RJT6, STM32U5A5RJT6Q, STM32U5A5VJT6, STM32U5A5VJT6Q, STM32U5A5ZJT6, STM32U5A5ZJT6Q, STM32U5A5ZJY6QTR, STM32U5A9BJY6QTR, STM32U5A9J-DK, STM32U5A9NJH6Q, STM32U5A9VJT6Q, STM32U5A9ZJT6Q, STM32U5A9ZJY6QTR, STM32U5F7VIT6, STM32U5F7VIT6Q, STM32U5F7VJT6, STM32U5F7VJT6Q, STM32U5F9BJY6QTR, STM32U5F9NJH6Q, STM32U5F9VIT6Q, STM32U5F9VJT6Q, STM32U5F9ZIJ6QTR, STM32U5F9ZIT6Q, STM32U5F9ZJJ6QTR, STM32U5F9ZJT6Q, STM32U5G7VJT6, STM32U5G7VJT6Q, STM32U5G9BJY6QTR, STM32U5G9J-DK1, STM32U5G9J-DK2, STM32U5G9NJH6Q, STM32U5G9VJT6Q, STM32U5G9ZJJ6QTR, STM32U5G9ZJT6Q, STM32WB1MMCH6, STM32WBA50KEU6, STM32WBA50KEU6TR, STM32WBA50KGU6, STM32WBA50KGU6TR, STM32WBA52CEU6, STM32WBA52CEU6TR, STM32WBA52CEU7, STM32WBA52CEU7TR, STM32WBA52CGU6, STM32WBA52CGU6TR, STM32WBA52CGU6U, STM32WBA52CGU7, STM32WBA52CGU7TR, STM32WBA52KEU6, STM32WBA52KEU6TR, STM32WBA52KGU6, STM32WBA52KGU6TR, STM32WBA54CEU6, STM32WBA54CEU6TR, STM32WBA54CEU7, STM32WBA54CEU7TR, STM32WBA54CGU6, STM32WBA54CGU6TR, STM32WBA54CGU7, STM32WBA54CGU7TR, STM32WBA54KEU6, STM32WBA54KEU6TR, STM32WBA54KEU7, STM32WBA54KEU7TR, STM32WBA54KGU6, STM32WBA54KGU6TR, STM32WBA54KGU7, STM32WBA54KGU7TR, STM32WBA55CEU6, STM32WBA55CEU6TR, STM32WBA55CEU7, STM32WBA55CEU7TR, STM32WBA55CGU6, STM32WBA55CGU6TR, STM32WBA55CGU6U, STM32WBA55CGU7, STM32WBA55CGU7TR, STM32WBA55G-DK1, STM32WBA55HEF6, STM32WBA55HEF7, STM32WBA55HGF6, STM32WBA55HGF7, STM32WBA55UEI6, STM32WBA55UEI6TR, STM32WBA55UEI7, STM32WBA55UEI7TR, STM32WBA55UGI6, STM32WBA55UGI6TR, STM32WBA55UGI7, STM32WBA55UGI7TR, STM32WL5MOCH6, STM32WL5MOCH6TR]
2024-01-03 17:51:30,000 [INFO] BoardInfo:889 - No configuration file found for board P-NUCLEO-WB55
2024-01-03 17:51:30,005 [INFO] DbBoards:161 - Kit is not supported: P-NUCLEO-WB55
2024-01-03 17:51:30,010 [INFO] BoardInfo:889 - No configuration file found for board STEVAL-BFA001V1B
2024-01-03 17:51:30,010 [INFO] DbBoards:161 - Kit is not supported: STEVAL-BFA001V1B
2024-01-03 17:51:30,011 [INFO] BoardInfo:889 - No configuration file found for board STEVAL-BFA001V2B
2024-01-03 17:51:30,011 [INFO] DbBoards:161 - Kit is not supported: STEVAL-BFA001V2B
2024-01-03 17:51:30,135 [INFO] DbBoards:168 - Found 193 boards, 190 are supported
2024-01-03 17:51:30,136 [INFO] DbBoards:169 - Found 193 boards, 3 of them is supported for  Bsp
2024-01-03 17:51:30,143 [INFO] ApiDb:423 - Load user favorites file /Users/bentjh01/.stm32cubeide/favorites.boards.txt: 0 item(s)
2024-01-03 17:51:30,143 [INFO] ApiDb:427 - User favorites Boards=[]
2024-01-03 17:51:30,143 [INFO] DbBoards:198 - Set 0 / 0 favorites Boards
2024-01-03 17:51:30,151 [INFO] ApiDb:668 - CubeFinder database Data Model version=2.1
2024-01-03 17:51:30,151 [INFO] ApiDb:669 - CubeFinder database Configuration version=3.0.39
2024-01-03 17:51:30,152 [INFO] ApiDb:670 - CubeFinder database generation date=2023-12-08 (1702028721)
2024-01-03 17:51:30,152 [INFO] ApiDb:671 - CubeFinder database FW Pack versions=[FP-ATR-ASTRA1_V2.0.0, FP-SNS-FLIGHT1_V5.0.1, FP-SNS-FLIGHT1_V5.0.2, FP-SNS-MOTENV1_V4.3.1, FP-SNS-MOTENV1_V4.3.2, FP-SNS-MOTENVWB1_V1.3.1, FP-SNS-SMARTAG2_V1.2.0, STM32Cube_FW_C0_V1.1.0, STM32Cube_FW_F4_V1.28.0, STM32Cube_FW_F7_V1.17.0, STM32Cube_FW_G0_V1.6.1, STM32Cube_FW_G4_V1.5.1, STM32Cube_FW_H5_V0.5.1, STM32Cube_FW_H5_V1.1.1, STM32Cube_FW_H5_V1.2.0RC2, STM32Cube_FW_H7_V1.11.0, STM32Cube_FW_L0_V1.12.2, STM32Cube_FW_L5_V1.5.0, STM32Cube_FW_U5_V1.3.0RC4, STM32Cube_FW_U5_V1.4.0, STM32Cube_FW_WBA_V1.0.0RC1, STM32Cube_FW_WBA_V1.1.0RC1, STM32Cube_FW_WBA_V1.2.0, STM32Cube_FW_WBA_V1.2.0RC2, STM32Cube_FW_WB_V1.15.0RC1, STM32Cube_FW_WB_V1.16.0, STM32Cube_FW_WB_V1.16.0RC2, STM32Cube_FW_WB_V1.18.0, STM32Cube_FW_WL_V1.3.0, X-CUBE-ALGOBUILD_V1.3.0, X-CUBE-ALS_V1.0.1, X-CUBE-AZRTOS-F4_V1.1.0, X-CUBE-AZRTOS-F7_V1.1.0, X-CUBE-AZRTOS-G0_V1.1.0, X-CUBE-AZRTOS-G4_V2.0.0, X-CUBE-AZRTOS-H7_V3.1.0, X-CUBE-AZRTOS-L4_V1.0.0, X-CUBE-AZRTOS-L4_V2.0.0, X-CUBE-AZRTOS-L5_V1.1.0, X-CUBE-AZRTOS-WB_V2.0.0, X-CUBE-AZRTOS-WL_V2.0.0, X-CUBE-BLE1_V7.0.0, X-CUBE-BLE2_V3.3.0, X-CUBE-BLEMGR_V3.0.0, X-CUBE-EEPRMA1_V4.1.0, X-CUBE-EEPRMA1_V4.2.0, X-CUBE-FREERTOS_V1.1.0, X-CUBE-GNSS1_V6.0.0, X-CUBE-MEMS1_V10.0.0, X-CUBE-MEMS1_V9.1.0, X-CUBE-MEMS1_V9.4.0, X-CUBE-MEMS1_V9.6.0, X-CUBE-NFC4_V3.0.0, X-CUBE-NFC7_V1.0.1, X-CUBE-SFXS2LP1_V4.0.0, X-CUBE-SUBG2_V5.0.0, X-CUBE-TOF1_V3.4.0]
2024-01-03 17:51:30,994 [ERROR] DbExamplesSqlite:437 - Missing JSON key: board_cpn
2024-01-03 17:51:30,994 [ERROR] DbExamplesSqlite:437 - Missing JSON key: board_cpn
2024-01-03 17:51:30,994 [ERROR] DbExamplesSqlite:437 - Missing JSON key: board_cpn
2024-01-03 17:51:30,995 [ERROR] DbExamplesSqlite:437 - Missing JSON key: board_cpn
2024-01-03 17:51:31,097 [INFO] DbExamplesSqlite:395 - Ignored 55 examples not supported by CubeIDE
2024-01-03 17:51:31,101 [INFO] DbExamplesSqlite:396 - Found 7560 examples active
2024-01-03 17:51:31,101 [INFO] DbExamplesSqlite:397 - Found 844 examples obsolete
2024-01-03 17:51:31,102 [INFO] DbExamplesSqlite:398 - Found 0 examples under development
2024-01-03 17:51:31,103 [INFO] DbExamplesSqlite:399 - Found 8 examples not building
2024-01-03 17:51:31,109 [INFO] DbExamples:125 - Found 7513 examples
2024-01-03 17:51:31,128 [INFO] DbExamples:222 - Found 95 boards with related examples
2024-01-03 17:51:31,129 [INFO] DbExamples:235 - Found 80 MCUs with related examples
2024-01-03 17:51:31,148 [INFO] ApiDb:414 - User favorites file not found: /Users/bentjh01/.stm32cubeide/favorites.examples.txt
2024-01-03 17:51:31,149 [INFO] DbExamples:250 - Set 0 / 0 favorites Examples
2024-01-03 17:51:31,416 [INFO] McuFinderGlobals:76 - Set McuFinderConnectedMode to true
2024-01-03 17:51:31,428 [INFO] MultiScanPanel:200 - Auto-refresh data requested => check proxy status ongoing
2024-01-03 17:51:31,431 [INFO] FinderPluginLoader:95 - Searching for filters in installed packs
2024-01-03 17:51:33,379 [INFO] LoadUrlFilesThread:185 - End of LoadServerUrlFiles without Thread
2024-01-03 17:51:33,426 [INFO] DetailPanel:341 - Set advertising image to /Users/bentjh01/STM32Cube/Repository//en.prom-stm32wl3-mcu-finder.jpg
2024-01-03 17:51:34,558 [ERROR] LogOutputStream:75 - [STDERR_REDIRECT] SLF4J: Failed to load class "org.slf4j.impl.StaticLoggerBinder".
2024-01-03 17:51:34,562 [ERROR] LogOutputStream:75 - [STDERR_REDIRECT] SLF4J: Defaulting to no-operation (NOP) logger implementation
2024-01-03 17:51:34,563 [ERROR] LogOutputStream:75 - [STDERR_REDIRECT] SLF4J: See http://www.slf4j.org/codes.html#StaticLoggerBinder for further details.
2024-01-03 23:12:17,781 [INFO] MainUpdater:2873 - connection check result : 10
2024-01-03 23:12:17,789 [INFO] MainUpdater:2873 - connection check result : 10
2024-01-03 23:12:18,462 [INFO] MicroXplorer:468 - Change Database Path : 
2024-01-03 23:12:18,464 [INFO] MicroXplorer:498 - Change Database Version : DB.6.0.100
2024-01-03 23:12:18,469 [WARN] ThirdParty:871 - waiting for thirdparty lock release [close project]
2024-01-03 23:12:18,470 [INFO] ThirdParty:873 - entering critical section [close project]
2024-01-03 23:12:18,476 [INFO] ThirdParty:883 - exiting critical section [close project]
2024-01-03 23:12:18,483 [INFO] PinOutPanel:1499 - setPackage(No Configuration,No Configuration)
2024-01-03 23:12:18,494 [INFO] UtilMem:75 - Begin LoadConfig() Used Memory: 248331840 Bytes (1006632960)
2024-01-03 23:12:18,496 [INFO] MicroXplorer:468 - Change Database Path : 
2024-01-03 23:12:18,496 [INFO] MicroXplorer:498 - Change Database Version : DB.6.0.100
2024-01-03 23:12:18,496 [INFO] OpenFileManager:312 - Change cursor
2024-01-03 23:12:18,651 [INFO] Mcu:2016 - Initializing MCU STM32F427IIHx STM32F427IIHx STM32F427IIH6
2024-01-03 23:12:21,297 [INFO] Context:659 - Trying to add GPIOservice into a context  which must be forbidden
2024-01-03 23:12:22,267 [INFO] ImportTextPane:194 - (OptionalMessage_ERROR) Unable to find key (Mcu.ThirdPartyNb) in loaded IOC file
2024-01-03 23:12:22,270 [INFO] ImportTextPane:194 - (OptionalMessage_ERROR) Unable to find key (Mcu.PinsNb) in loaded IOC file
2024-01-03 23:12:22,270 [INFO] ImportTextPane:194 - (OptionalMessage_ERROR) Unable to find key (Mcu.IPNb) in loaded IOC file
2024-01-03 23:12:22,424 [INFO] RtosManager:555 - Registered RTOS mode: class=CMSIS, group=RTOS, mode=CMSIS_V1, owner=FREERTOS
2024-01-03 23:12:22,424 [INFO] RtosManager:555 - Registered RTOS mode: class=CMSIS, group=RTOS2, mode=CMSIS_V2, owner=FREERTOS
2024-01-03 23:12:22,424 [INFO] RtosManager:555 - Registered RTOS mode: class=RTOS, group=Core, mode=CMSIS_V1, owner=FREERTOS
2024-01-03 23:12:22,424 [INFO] RtosManager:555 - Registered RTOS mode: class=RTOS, group=Core, mode=CMSIS_V2, owner=FREERTOS
2024-01-03 23:12:22,425 [WARN] ModelIntegratedComponent:184 - Missing modes for component STMicroelectronics:FreeRTOS:0.0.1:STMicroelectronics:RTOS:FreeRTOS:Core:::10.2.0:
2024-01-03 23:12:22,454 [WARN] ModelIntegratedComponent:63 - No mode defined for component null
2024-01-03 23:12:22,454 [WARN] ModelIntegratedComponent:63 - No mode defined for component null
2024-01-03 23:12:22,454 [WARN] ModelIntegratedComponent:63 - No mode defined for component null
2024-01-03 23:12:22,454 [WARN] ModelIntegratedComponent:63 - No mode defined for component null
2024-01-03 23:12:22,454 [WARN] ModelIntegratedComponent:63 - No mode defined for component null
2024-01-03 23:12:22,454 [WARN] ModelIntegratedComponent:63 - No mode defined for component null
2024-01-03 23:12:22,454 [WARN] ModelIntegratedComponent:63 - No mode defined for component null
2024-01-03 23:12:22,454 [WARN] ModelIntegratedComponent:63 - No mode defined for component null
2024-01-03 23:12:22,454 [WARN] ModelIntegratedComponent:63 - No mode defined for component null
2024-01-03 23:12:22,454 [WARN] ModelIntegratedComponent:63 - No mode defined for component null
2024-01-03 23:12:22,454 [WARN] ModelIntegratedComponent:63 - No mode defined for component null
2024-01-03 23:12:22,454 [WARN] ModelIntegratedComponent:63 - No mode defined for component null
2024-01-03 23:12:22,454 [WARN] ModelIntegratedComponent:63 - No mode defined for component null
2024-01-03 23:12:22,454 [WARN] ModelIntegratedComponent:63 - No mode defined for component null
2024-01-03 23:12:22,454 [WARN] ModelIntegratedComponent:63 - No mode defined for component null
2024-01-03 23:12:22,454 [WARN] ModelIntegratedComponent:63 - No mode defined for component null
2024-01-03 23:12:22,455 [WARN] ModelIntegratedComponent:63 - No mode defined for component null
2024-01-03 23:12:22,455 [WARN] ModelIntegratedComponent:63 - No mode defined for component null
2024-01-03 23:12:22,455 [WARN] ModelIntegratedComponent:63 - No mode defined for component null
2024-01-03 23:12:22,455 [WARN] ModelIntegratedComponent:63 - No mode defined for component null
2024-01-03 23:12:22,455 [WARN] ModelIntegratedComponent:63 - No mode defined for component null
2024-01-03 23:12:22,455 [WARN] ModelIntegratedComponent:63 - No mode defined for component null
2024-01-03 23:12:22,456 [WARN] ModelIntegratedComponent:63 - No mode defined for component null
2024-01-03 23:12:22,456 [WARN] ModelIntegratedComponent:63 - No mode defined for component null
2024-01-03 23:12:22,456 [WARN] ModelIntegratedComponent:63 - No mode defined for component null
2024-01-03 23:12:22,456 [WARN] ModelIntegratedComponent:63 - No mode defined for component null
2024-01-03 23:12:22,456 [WARN] ModelIntegratedComponent:63 - No mode defined for component null
2024-01-03 23:12:22,456 [WARN] ModelIntegratedComponent:63 - No mode defined for component null
2024-01-03 23:12:22,456 [WARN] ModelIntegratedComponent:63 - No mode defined for component null
2024-01-03 23:12:22,456 [WARN] ModelIntegratedComponent:63 - No mode defined for component null
2024-01-03 23:12:22,456 [WARN] ModelIntegratedComponent:63 - No mode defined for component null
2024-01-03 23:12:22,456 [WARN] ModelIntegratedComponent:63 - No mode defined for component null
2024-01-03 23:12:22,456 [WARN] ModelIntegratedComponent:63 - No mode defined for component null
2024-01-03 23:12:22,652 [INFO] ThirdPartyModel:298 - Start build external matchings
2024-01-03 23:12:22,886 [INFO] ThirdPartyModel:316 - End build external matchings
2024-01-03 23:12:23,402 [INFO] UtilMem:75 - End LoadConfig() Used Memory: 549573392 Bytes (748683264)
2024-01-03 23:12:23,445 [INFO] MicroXplorer:468 - Change Database Path : 
2024-01-03 23:12:23,448 [INFO] MicroXplorer:498 - Change Database Version : DB.6.0.100
2024-01-03 23:12:23,450 [WARN] ThirdParty:833 - waiting for thirdparty lock release [change project]
2024-01-03 23:12:23,450 [INFO] ThirdParty:835 - entering critical section [change project]
2024-01-03 23:12:23,451 [INFO] ThirdParty:1030 - CMSIS Pack Vendor :STMicroelectronics USBPD 4.1
2024-01-03 23:12:23,451 [INFO] ThirdParty:1030 - CMSIS Pack Vendor :STMicroelectronics X-CUBE-GNSS1 6.0.0
2024-01-03 23:12:23,451 [INFO] ThirdParty:1030 - CMSIS Pack Vendor :STMicroelectronics USB_HOST 2.0.0
2024-01-03 23:12:23,451 [INFO] ThirdParty:1030 - CMSIS Pack Vendor :STMicroelectronics X-CUBE-AZRTOS-F4 1.1.0
2024-01-03 23:12:23,451 [INFO] ThirdParty:1030 - CMSIS Pack Vendor :STMicroelectronics LIBJPEG 8.0.0
2024-01-03 23:12:23,451 [INFO] ThirdParty:1030 - CMSIS Pack Vendor :STMicroelectronics X-CUBE-SMBUS 2.1.0
2024-01-03 23:12:23,451 [INFO] ThirdParty:1030 - CMSIS Pack Vendor :STMicroelectronics USB_DEVICE 3.0.0
2024-01-03 23:12:23,451 [INFO] ThirdParty:1030 - CMSIS Pack Vendor :STMicroelectronics X-CUBE-AZRTOS-WB 2.0.0
2024-01-03 23:12:23,451 [INFO] ThirdParty:1030 - CMSIS Pack Vendor :wolfSSL I-CUBE-wolfSSL 5.6.6
2024-01-03 23:12:23,452 [INFO] ThirdParty:1030 - CMSIS Pack Vendor :STMicroelectronics X-CUBE-TOUCHGFX 4.23.0
2024-01-03 23:12:23,452 [INFO] ThirdParty:1030 - CMSIS Pack Vendor :STMicroelectronics X-CUBE-AZRTOS-F7 1.1.0
2024-01-03 23:12:23,452 [INFO] ThirdParty:1030 - CMSIS Pack Vendor :STMicroelectronics X-CUBE-AZRTOS-L5 2.0.0
2024-01-03 23:12:23,452 [INFO] ThirdParty:1030 - CMSIS Pack Vendor :STMicroelectronics USB_DEVICE 2.0.0
2024-01-03 23:12:23,452 [INFO] ThirdParty:1030 - CMSIS Pack Vendor :STMicroelectronics X-CUBE-EEPRMA1 4.2.0
2024-01-03 23:12:23,452 [INFO] ThirdParty:1030 - CMSIS Pack Vendor :ITTIA_DB I-CUBE-ITTIADB 8.8.0
2024-01-03 23:12:23,452 [INFO] ThirdParty:1030 - CMSIS Pack Vendor :STMicroelectronics FP-SNS-MOTENV1 4.3.2
2024-01-03 23:12:23,452 [INFO] ThirdParty:1030 - CMSIS Pack Vendor :STMicroelectronics X-CUBE-ALGOBUILD 1.3.0
2024-01-03 23:12:23,452 [INFO] ThirdParty:1030 - CMSIS Pack Vendor :STMicroelectronics FreeRTOS 0.0.1
2024-01-03 23:12:23,452 [INFO] ThirdParty:1030 - CMSIS Pack Vendor :STMicroelectronics X-CUBE-AZRTOS-G0 1.1.0
2024-01-03 23:12:23,452 [INFO] ThirdParty:1030 - CMSIS Pack Vendor :STMicroelectronics X-CUBE-NFC4 3.0.0
2024-01-03 23:12:23,452 [INFO] ThirdParty:1030 - CMSIS Pack Vendor :STMicroelectronics X-CUBE-SUBG2 5.0.0
2024-01-03 23:12:23,452 [INFO] ThirdParty:1030 - CMSIS Pack Vendor :STMicroelectronics STM32_WPAN 1.0.0
2024-01-03 23:12:23,452 [INFO] ThirdParty:1030 - CMSIS Pack Vendor :STMicroelectronics lwIP 2.0.3
2024-01-03 23:12:23,452 [INFO] ThirdParty:1030 - CMSIS Pack Vendor :STMicroelectronics FP-SNS-FLIGHT1 5.0.2
2024-01-03 23:12:23,452 [INFO] ThirdParty:1030 - CMSIS Pack Vendor :STMicroelectronics USB_HOST 1.0.0
2024-01-03 23:12:23,452 [INFO] ThirdParty:1030 - CMSIS Pack Vendor :STMicroelectronics X-CUBE-AZRTOS-G4 2.0.0
2024-01-03 23:12:23,452 [INFO] ThirdParty:1030 - CMSIS Pack Vendor :STMicroelectronics PDM2PCM 3.1.0
2024-01-03 23:12:23,452 [INFO] ThirdParty:1030 - CMSIS Pack Vendor :Infineon AIROC-Wi-Fi-Bluetooth-STM32 1.5.1
2024-01-03 23:12:23,452 [INFO] ThirdParty:1030 - CMSIS Pack Vendor :STMicroelectronics X-CUBE-BLEMGR 3.0.0
2024-01-03 23:12:23,452 [INFO] ThirdParty:1030 - CMSIS Pack Vendor :STMicroelectronics PDM2PCM 3.3.0
2024-01-03 23:12:23,452 [INFO] ThirdParty:1030 - CMSIS Pack Vendor :STMicroelectronics X-CUBE-DISPLAY 3.0.0
2024-01-03 23:12:23,452 [INFO] ThirdParty:1030 - CMSIS Pack Vendor :STMicroelectronics FP-SNS-MOTENVWB1 1.3.1
2024-01-03 23:12:23,452 [INFO] ThirdParty:1030 - CMSIS Pack Vendor :STMicroelectronics X-CUBE-BLE1 7.0.0
2024-01-03 23:12:23,452 [INFO] ThirdParty:1030 - CMSIS Pack Vendor :STMicroelectronics FP-ATR-SIGFOX1 3.2.0
2024-01-03 23:12:23,452 [INFO] ThirdParty:1030 - CMSIS Pack Vendor :STMicroelectronics X-CUBE-ISPU 2.0.0
2024-01-03 23:12:23,452 [INFO] ThirdParty:1030 - CMSIS Pack Vendor :STMicroelectronics HAL Drivers 0.0.0
2024-01-03 23:12:23,452 [INFO] ThirdParty:1030 - CMSIS Pack Vendor :STMicroelectronics MBEDTLS 2.16.2
2024-01-03 23:12:23,452 [INFO] ThirdParty:1030 - CMSIS Pack Vendor :emotas I-CUBE-CANOPEN 1.3.0
2024-01-03 23:12:23,452 [INFO] ThirdParty:1030 - CMSIS Pack Vendor :STMicroelectronics X-CUBE-MEMS1 10.0.0
2024-01-03 23:12:23,452 [INFO] ThirdParty:1030 - CMSIS Pack Vendor :STMicroelectronics X-CUBE-FREERTOS 1.1.0
2024-01-03 23:12:23,452 [INFO] ThirdParty:1030 - CMSIS Pack Vendor :STMicroelectronics X-CUBE-NFC7 1.0.1
2024-01-03 23:12:23,452 [INFO] ThirdParty:1030 - CMSIS Pack Vendor :STMicroelectronics MBEDTLS 2.14.1
2024-01-03 23:12:23,452 [INFO] ThirdParty:1030 - CMSIS Pack Vendor :STMicroelectronics X-CUBE-NFC6 3.0.0
2024-01-03 23:12:23,452 [INFO] ThirdParty:1030 - CMSIS Pack Vendor :portGmbH I-Cube-SoM-uGOAL 1.1.0
2024-01-03 23:12:23,452 [INFO] ThirdParty:1030 - CMSIS Pack Vendor :STMicroelectronics X-CUBE-ALS 1.0.1
2024-01-03 23:12:23,452 [INFO] ThirdParty:1030 - CMSIS Pack Vendor :STMicroelectronics ThreadX 1.0.0
2024-01-03 23:12:23,452 [INFO] ThirdParty:1030 - CMSIS Pack Vendor :STMicroelectronics FP-SNS-SMARTAG2 1.2.0
2024-01-03 23:12:23,452 [INFO] ThirdParty:1030 - CMSIS Pack Vendor :STMicroelectronics X-CUBE-AZRTOS-WL 2.0.0
2024-01-03 23:12:23,452 [INFO] ThirdParty:1030 - CMSIS Pack Vendor :SEGGER I-CUBE-embOS 1.3.1
2024-01-03 23:12:23,452 [INFO] ThirdParty:1030 - CMSIS Pack Vendor :STMicroelectronics USB_DEVICE 1.0.0
2024-01-03 23:12:23,452 [INFO] ThirdParty:1030 - CMSIS Pack Vendor :STMicroelectronics X-CUBE-AI 8.1.0
2024-01-03 23:12:23,452 [INFO] ThirdParty:1030 - CMSIS Pack Vendor :STMicroelectronics X-CUBE-AZRTOS-L4 2.0.0
2024-01-03 23:12:23,452 [INFO] ThirdParty:1030 - CMSIS Pack Vendor :STMicroelectronics ThreadX 0.0.2
2024-01-03 23:12:23,452 [INFO] ThirdParty:1030 - CMSIS Pack Vendor :WES I-CUBE-Cesium 1.3.0
2024-01-03 23:12:23,452 [INFO] ThirdParty:1030 - CMSIS Pack Vendor :STMicroelectronics FP-ATR-ASTRA1 2.0.0
2024-01-03 23:12:23,452 [INFO] ThirdParty:1030 - CMSIS Pack Vendor :STMicroelectronics lwIP 2.1.2
2024-01-03 23:12:23,453 [INFO] ThirdParty:1030 - CMSIS Pack Vendor :STMicroelectronics X-CUBE-SFXS2LP1 4.0.0
2024-01-03 23:12:23,453 [INFO] ThirdParty:1030 - CMSIS Pack Vendor :STMicroelectronics X-CUBE-BLE2 3.3.0
2024-01-03 23:12:23,453 [INFO] ThirdParty:1030 - CMSIS Pack Vendor :STMicroelectronics X-CUBE-TOF1 3.4.0
2024-01-03 23:12:23,453 [INFO] ThirdParty:1030 - CMSIS Pack Vendor :STMicroelectronics X-CUBE-AZRTOS-H7 3.2.0
2024-01-03 23:12:23,453 [INFO] ThirdParty:1030 - CMSIS Pack Vendor :STMicroelectronics PDM2PCM 3.2.0
2024-01-03 23:12:23,454 [INFO] ThirdParty:841 - exiting critical section [change project]
2024-01-03 23:12:24,422 [INFO] PinOutPanel:1499 - setPackage(No Configuration,No Configuration)
2024-01-03 23:12:24,427 [INFO] PinOutPanel:1499 - setPackage(STM32F427IIHx,UFBGA176)
2024-01-03 23:12:25,313 [INFO] UtilMem:75 - Before build in PCC Used Memory: 260817680 Bytes (748683264)
2024-01-03 23:12:26,896 [INFO] UtilMem:75 - After build in PCC Used Memory: 567394440 Bytes (748683264)
2024-01-03 23:12:26,983 [INFO] IPUIPlugin:80 - create IPUIPlugin
2024-01-03 23:12:26,984 [INFO] IPUIPlugin:80 - create IPUIPlugin
2024-01-03 23:12:26,985 [INFO] IPUIPlugin:80 - create IPUIPlugin
2024-01-03 23:12:26,986 [INFO] IPUIPlugin:80 - create IPUIPlugin
2024-01-03 23:12:26,986 [INFO] IPUIPlugin:80 - create IPUIPlugin
2024-01-03 23:12:26,987 [INFO] IPUIPlugin:80 - create IPUIPlugin
2024-01-03 23:12:26,987 [INFO] IPUIPlugin:80 - create IPUIPlugin
2024-01-03 23:12:26,988 [INFO] IPUIPlugin:80 - create IPUIPlugin
2024-01-03 23:12:26,988 [INFO] IPUIPlugin:80 - create IPUIPlugin
2024-01-03 23:12:26,988 [INFO] IPUIPlugin:80 - create IPUIPlugin
2024-01-03 23:12:26,989 [INFO] IPUIPlugin:80 - create IPUIPlugin
2024-01-03 23:12:26,989 [INFO] IPUIPlugin:80 - create IPUIPlugin
2024-01-03 23:12:26,989 [INFO] IPUIPlugin:80 - create IPUIPlugin
2024-01-03 23:12:26,990 [INFO] IPUIPlugin:80 - create IPUIPlugin
2024-01-03 23:12:26,997 [INFO] IPUIPlugin:80 - create IPUIPlugin
2024-01-03 23:12:26,998 [INFO] IPUIPlugin:80 - create IPUIPlugin
2024-01-03 23:12:26,998 [INFO] IPUIPlugin:80 - create IPUIPlugin
2024-01-03 23:12:26,998 [INFO] IPUIPlugin:80 - create IPUIPlugin
2024-01-03 23:12:26,998 [INFO] IPUIPlugin:80 - create IPUIPlugin
2024-01-03 23:12:26,998 [INFO] IPUIPlugin:80 - create IPUIPlugin
2024-01-03 23:12:26,998 [INFO] IPUIPlugin:80 - create IPUIPlugin
2024-01-03 23:12:26,999 [INFO] IPUIPlugin:80 - create IPUIPlugin
2024-01-03 23:12:26,999 [INFO] IPUIPlugin:80 - create IPUIPlugin
2024-01-03 23:12:26,999 [INFO] IPUIPlugin:80 - create IPUIPlugin
2024-01-03 23:12:26,999 [INFO] IPUIPlugin:80 - create IPUIPlugin
2024-01-03 23:12:26,999 [INFO] IPUIPlugin:80 - create IPUIPlugin
2024-01-03 23:12:26,999 [INFO] IPUIPlugin:80 - create IPUIPlugin
2024-01-03 23:12:27,000 [INFO] IPUIPlugin:80 - create IPUIPlugin
2024-01-03 23:12:27,000 [INFO] IPUIPlugin:80 - create IPUIPlugin
2024-01-03 23:12:27,000 [INFO] IPUIPlugin:80 - create IPUIPlugin
2024-01-03 23:12:27,000 [INFO] IPUIPlugin:80 - create IPUIPlugin
2024-01-03 23:12:27,000 [INFO] IPUIPlugin:80 - create IPUIPlugin
2024-01-03 23:12:27,000 [INFO] IPUIPlugin:80 - create IPUIPlugin
2024-01-03 23:12:27,000 [INFO] IPUIPlugin:80 - create IPUIPlugin
2024-01-03 23:12:27,000 [INFO] IPUIPlugin:80 - create IPUIPlugin
2024-01-03 23:12:27,001 [INFO] IPUIPlugin:80 - create IPUIPlugin
2024-01-03 23:12:27,001 [INFO] IPUIPlugin:80 - create IPUIPlugin
2024-01-03 23:12:27,001 [INFO] IPUIPlugin:80 - create IPUIPlugin
2024-01-03 23:12:27,001 [INFO] IPUIPlugin:80 - create IPUIPlugin
2024-01-03 23:12:27,001 [INFO] IPUIPlugin:80 - create IPUIPlugin
2024-01-03 23:12:27,001 [INFO] IPUIPlugin:80 - create IPUIPlugin
2024-01-03 23:12:27,001 [INFO] IPUIPlugin:80 - create IPUIPlugin
2024-01-03 23:12:27,001 [INFO] IPUIPlugin:80 - create IPUIPlugin
2024-01-03 23:12:27,001 [INFO] IPUIPlugin:80 - create IPUIPlugin
2024-01-03 23:12:27,002 [INFO] IPUIPlugin:80 - create IPUIPlugin
2024-01-03 23:12:27,002 [INFO] IPUIPlugin:80 - create IPUIPlugin
2024-01-03 23:12:27,002 [INFO] IPUIPlugin:80 - create IPUIPlugin
2024-01-03 23:12:27,002 [INFO] IPUIPlugin:80 - create IPUIPlugin
2024-01-03 23:12:27,002 [INFO] IPUIPlugin:80 - create IPUIPlugin
2024-01-03 23:12:27,002 [INFO] IPUIPlugin:80 - create IPUIPlugin
2024-01-03 23:12:27,002 [INFO] IPUIPlugin:80 - create IPUIPlugin
2024-01-03 23:12:27,003 [INFO] IPUIPlugin:80 - create IPUIPlugin
2024-01-03 23:12:27,004 [INFO] IPUIPlugin:80 - create IPUIPlugin
2024-01-03 23:12:27,004 [INFO] IPUIPlugin:80 - create IPUIPlugin
2024-01-03 23:12:27,005 [INFO] IPUIPlugin:80 - create IPUIPlugin
2024-01-03 23:12:27,007 [INFO] IPUIPlugin:80 - create IPUIPlugin
2024-01-03 23:12:27,009 [INFO] IPUIPlugin:80 - create IPUIPlugin
2024-01-03 23:12:27,010 [INFO] IPUIPlugin:80 - create IPUIPlugin
2024-01-03 23:12:27,010 [INFO] IPUIPlugin:80 - create IPUIPlugin
2024-01-03 23:12:27,010 [INFO] IPUIPlugin:80 - create IPUIPlugin
2024-01-03 23:12:27,010 [INFO] IPUIPlugin:80 - create IPUIPlugin
2024-01-03 23:12:27,018 [INFO] IPUIPlugin:80 - create IPUIPlugin
2024-01-03 23:12:27,019 [INFO] IPUIPlugin:80 - create IPUIPlugin
2024-01-03 23:12:27,019 [INFO] IPUIPlugin:80 - create IPUIPlugin
2024-01-03 23:12:27,020 [INFO] IPUIPlugin:80 - create IPUIPlugin
2024-01-03 23:12:27,066 [INFO] ApiDbMcu:508 - Load IP Config File for PDM2PCM
2024-01-03 23:12:27,479 [INFO] CADModel:165 - CPN selected for project levelSTM32F427IIH6
2024-01-03 23:12:27,481 [INFO] CADModel:114 - Register for checkConnection events
2024-01-03 23:12:27,551 [INFO] OpenFileManager:343 - Restore cursor
2024-01-03 23:12:28,796 [INFO] UtilMem:75 - End SaveConfig() Used Memory: 328809400 Bytes (748683264)
2024-01-03 23:12:28,861 [ERROR] ConfigurationRetriever:142 - IOException on connection: sw-center.st.com
2024-01-03 23:12:28,864 [ERROR] ConfigurationRetriever:142 - IOException on connection: sw-center.st.com
2024-01-03 23:12:28,864 [ERROR] ConfigurationRetriever:142 - IOException on connection: sw-center.st.com
2024-01-03 23:12:29,121 [ERROR] AdobePublisher:162 - Exception while opening the connection: java.net.UnknownHostException: stmicroelectronics.d3.sc.omtrdc.net
2024-01-03 23:12:29,124 [ERROR] AdobePublisher:162 - Exception while opening the connection: java.net.UnknownHostException: stmicroelectronics.d3.sc.omtrdc.net
2024-01-03 23:12:29,124 [ERROR] AdobePublisher:162 - Exception while opening the connection: java.net.UnknownHostException: stmicroelectronics.d3.sc.omtrdc.net
2024-01-03 23:12:29,124 [ERROR] AdobePublisher:162 - Exception while opening the connection: java.net.UnknownHostException: stmicroelectronics.d3.sc.omtrdc.net
2024-01-03 23:12:29,125 [ERROR] AdobePublisher:162 - Exception while opening the connection: java.net.UnknownHostException: stmicroelectronics.d3.sc.omtrdc.net
2024-01-03 23:13:31,162 [ERROR] ConfigurationRetriever:142 - IOException on connection: sw-center.st.com
2024-01-03 23:13:31,169 [ERROR] ConfigurationRetriever:142 - IOException on connection: sw-center.st.com
2024-01-03 23:13:31,169 [ERROR] ConfigurationRetriever:142 - IOException on connection: sw-center.st.com
2024-01-03 23:13:31,463 [INFO] McuFinderGlobals:76 - Set McuFinderConnectedMode to true
2024-01-03 23:13:31,473 [INFO] ApiDb:448 - Save user favorites file /Users/bentjh01/.stm32cubeide/favorites.mcus.txt: 0 item(s)
2024-01-03 23:13:31,473 [INFO] ApiDb:452 - User favorites MCUs=[]
